I_ITEM_ID|I_ITEM_DESC|I_CATEGORY|I_CLASS|I_CURRENT_PRICE|ITEMREVENUE|REVENUERATIO|
 AAAAAAAAAAKAAAAA|Small, political activities help great, bad policies. Therefore square features provide on a machines. Rules make over me|Books                                             |arts                                              |2.42|2742.6|3.71752049271988958858409721019239856114E00|
 AAAAAAAABHDCAAAA|Minor heads close common children; recently strong firms provide. Useful, young men ought to create changes. Popular, common regulations might decide. Points fit. Obvious, glad officials |Books                                             |arts                                              |3.88|4258.84|5.77274300853758279568493275091365663535E00|
 AAAAAAAACKEAAAAA|Legs appear eventually soci|Books                                             |arts                                              |35.27|4010.65|5.4363281426846879524738603792234169362E00|
 AAAAAAAACMDCAAAA|Black, powerful others go now years. Diverse orders might not mean away medium minutes; tight authorities ought to put however for the things|Books                                             |arts                                              |2.75|1156.4|1.56746907962564002050559688393002614165E00|
 AAAAAAAACNEDAAAA|Particularly labour stores get farmers. Hence true records see rel|Books                                             |arts                                              |6.89|6606.82|8.95536671104485558654167036033083302767E00|
 AAAAAAAADCCDAAAA|Glad users understand very almost original jobs. Towns can understand. Supreme, following days work by a parents; german, crucial weapons work sure; fair pictur|Books                                             |arts                                              |7.18|10391.81|1.40858187965621949338380030736707756478E01|
 AAAAAAAADJFCAAAA|Significant, preliminary boys can remain lightly more pale discussion|Books                                             |arts                                              |2.74|8279.54|1.12226936557624278583335434316620621246E01|
 AAAAAAAADPCCAAAA|Especially true items might supply particularly. Black, automatic words might develop post-war problems. Fresh, visible workers could not appe|Books                                             |arts                                              |4.23|351.78|4.76828323098156041519767270692584396499E-01|
 AAAAAAAAEDKDAAAA|Times live now to a sales. British years bring all financ|Books                                             |arts                                              |4.24|11699.92|1.58589266984552215398770694346511513795E01|
 AAAAAAAAEGAEAAAA|Far injuries pay so various arms. Courses could go anywhere universal possibilities; talks stand since mean, colonial scho|Books                                             |arts                                              |9.57|51.84|7.02677249116163772596075254781499093595E-02|
 AAAAAAAAFCFBAAAA|Golden estates meet as yet hands. About solid proteins used to tell. Once causal boots imagine frequently new elections; flexible, other ways find re|Books                                             |arts                                              |9.76|59.01|7.9986466956683688697712964476574578536E-02|
 AAAAAAAAGHOBAAAA|Fully existing proceedings could not tak|Books                                             |arts                                              |8.66|625.65|8.48051737865601590132589666578018726674E-01|
 AAAAAAAAIEPCAAAA|New, popular years should think. Shareholders speak also friends; special members could not identify social eyes; indoors full |Books                                             |arts                                              |.91|1390.83|1.88523263577977249197492157910446061795E00|
 AAAAAAAAIHKBAAAA|Very historic arms may happen even able exis|Books                                             |arts                                              |9.19|13439.76|1.82172329968778032877813047187542443251E01|
 AAAAAAAAIIPDAAAA|Af|Books                                             |arts                                              |6.04|109.23|1.48058325464812054167957754783532303228E-01|
 AAAAAAAAIJGAAAAA|Then western animals could teach somewhere. Today waiting servants confuse|Books                                             |arts                                              |4.1|868.5|1.17722837742551743151946635566692122451E00|
 AAAAAAAAKKIAAAAA|Naked, popular schemes campaign then offices. Underlying shares may join|Books                                             |arts                                              |79.28|1841.04|2.49548017498615384240022837010596275323E00|
 AAAAAAAAKNBCAAAA|Early, powerful towns add mainly english savings. Years assist then new, public colleagues. Things might encounter then right new features|Books                                             |arts                                              |6.89|365.6|4.95560961182232784068528381844359700267E-01|
 AAAAAAAAOKPBAAAA|Just good settings must not make; payments assure to a bishops. Principal, sorry amounts would safeguard very so other leaders; tory, substantial stairs m|Books                                             |arts                                              |2.6|5525.16|7.48920569005915013463914188794087101074E00|
 AAAAAAAAABMBAAAA|Situations retain; units might sit operations; girls shall make. Ca|Books                                             |business                                          |3.16|1204.56|9.6896576161701510827542418998859259525E-01|
 AAAAAAAAACEBAAAA|Prese|Books                                             |business                                          |15.17|17499.32|1.40767101112272239029573421301978964717E01|
 AAAAAAAAAKBDAAAA|Essential students change even despite a powers. General connections will not maximi|Books                                             |business                                          |3.1|84.8|6.8214365897193067328946645506270050539E-02|
 AAAAAAAABIPBAAAA|Ultimate, other objects might not install good |Books                                             |business                                          |2.57|7199.93|5.79172947469548680723706157287687411529E00|
 AAAAAAAABKACAAAA|Total pp. accept with a questions; able, generous a|Books                                             |business                                          |5.25|3702.38|2.97824886804775552614794199751773714286E00|
 AAAAAAAABMDDAAAA|Head facts resolve even. Characteristics put. Toxic, genuine officials shall not meet. Difficult chil|Books                                             |business                                          |3.85|333.9|2.68594065720197702607727416680938323997E-01|
 AAAAAAAACDBCAAAA|Tiny years could run too above tough volumes. New germans must not leave as possible sales; inj|Books                                             |business                                          |1.22|799.89|6.43443268130964181907442597570876777425E-01|
 AAAAAAAACEPBAAAA|Long, married artists would see negative feelings. Emot|Books                                             |business                                          |1.73|2686.56|2.1611083354335260255100813673505290917E00|
 AAAAAAAACPODAAAA|Cells stay economic, thin members. Soon special conservatives solve to the figu|Books                                             |business                                          |2.93|2431.81|1.95618369259968246534440733500710579718E00|
 AAAAAAAADHNCAAAA|Originally major industries matter mediterranean bodies. Cases should not |Books                                             |business                                          |45.06|2186.1|1.75853095858318118499776252053369053636E00|
 AAAAAAAAEILDAAAA|Bad, able systems shall fall else. Nuclear, economic ways put in an paths. Serious, labour women must not muster however. Wide new readers ought to help |Books                                             |business                                          |1.36|293.23|2.35878520189079282227205481860891119334E-01|
 AAAAAAAAFGJCAAAA|Secondary, red structures may seek eyes. High true titles should make now junior fat thoughts. Partly excellent authorities receive direct, net parties. Parents look most also other issues. Empty, con|Books                                             |business                                          |8.59|3319.89|2.67056829243434306951293253478550563778E00|
 AAAAAAAAFLMDAAAA|Significantly relevant colleges extract knowingly broad investors. Entire members stay. Mediterranean legs would cut on the knees. Forthcoming, particular students u|Books                                             |business                                          |4.81|347.7|2.7969498847233525365890033776568510109E-01|
 AAAAAAAAFNOCAAAA|Wonderful systems ask also very parliamentary orders; british companies|Books                                             |business                                          |87.12|105.98|8.52518690776476565509642156928596692939E-02|
 AAAAAAAAGFDCAAAA|Particularly medieval blocks would not find slightly with a carers. Years respond about at a sec|Books                                             |business                                          |6|51.4|4.13469151782514582630643582431872711993E-02|
 AAAAAAAAGONBAAAA|Ever top offers might struggle far, automatic men. Long-term, long goods dare however; new, other gr|Books                                             |business                                          |2.3|1233.76|9.92454670628784419195297327356317659823E-01|
 AAAAAAAAIBKDAAAA|Hundreds drop nearly unacceptable accidents. Then strong methods tell large unions. Short companies should help so. Moves shall not set later chief problems. R|Books                                             |business                                          |.78|1158.21|9.31681140634292246592680357214823528712E-01|
 AAAAAAAAIJECAAAA|Difficult, royal units put particularly significant, other plans. Essential, contemporary journals will need players. Alternatively parental|Books                                             |business                                          |4.34|10631.67|8.5522715504505969119002615876137512761E00|
 AAAAAAAAIKEAAAAA|All |Books                                             |business                                          |9.44|2.07|1.66513841282063265767593816271201656386E-03|
 AAAAAAAAIPADAAAA|Orders go into the documents. Social, existing specialists will seem twice associated wishes. Finally nation|Books                                             |business                                          |5.15|1755.92|1.41248784629951946679533011529917107479E00|
 AAAAAAAAKAJDAAAA|Short neighbours implement innocently tiny titles. Briefly simple years should not tell potentially successful, whole years. Orange workers carry; home hot feet l|Books                                             |business                                          |4.43|17638.2|1.41884272236777212283187113534043915733E01|
 AAAAAAAAKMAAAAAA|Plans consult interested, light boys. Selective, other problems create scientific, young parties. Sufficient speakers might not kiss too social, basic interests. Dual, other times s|Books                                             |business                                          |.19|3867.73|3.11125883740036016863427841065997479447E00|
 AAAAAAAALDFAAAAA|Hands may not allow only in a lands; linear, other pubs say; social, precise women identify for a patients. Preferences develop alone now rich motives. Ever good tas|Books                                             |business                                          |3.68|470.96|3.78847143430920365439159341599445082569E-01|
 AAAAAAAALGBBAAAA|Modern records retain about there civil plans. Social bodies survive. Great, living losses bother late, coherent others. About british sports ought to use cautiously from |Books                                             |business                                          |1.94|229.35|1.84492509652372995187428221071498067112E-01|
 AAAAAAAALPDCAAAA|So small edges will understand currently in a things. New trains point usually systems. Years look growing questions. Different cases could sell just alive, late rules; big, large results will make |Books                                             |business                                          |4.12|6151.95|4.94871896558062370936690230922521270534E00|
 AAAAAAAAMIGCAAAA|Carefully physical hotels must put together; similar details cannot appreciate by a standards. Rates can break m|Books                                             |business                                          |6.63|25528.76|2.05357096172361614328363203530029082004E01|
 AAAAAAAAMIMCAAAA|About likely houses like international members. Final, relevant birds answer after the paintings. Hungry, personal days borrow tiny, primary resources. As social relations could choose quite also |Books                                             |business                                          |.77|417.22|3.35617897872958626780461314128844227428E-01|
 AAAAAAAAMKHAAAAA|Unions shall see enough over true attitudes; of course full variable|Books                                             |business                                          |8.9|633.16|5.09323206503145784315988892320164448104E-01|
 AAAAAAAAMKNDAAAA|Special, clear elements would buy at a games. Things should spot today strange, only devices. Armies should like at a patients. Hands could perform simply narrow values. N|Books                                             |business                                          |1.28|11196.3|9.00646821809838136480053451747466234492E00|
 AAAAAAAANACBAAAA|New teachers might demand never assets. Deeply bright ministers make generally never prime imports. Odd writings step common readers; talks take young, r|Books                                             |business                                          |2.95|1151.28|9.26106546817457954651765259887483299346E-01|
 AAAAAAAAAHKDAAAA|Decisions play actually exclusive activities. Well assistant e|Books                                             |computers                                         |8.77|822.69|9.84914829032534190200894179929018706666E-01|
 AAAAAAAABHEEAAAA|Subjects may remain officials. Forward, straight objects used to see wh|Books                                             |computers                                         |6.97|5663.04|6.77972513754196893176685237052259064361E00|
 AAAAAAAAEAPAAAAA|Just distinct children think individuals; popular arguments develop here cautious methods; appropriate children might beat. Proper, empirical hundreds fall oth|Books                                             |computers                                         |4.01|9320.46|1.11583455097358344192828722462424749234E01|
 AAAAAAAAEDMAAAAA|Books understand. Principles produce just at a premises. Years |Books                                             |computers                                         |44.48|787.29|9.42534363793195301514862194649645841776E-01|
 AAAAAAAAEMHAAAAA|Boots recommend usually just local centres; c|Books                                             |computers                                         |7.56|765.23|9.16124390257042310429724748455776762695E-01|
 AAAAAAAAFEEAAAAA|Capital, united feelings paint only things. Greatly financial economies should not pay somewhere soviet necessary armies; educational concepts mus|Books                                             |computers                                         |3.83|78.76|9.42905492161110416076802022769323965734E-02|
 AAAAAAAAGENAAAAA|Genera|Books                                             |computers                                         |2.84|4719.74|5.65041742962478323409640119216009280604E00|
 AAAAAAAAGHCBAAAA|Hundreds would meet regardless german, foreign scien|Books                                             |computers                                         |9.77|2451.75|2.93520637430929718463217287877690456195E00|
 AAAAAAAAGMBDAAAA|Vulnerable b|Books                                             |computers                                         |.58|31.86|3.81424187154049998174287867514355784006E-02|
 AAAAAAAAGNGBAAAA|Brilliant, massive prisons take still national others. Only northern guidelines go right by the lips. General, spiritual walls shall reach in a languages. British nations eat substantial polici|Books                                             |computers                                         |3.42|2248.01|2.69129123340921511737533229457296593221E00|
 AAAAAAAAIGCEAAAA|Concerned numbers can attempt now particular, white friends; un|Books                                             |computers                                         |3.38|1297.25|1.55305250089639472734336138145950420842E00|
 AAAAAAAAIGJAAAAA|Probably terrible students may go. There whole issues get academic, soviet charts. |Books                                             |computers                                         |4.11|84.42|1.01066634901270875222452547945894272711E-01|
 AAAAAAAAIILCAAAA|At least low personnel might a|Books                                             |computers                                         |9.13|529.2|6.33552039679608471543732390108590963264E-01|
 AAAAAAAAJBADAAAA|Mean, good relations wake however strictly white possibilities. About aw|Books                                             |computers                                         |6.42|5473.02|6.55223541989283967673521966309924511293E00|
 AAAAAAAAJJGBAAAA|Strangers gain officially enough labour problems. Overall systems may not help below lives. Heroes find just apparently generous couple|Books                                             |computers                                         |7.15|7846.4|9.39361814841662870582150760723365104715E00|
 AAAAAAAALCDAAAAA|Clearly actual places would supply apparently only rats.|Books                                             |computers                                         |4.34|4611.2|5.52047461332314925166753363051537159826E00|
 AAAAAAAALDBBAAAA|Mines should talk outside trees. Regular eyes encourage with an victims. Civil functions try actions. Movies fit secretly for a regions. Whole, imperial customs forget|Books                                             |computers                                         |7.44|5240.16|6.27345815617440878353099909552425174236E00|
 AAAAAAAAMJEAAAAA|Local pro|Books                                             |computers                                         |1.04|843.52|1.00985226097986269447575424358351974553E00|
 AAAAAAAAMMDEAAAA|Women support almost|Books                                             |computers                                         |4.68|1401.06|1.67733261661661421984327608179429791192E00|
 AAAAAAAAMNOBAAAA|Scientific, young creditors might see for the alternativ|Books                                             |computers                                         |6.98|100.95|1.20856157229131661380082737682279398604E-01|
 AAAAAAAAMOHBAAAA|Fortunately past rules mind respectively appropriate losses. Men must develop above the sources. Mere values lis|Books                                             |computers                                         |2.02|5603.38|6.7083008845425633357496583523935684651E00|
 AAAAAAAANAJDAAAA|Religious, delicious ways must a|Books                                             |computers                                         |7.07|14.55|1.74190895263384415362080617461829148063E-02|
 AAAAAAAANFJBAAAA|Only old doors shall wear again. Earlier high minerals might not tell better persona|Books                                             |computers                                         |16.62|0|0|
 AAAAAAAANHFDAAAA|Easier strong operators could not break very; new, permanent animals |Books                                             |computers                                         |1.15|2953.07|3.53538080464221728847628459799315328021E00|
 AAAAAAAAOBNDAAAA|Levels undermine unfortunately efficient weeks|Books                                             |computers                                         |2.19|2853.36|3.41600916088474608534396117278958637743E00|
 AAAAAAAAPDLCAAAA|Inc considerations should dare sales. Little, long chapters check better exciting employers. Still english unions could pull wrong shoes. Factors would kee|Books                                             |computers                                         |70.39|7100.08|8.5001325886024083836701123740782398459E00|
 AAAAAAAAPJCCAAAA|Strong, british horses may not choose less. Results will not carry harsh workers. False claims will want over labour increases. Co|Books                                             |computers                                         |1.05|7745.78|9.27315706332108410187832855754973868373E00|
 AAAAAAAAPKOBAAAA|Yet whole dealers p|Books                                             |computers                                         |3.63|2856.73|3.42004368540046845977537156234866791853E00|
 AAAAAAAAPLIDAAAA|Items look somewhat new designs. Patients should solve about a officers. Minutes can act still companies. About dangerous records will not run towa|Books                                             |computers                                         |1.43|86.09|1.0306593933487810528193484781641835984E-01|
 AAAAAAAAABPAAAAA|Particularly professional women may not tell never present, distant times. Current, only weeks could hurry quite appropriate months. Little attacks waste carefully never politi|Books                                             |cooking                                           |1.82|6350.52|1.23177366702937976060935799782372143634E01|
 AAAAAAAAAJNDAAAA|Physical, political decis|Books                                             |cooking                                           |6.76|0|0|
 AAAAAAAABINAAAAA|Below invisi|Books                                             |cooking                                           |9.59|2547.42|4.94108336776198262468505059556714168504E00|
 AAAAAAAABONAAAAA|Gains cannot cross colourful, long individuals. Drily red difficulties may not say to a plans. Very different cases ta|Books                                             |cooking                                           |1.6|1388.77|2.69371691697749433139563076194965076742E00|
 AAAAAAAACBDCAAAA|Well independent scores fight rare changes. Scottish rights would not give; implicit, modern services like yet. Conservative, effective yards should marry about a buildings. Valid, m|Books                                             |cooking                                           |.5|381.18|7.39352818979011131606663834789034814638E-01|
 AAAAAAAAGALAAAAA|Great, only pages might not contribute so; small components require on a films. Times find apparently. So traditional sources find conditions. Gro|Books                                             |cooking                                           |3.4|2359.09|4.57579054967520691133313548982754641079E00|
 AAAAAAAAGMMCAAAA|Chief countries leave actually rural, other fathers. Women discover very otherwise large ministers. Slow, envi|Books                                             |cooking                                           |7.35|13258.98|2.57176773172420615293302997329112671877E01|
 AAAAAAAAGOCAAAAA|Historical, economic lights shall stand much big, odd proposals. Rather grateful branches ought to take. Northern, high miles must ask increasingly. Once chronic|Books                                             |cooking                                           |4.37|3383.64|6.56305097961629997730618610091182580461E00|
 AAAAAAAAKCCAAAAA|Possible schools carry primarily dual rises; important meetings could continue other passengers. More scottish things might not fall orders. Right, unable expectati|Books                                             |cooking                                           |4.44|4158.51|8.06602154166642421138996700668594671027E00|
 AAAAAAAAKEJAAAAA|Other, atlantic regions know fast. Li|Books                                             |cooking                                           |68.84|5439|1.0549713999755605081086742739434283952E01|
 AAAAAAAAKJGDAAAA|International eyes might see sales. Joint universities must not hold somewhat with a days. Perfect, profitable trials ought to seem; even pale quantities |Books                                             |cooking                                           |.94|5746.3|1.11457660519940491776886835454332093902E01|
 AAAAAAAALBKAAAAA|Conditions used to test so for a spirits; open, royal provisions might not look approximate|Books                                             |cooking                                           |36.97|5238.71|1.016122306079420590077954220564474677E01|
 AAAAAAAALIGAAAAA|There superb accidents may strike individual results. Quiet, only forests drop as little unlikely towns. Observations can discern with a points. Substantial banks dest|Books                                             |cooking                                           |.88|73.37|1.42311549211632422283385606690989780025E-01|
 AAAAAAAAMIBCAAAA|Views present rapidly in the relations. Average winners could fall double stations; also corresponding heroes promote direct,|Books                                             |cooking                                           |3.17|693.26|1.34467636099845022587133577340323803871E00|
 AAAAAAAAONGCAAAA|Outcomes will become high wide, substantial clients. Sufficient, new resources weaken only over the moments. Of cour|Books                                             |cooking                                           |1.32|170|3.29739176311537573779140699706532133083E-01|
 AAAAAAAAPNFEAAAA|Wooden, civil fingers keep great, possible scales. Police begin ago in common responsible times. Further open fathers can believe aga|Books                                             |cooking                                           |.33|367.15|7.12139638722241295370655928807372192125E-01|
 AAAAAAAAADBDAAAA|Upper men used to give still different girls. Proposals subsidise famous nerves. C|Books                                             |entertainments                                    |2.21|701.28|1.07650776019518610929206351837882794389E00|
 AAAAAAAAAIKCAAAA|Troubles must know wise indicators. Kinds enter technical, new doubts. Likely, annual eyes see equivalent payments. Both inadequate feelings decide ever initial |Books                                             |entertainments                                    |5.04|10130.68|1.55512144023131531110012007249173292759E01|
 AAAAAAAABGOBAAAA|Japanese, long students may help very; there partial bombs must assess; intentions cannot execute most certain children; indeed necessary a|Books                                             |entertainments                                    |5.36|1174.34|1.80268383970399106717151761375341205741E00|
 AAAAAAAACIDAAAAA|Millions might answer. Attractive rules might beat coloured volunteers. Scottis|Books                                             |entertainments                                    |3.51|4097.7|6.29022052383044450154872330490092868136E00|
 AAAAAAAADCOAAAAA|Silly acres shall belong alike following, similar pairs. Respectively lucky newspapers shall dare. Also labour requirements can leave; pounds used to stay even only solicitors. Silver systems may de|Books                                             |entertainments                                    |75.74|613.76|9.42159198747144402291662253365545058807E-01|
 AAAAAAAADGKAAAAA|However small values |Books                                             |entertainments                                    |1.49|3795.87|5.82689298381830523710709723292927450856E00|