C_CUSTOMER_ID|
 AAAAAAAAAAADBAAA|
 AAAAAAAAAAADBAAA|
 AAAAAAAAAAAKAAAA|
 AAAAAAAAAABDAAAA|
 AAAAAAAAAABLAAAA|
 AAAAAAAAAABMAAAA|
 AAAAAAAAAACMAAAA|
 AAAAAAAAAADGBAAA|
 AAAAAAAAAADGBAAA|
 AAAAAAAAAAEBAAAA|
 AAAAAAAAAAEFBAAA|
 AAAAAAAAAAEIAAAA|
 AAAAAAAAAAEMAAAA|
 AAAAAAAAAAFAAAAA|
 AAAAAAAAAAGMAAAA|
 AAAAAAAAAAHFBAAA|
 AAAAAAAAAAIEBAAA|
 AAAAAAAAAAJHBAAA|
 AAAAAAAAAAKCAAAA|
 AAAAAAAAAAKJAAAA|
 AAAAAAAAAAKMAAAA|
 AAAAAAAAAAKMAAAA|
 AAAAAAAAAAKOAAAA|
 AAAAAAAAAALAAAAA|
 AAAAAAAAAALGAAAA|
 AAAAAAAAAALHBAAA|
 AAAAAAAAAANJAAAA|
 AAAAAAAAAAOBBAAA|
 AAAAAAAAAAODBAAA|
 AAAAAAAAABAAAAAA|
 AAAAAAAAABCHBAAA|
 AAAAAAAAABDHAAAA|
 AAAAAAAAABENAAAA|
 AAAAAAAAABFEBAAA|
 AAAAAAAAABFMAAAA|
 AAAAAAAAABFPAAAA|
 AAAAAAAAABGFAAAA|
 AAAAAAAAABGJAAAA|
 AAAAAAAAABICBAAA|
 AAAAAAAAABIIAAAA|
 AAAAAAAAABLPAAAA|
 AAAAAAAAABNCBAAA|
 AAAAAAAAABNEBAAA|
 AAAAAAAAABNLAAAA|
 AAAAAAAAABNPAAAA|
 AAAAAAAAABOAAAAA|
 AAAAAAAAACAFAAAA|
 AAAAAAAAACAHBAAA|
 AAAAAAAAACAJAAAA|
 AAAAAAAAACBPAAAA|
 AAAAAAAAACCHAAAA|
 AAAAAAAAACDJAAAA|
 AAAAAAAAACEBBAAA|
 AAAAAAAAACFFAAAA|
 AAAAAAAAACHEAAAA|
 AAAAAAAAACHFBAAA|
 AAAAAAAAACHNAAAA|
 AAAAAAAAACJCAAAA|
 AAAAAAAAACJFBAAA|
 AAAAAAAAACJPAAAA|
 AAAAAAAAACKCBAAA|
 AAAAAAAAACKPAAAA|
 AAAAAAAAACLHAAAA|
 AAAAAAAAACLHAAAA|
 AAAAAAAAACNGAAAA|
 AAAAAAAAACOIAAAA|
 AAAAAAAAACOMAAAA|
 AAAAAAAAACPOAAAA|
 AAAAAAAAADAIBAAA|
 AAAAAAAAADAMAAAA|
 AAAAAAAAADBGBAAA|
 AAAAAAAAADBIAAAA|
 AAAAAAAAADBLAAAA|
 AAAAAAAAADDGBAAA|
 AAAAAAAAADDKAAAA|
 AAAAAAAAADDKAAAA|
 AAAAAAAAADECBAAA|
 AAAAAAAAADEGAAAA|
 AAAAAAAAADEIBAAA|
 AAAAAAAAADEJAAAA|
 AAAAAAAAADEOAAAA|
 AAAAAAAAADFCBAAA|
 AAAAAAAAADFGBAAA|
 AAAAAAAAADGIAAAA|
 AAAAAAAAADJCAAAA|
 AAAAAAAAADJOAAAA|
 AAAAAAAAADKIAAAA|
 AAAAAAAAADKPAAAA|
 AAAAAAAAADLABAAA|
 AAAAAAAAADLBAAAA|
 AAAAAAAAADMAAAAA|
 AAAAAAAAADNEBAAA|
 AAAAAAAAADPCBAAA|
 AAAAAAAAADPIAAAA|
 AAAAAAAAAEACAAAA|
 AAAAAAAAAEAPAAAA|
 AAAAAAAAAEAPAAAA|
 AAAAAAAAAEBKAAAA|
 AAAAAAAAAEDEAAAA|
 AAAAAAAAAEDMAAAA|