D_WEEK_SEQ1|ROUND(SUN_SALES1/SUN_SALES2,2)|ROUND(MON_SALES1/MON_SALES2,2)|ROUND(TUE_SALES1/TUE_SALES2,2)|ROUND(WED_SALES1/WED_SALES2,2)|ROUND(THU_SALES1/THU_SALES2,2)|ROUND(FRI_SALES1/FRI_SALES2,2)|ROUND(SAT_SALES1/SAT_SALES2,2)|
 5218|11.66|6.51|3.66|1.25|7.27|4.4|16.06|
 5218|11.66|6.51|3.66|1.25|7.27|4.4|16.06|
 5218|11.66|6.51|3.66|1.25|7.27|4.4|16.06|
 5218|11.66|6.51|3.66|1.25|7.27|4.4|16.06|
 5218|11.66|6.51|3.66|1.25|7.27|4.4|16.06|
 5218|11.66|6.51|3.66|1.25|7.27|4.4|16.06|
 5218|11.66|6.51|3.66|1.25|7.27|4.4|16.06|
 5218|11.66|6.51|3.66|1.25|7.27|4.4|16.06|
 5218|11.66|6.51|3.66|1.25|7.27|4.4|16.06|
 5218|11.66|6.51|3.66|1.25|7.27|4.4|16.06|
 5218|11.66|6.51|3.66|1.25|7.27|4.4|16.06|
 5218|11.66|6.51|3.66|1.25|7.27|4.4|16.06|
 5218|11.66|6.51|3.66|1.25|7.27|4.4|16.06|
 5218|11.66|6.51|3.66|1.25|7.27|4.4|16.06|
 5218|11.66|6.51|3.66|1.25|7.27|4.4|16.06|
 5218|11.66|6.51|3.66|1.25|7.27|4.4|16.06|
 5218|11.66|6.51|3.66|1.25|7.27|4.4|16.06|
 5218|11.66|6.51|3.66|1.25|7.27|4.4|16.06|
 5218|11.66|6.51|3.66|1.25|7.27|4.4|16.06|
 5218|11.66|6.51|3.66|1.25|7.27|4.4|16.06|
 5218|11.66|6.51|3.66|1.25|7.27|4.4|16.06|
 5219|2.77|2.45|1.44|2.32|5.13|.94|1.02|
 5219|2.77|2.45|1.44|2.32|5.13|.94|1.02|
 5219|2.77|2.45|1.44|2.32|5.13|.94|1.02|
 5219|2.77|2.45|1.44|2.32|5.13|.94|1.02|
 5219|2.77|2.45|1.44|2.32|5.13|.94|1.02|
 5219|2.77|2.45|1.44|2.32|5.13|.94|1.02|
 5219|2.77|2.45|1.44|2.32|5.13|.94|1.02|
 5219|2.77|2.45|1.44|2.32|5.13|.94|1.02|
 5219|2.77|2.45|1.44|2.32|5.13|.94|1.02|
 5219|2.77|2.45|1.44|2.32|5.13|.94|1.02|
 5219|2.77|2.45|1.44|2.32|5.13|.94|1.02|
 5219|2.77|2.45|1.44|2.32|5.13|.94|1.02|
 5219|2.77|2.45|1.44|2.32|5.13|.94|1.02|
 5219|2.77|2.45|1.44|2.32|5.13|.94|1.02|
 5219|2.77|2.45|1.44|2.32|5.13|.94|1.02|
 5219|2.77|2.45|1.44|2.32|5.13|.94|1.02|
 5219|2.77|2.45|1.44|2.32|5.13|.94|1.02|
 5219|2.77|2.45|1.44|2.32|5.13|.94|1.02|
 5219|2.77|2.45|1.44|2.32|5.13|.94|1.02|
 5219|2.77|2.45|1.44|2.32|5.13|.94|1.02|
 5219|2.77|2.45|1.44|2.32|5.13|.94|1.02|
 5219|2.77|2.45|1.44|2.32|5.13|.94|1.02|
 5219|2.77|2.45|1.44|2.32|5.13|.94|1.02|
 5219|2.77|2.45|1.44|2.32|5.13|.94|1.02|
 5219|2.77|2.45|1.44|2.32|5.13|.94|1.02|
 5219|2.77|2.45|1.44|2.32|5.13|.94|1.02|
 5219|2.77|2.45|1.44|2.32|5.13|.94|1.02|
 5219|2.77|2.45|1.44|2.32|5.13|.94|1.02|
 5219|2.77|2.45|1.44|2.32|5.13|.94|1.02|
 5219|2.77|2.45|1.44|2.32|5.13|.94|1.02|
 5219|2.77|2.45|1.44|2.32|5.13|.94|1.02|
 5219|2.77|2.45|1.44|2.32|5.13|.94|1.02|
 5219|2.77|2.45|1.44|2.32|5.13|.94|1.02|
 5219|2.77|2.45|1.44|2.32|5.13|.94|1.02|
 5219|2.77|2.45|1.44|2.32|5.13|.94|1.02|
 5219|2.77|2.45|1.44|2.32|5.13|.94|1.02|
 5219|2.77|2.45|1.44|2.32|5.13|.94|1.02|
 5219|2.77|2.45|1.44|2.32|5.13|.94|1.02|
 5219|2.77|2.45|1.44|2.32|5.13|.94|1.02|
 5219|2.77|2.45|1.44|2.32|5.13|.94|1.02|
 5219|2.77|2.45|1.44|2.32|5.13|.94|1.02|
 5219|2.77|2.45|1.44|2.32|5.13|.94|1.02|
 5219|2.77|2.45|1.44|2.32|5.13|.94|1.02|
 5219|2.77|2.45|1.44|2.32|5.13|.94|1.02|
 5219|2.77|2.45|1.44|2.32|5.13|.94|1.02|
 5219|2.77|2.45|1.44|2.32|5.13|.94|1.02|
 5219|2.77|2.45|1.44|2.32|5.13|.94|1.02|
 5219|2.77|2.45|1.44|2.32|5.13|.94|1.02|
 5219|2.77|2.45|1.44|2.32|5.13|.94|1.02|
 5220|1.22|1.43|.62|4.58|1.7|1.76|5.39|
 5220|1.22|1.43|.62|4.58|1.7|1.76|5.39|
 5220|1.22|1.43|.62|4.58|1.7|1.76|5.39|
 5220|1.22|1.43|.62|4.58|1.7|1.76|5.39|
 5220|1.22|1.43|.62|4.58|1.7|1.76|5.39|
 5220|1.22|1.43|.62|4.58|1.7|1.76|5.39|
 5220|1.22|1.43|.62|4.58|1.7|1.76|5.39|
 5220|1.22|1.43|.62|4.58|1.7|1.76|5.39|
 5220|1.22|1.43|.62|4.58|1.7|1.76|5.39|
 5220|1.22|1.43|.62|4.58|1.7|1.76|5.39|
 5220|1.22|1.43|.62|4.58|1.7|1.76|5.39|
 5220|1.22|1.43|.62|4.58|1.7|1.76|5.39|
 5220|1.22|1.43|.62|4.58|1.7|1.76|5.39|
 5220|1.22|1.43|.62|4.58|1.7|1.76|5.39|
 5220|1.22|1.43|.62|4.58|1.7|1.76|5.39|
 5220|1.22|1.43|.62|4.58|1.7|1.76|5.39|
 5220|1.22|1.43|.62|4.58|1.7|1.76|5.39|
 5220|1.22|1.43|.62|4.58|1.7|1.76|5.39|
 5220|1.22|1.43|.62|4.58|1.7|1.76|5.39|
 5220|1.22|1.43|.62|4.58|1.7|1.76|5.39|
 5220|1.22|1.43|.62|4.58|1.7|1.76|5.39|
 5220|1.22|1.43|.62|4.58|1.7|1.76|5.39|
 5220|1.22|1.43|.62|4.58|1.7|1.76|5.39|
 5220|1.22|1.43|.62|4.58|1.7|1.76|5.39|
 5220|1.22|1.43|.62|4.58|1.7|1.76|5.39|
 5220|1.22|1.43|.62|4.58|1.7|1.76|5.39|
 5220|1.22|1.43|.62|4.58|1.7|1.76|5.39|
 5220|1.22|1.43|.62|4.58|1.7|1.76|5.39|
 5220|1.22|1.43|.62|4.58|1.7|1.76|5.39|
 5220|1.22|1.43|.62|4.58|1.7|1.76|5.39|
 5220|1.22|1.43|.62|4.58|1.7|1.76|5.39|
 5220|1.22|1.43|.62|4.58|1.7|1.76|5.39|
 5220|1.22|1.43|.62|4.58|1.7|1.76|5.39|
 5220|1.22|1.43|.62|4.58|1.7|1.76|5.39|
 5220|1.22|1.43|.62|4.58|1.7|1.76|5.39|
 5220|1.22|1.43|.62|4.58|1.7|1.76|5.39|
 5220|1.22|1.43|.62|4.58|1.7|1.76|5.39|
 5220|1.22|1.43|.62|4.58|1.7|1.76|5.39|
 5220|1.22|1.43|.62|4.58|1.7|1.76|5.39|
 5220|1.22|1.43|.62|4.58|1.7|1.76|5.39|
 5220|1.22|1.43|.62|4.58|1.7|1.76|5.39|
 5220|1.22|1.43|.62|4.58|1.7|1.76|5.39|
 5220|1.22|1.43|.62|4.58|1.7|1.76|5.39|
 5220|1.22|1.43|.62|4.58|1.7|1.76|5.39|
 5220|1.22|1.43|.62|4.58|1.7|1.76|5.39|
 5220|1.22|1.43|.62|4.58|1.7|1.76|5.39|
 5220|1.22|1.43|.62|4.58|1.7|1.76|5.39|
 5220|1.22|1.43|.62|4.58|1.7|1.76|5.39|
 5220|1.22|1.43|.62|4.58|1.7|1.76|5.39|
 5221|1.8|.79|1.24||1.01|.05||
 5221|1.8|.79|1.24||1.01|.05||
 5221|1.8|.79|1.24||1.01|.05||
 5221|1.8|.79|1.24||1.01|.05||
 5221|1.8|.79|1.24||1.01|.05||
 5221|1.8|.79|1.24||1.01|.05||
 5221|1.8|.79|1.24||1.01|.05||
 5221|1.8|.79|1.24||1.01|.05||
 5221|1.8|.79|1.24||1.01|.05||
 5221|1.8|.79|1.24||1.01|.05||
 5221|1.8|.79|1.24||1.01|.05||
 5221|1.8|.79|1.24||1.01|.05||
 5221|1.8|.79|1.24||1.01|.05||
 5221|1.8|.79|1.24||1.01|.05||
 5221|1.8|.79|1.24||1.01|.05||
 5221|1.8|.79|1.24||1.01|.05||
 5221|1.8|.79|1.24||1.01|.05||
 5221|1.8|.79|1.24||1.01|.05||
 5221|1.8|.79|1.24||1.01|.05||
 5221|1.8|.79|1.24||1.01|.05||
 5221|1.8|.79|1.24||1.01|.05||
 5221|1.8|.79|1.24||1.01|.05||
 5221|1.8|.79|1.24||1.01|.05||
 5221|1.8|.79|1.24||1.01|.05||
 5221|1.8|.79|1.24||1.01|.05||
 5221|1.8|.79|1.24||1.01|.05||
 5221|1.8|.79|1.24||1.01|.05||
 5221|1.8|.79|1.24||1.01|.05||
 5221|1.8|.79|1.24||1.01|.05||
 5221|1.8|.79|1.24||1.01|.05||
 5221|1.8|.79|1.24||1.01|.05||
 5221|1.8|.79|1.24||1.01|.05||
 5221|1.8|.79|1.24||1.01|.05||
 5221|1.8|.79|1.24||1.01|.05||
 5221|1.8|.79|1.24||1.01|.05||
 5221|1.8|.79|1.24||1.01|.05||
 5221|1.8|.79|1.24||1.01|.05||
 5221|1.8|.79|1.24||1.01|.05||
 5221|1.8|.79|1.24||1.01|.05||
 5221|1.8|.79|1.24||1.01|.05||
 5221|1.8|.79|1.24||1.01|.05||
 5221|1.8|.79|1.24||1.01|.05||
 5221|1.8|.79|1.24||1.01|.05||
 5221|1.8|.79|1.24||1.01|.05||
 5221|1.8|.79|1.24||1.01|.05||
 5221|1.8|.79|1.24||1.01|.05||
 5221|1.8|.79|1.24||1.01|.05||
 5221|1.8|.79|1.24||1.01|.05||
 5221|1.8|.79|1.24||1.01|.05||
 5222|6.94|.66|1.32|.29|2.31|1.06|3.27|
 5222|6.94|.66|1.32|.29|2.31|1.06|3.27|
 5222|6.94|.66|1.32|.29|2.31|1.06|3.27|
 5222|6.94|.66|1.32|.29|2.31|1.06|3.27|
 5222|6.94|.66|1.32|.29|2.31|1.06|3.27|
 5222|6.94|.66|1.32|.29|2.31|1.06|3.27|
 5222|6.94|.66|1.32|.29|2.31|1.06|3.27|
 5222|6.94|.66|1.32|.29|2.31|1.06|3.27|
 5222|6.94|.66|1.32|.29|2.31|1.06|3.27|
 5222|6.94|.66|1.32|.29|2.31|1.06|3.27|
 5222|6.94|.66|1.32|.29|2.31|1.06|3.27|
 5222|6.94|.66|1.32|.29|2.31|1.06|3.27|
 5222|6.94|.66|1.32|.29|2.31|1.06|3.27|
 5222|6.94|.66|1.32|.29|2.31|1.06|3.27|
 5222|6.94|.66|1.32|.29|2.31|1.06|3.27|
 5222|6.94|.66|1.32|.29|2.31|1.06|3.27|
 5222|6.94|.66|1.32|.29|2.31|1.06|3.27|
 5222|6.94|.66|1.32|.29|2.31|1.06|3.27|
 5222|6.94|.66|1.32|.29|2.31|1.06|3.27|
 5222|6.94|.66|1.32|.29|2.31|1.06|3.27|
 5222|6.94|.66|1.32|.29|2.31|1.06|3.27|
 5222|6.94|.66|1.32|.29|2.31|1.06|3.27|
 5222|6.94|.66|1.32|.29|2.31|1.06|3.27|
 5222|6.94|.66|1.32|.29|2.31|1.06|3.27|
 5222|6.94|.66|1.32|.29|2.31|1.06|3.27|
 5222|6.94|.66|1.32|.29|2.31|1.06|3.27|
 5222|6.94|.66|1.32|.29|2.31|1.06|3.27|
 5222|6.94|.66|1.32|.29|2.31|1.06|3.27|
 5222|6.94|.66|1.32|.29|2.31|1.06|3.27|
 5222|6.94|.66|1.32|.29|2.31|1.06|3.27|
 5222|6.94|.66|1.32|.29|2.31|1.06|3.27|
 5222|6.94|.66|1.32|.29|2.31|1.06|3.27|
 5222|6.94|.66|1.32|.29|2.31|1.06|3.27|
 5222|6.94|.66|1.32|.29|2.31|1.06|3.27|
 5222|6.94|.66|1.32|.29|2.31|1.06|3.27|
 5222|6.94|.66|1.32|.29|2.31|1.06|3.27|
 5222|6.94|.66|1.32|.29|2.31|1.06|3.27|
 5222|6.94|.66|1.32|.29|2.31|1.06|3.27|
 5222|6.94|.66|1.32|.29|2.31|1.06|3.27|
 5222|6.94|.66|1.32|.29|2.31|1.06|3.27|
 5222|6.94|.66|1.32|.29|2.31|1.06|3.27|
 5222|6.94|.66|1.32|.29|2.31|1.06|3.27|
 5222|6.94|.66|1.32|.29|2.31|1.06|3.27|
 5222|6.94|.66|1.32|.29|2.31|1.06|3.27|
 5222|6.94|.66|1.32|.29|2.31|1.06|3.27|
 5222|6.94|.66|1.32|.29|2.31|1.06|3.27|
 5222|6.94|.66|1.32|.29|2.31|1.06|3.27|
 5222|6.94|.66|1.32|.29|2.31|1.06|3.27|
 5222|6.94|.66|1.32|.29|2.31|1.06|3.27|
 5223|.65|.4|.94|2.45|1.04|.43|9.86|
 5223|.65|.4|.94|2.45|1.04|.43|9.86|
 5223|.65|.4|.94|2.45|1.04|.43|9.86|
 5223|.65|.4|.94|2.45|1.04|.43|9.86|
 5223|.65|.4|.94|2.45|1.04|.43|9.86|
 5223|.65|.4|.94|2.45|1.04|.43|9.86|
 5223|.65|.4|.94|2.45|1.04|.43|9.86|
 5223|.65|.4|.94|2.45|1.04|.43|9.86|
 5223|.65|.4|.94|2.45|1.04|.43|9.86|
 5223|.65|.4|.94|2.45|1.04|.43|9.86|
 5223|.65|.4|.94|2.45|1.04|.43|9.86|
 5223|.65|.4|.94|2.45|1.04|.43|9.86|
 5223|.65|.4|.94|2.45|1.04|.43|9.86|
 5223|.65|.4|.94|2.45|1.04|.43|9.86|
 5223|.65|.4|.94|2.45|1.04|.43|9.86|
 5223|.65|.4|.94|2.45|1.04|.43|9.86|
 5223|.65|.4|.94|2.45|1.04|.43|9.86|
 5223|.65|.4|.94|2.45|1.04|.43|9.86|
 5223|.65|.4|.94|2.45|1.04|.43|9.86|
 5223|.65|.4|.94|2.45|1.04|.43|9.86|
 5223|.65|.4|.94|2.45|1.04|.43|9.86|
 5223|.65|.4|.94|2.45|1.04|.43|9.86|
 5223|.65|.4|.94|2.45|1.04|.43|9.86|
 5223|.65|.4|.94|2.45|1.04|.43|9.86|
 5223|.65|.4|.94|2.45|1.04|.43|9.86|
 5223|.65|.4|.94|2.45|1.04|.43|9.86|
 5223|.65|.4|.94|2.45|1.04|.43|9.86|
 5223|.65|.4|.94|2.45|1.04|.43|9.86|
 5223|.65|.4|.94|2.45|1.04|.43|9.86|
 5223|.65|.4|.94|2.45|1.04|.43|9.86|
 5223|.65|.4|.94|2.45|1.04|.43|9.86|
 5223|.65|.4|.94|2.45|1.04|.43|9.86|
 5223|.65|.4|.94|2.45|1.04|.43|9.86|
 5223|.65|.4|.94|2.45|1.04|.43|9.86|
 5223|.65|.4|.94|2.45|1.04|.43|9.86|
 5223|.65|.4|.94|2.45|1.04|.43|9.86|
 5223|.65|.4|.94|2.45|1.04|.43|9.86|
 5223|.65|.4|.94|2.45|1.04|.43|9.86|
 5223|.65|.4|.94|2.45|1.04|.43|9.86|
 5223|.65|.4|.94|2.45|1.04|.43|9.86|
 5223|.65|.4|.94|2.45|1.04|.43|9.86|
 5223|.65|.4|.94|2.45|1.04|.43|9.86|
 5223|.65|.4|.94|2.45|1.04|.43|9.86|
 5223|.65|.4|.94|2.45|1.04|.43|9.86|
 5223|.65|.4|.94|2.45|1.04|.43|9.86|
 5223|.65|.4|.94|2.45|1.04|.43|9.86|
 5223|.65|.4|.94|2.45|1.04|.43|9.86|
 5223|.65|.4|.94|2.45|1.04|.43|9.86|
 5223|.65|.4|.94|2.45|1.04|.43|9.86|
 5224|3.79|.42|.36|.73||8.62|.37|
 5224|3.79|.42|.36|.73||8.62|.37|
 5224|3.79|.42|.36|.73||8.62|.37|
 5224|3.79|.42|.36|.73||8.62|.37|
 5224|3.79|.42|.36|.73||8.62|.37|
 5224|3.79|.42|.36|.73||8.62|.37|
 5224|3.79|.42|.36|.73||8.62|.37|
 5224|3.79|.42|.36|.73||8.62|.37|
 5224|3.79|.42|.36|.73||8.62|.37|
 5224|3.79|.42|.36|.73||8.62|.37|
 5224|3.79|.42|.36|.73||8.62|.37|
 5224|3.79|.42|.36|.73||8.62|.37|
 5224|3.79|.42|.36|.73||8.62|.37|
 5224|3.79|.42|.36|.73||8.62|.37|
 5224|3.79|.42|.36|.73||8.62|.37|
 5224|3.79|.42|.36|.73||8.62|.37|
 5224|3.79|.42|.36|.73||8.62|.37|
 5224|3.79|.42|.36|.73||8.62|.37|
 5224|3.79|.42|.36|.73||8.62|.37|
 5224|3.79|.42|.36|.73||8.62|.37|
 5224|3.79|.42|.36|.73||8.62|.37|
 5224|3.79|.42|.36|.73||8.62|.37|
 5224|3.79|.42|.36|.73||8.62|.37|
 5224|3.79|.42|.36|.73||8.62|.37|
 5224|3.79|.42|.36|.73||8.62|.37|
 5224|3.79|.42|.36|.73||8.62|.37|
 5224|3.79|.42|.36|.73||8.62|.37|
 5224|3.79|.42|.36|.73||8.62|.37|
 5224|3.79|.42|.36|.73||8.62|.37|
 5224|3.79|.42|.36|.73||8.62|.37|
 5224|3.79|.42|.36|.73||8.62|.37|
 5224|3.79|.42|.36|.73||8.62|.37|
 5224|3.79|.42|.36|.73||8.62|.37|
 5224|3.79|.42|.36|.73||8.62|.37|
 5224|3.79|.42|.36|.73||8.62|.37|
 5224|3.79|.42|.36|.73||8.62|.37|
 5224|3.79|.42|.36|.73||8.62|.37|
 5224|3.79|.42|.36|.73||8.62|.37|
 5224|3.79|.42|.36|.73||8.62|.37|
 5224|3.79|.42|.36|.73||8.62|.37|
 5224|3.79|.42|.36|.73||8.62|.37|
 5224|3.79|.42|.36|.73||8.62|.37|
 5224|3.79|.42|.36|.73||8.62|.37|
 5224|3.79|.42|.36|.73||8.62|.37|
 5224|3.79|.42|.36|.73||8.62|.37|
 5224|3.79|.42|.36|.73||8.62|.37|
 5224|3.79|.42|.36|.73||8.62|.37|
 5224|3.79|.42|.36|.73||8.62|.37|
 5224|3.79|.42|.36|.73||8.62|.37|
 5225|1.36||.51|.82||.98|.44|
 5225|1.36||.51|.82||.98|.44|
 5225|1.36||.51|.82||.98|.44|
 5225|1.36||.51|.82||.98|.44|
 5225|1.36||.51|.82||.98|.44|
 5225|1.36||.51|.82||.98|.44|
 5225|1.36||.51|.82||.98|.44|
 5225|1.36||.51|.82||.98|.44|
 5225|1.36||.51|.82||.98|.44|
 5225|1.36||.51|.82||.98|.44|
 5225|1.36||.51|.82||.98|.44|
 5225|1.36||.51|.82||.98|.44|
 5225|1.36||.51|.82||.98|.44|
 5225|1.36||.51|.82||.98|.44|
 5225|1.36||.51|.82||.98|.44|
 5225|1.36||.51|.82||.98|.44|
 5225|1.36||.51|.82||.98|.44|
 5225|1.36||.51|.82||.98|.44|
 5225|1.36||.51|.82||.98|.44|
 5225|1.36||.51|.82||.98|.44|
 5225|1.36||.51|.82||.98|.44|
 5225|1.36||.51|.82||.98|.44|
 5225|1.36||.51|.82||.98|.44|
 5225|1.36||.51|.82||.98|.44|
 5225|1.36||.51|.82||.98|.44|
 5225|1.36||.51|.82||.98|.44|
 5225|1.36||.51|.82||.98|.44|
 5225|1.36||.51|.82||.98|.44|
 5225|1.36||.51|.82||.98|.44|
 5225|1.36||.51|.82||.98|.44|
 5225|1.36||.51|.82||.98|.44|
 5225|1.36||.51|.82||.98|.44|
 5225|1.36||.51|.82||.98|.44|
 5225|1.36||.51|.82||.98|.44|
 5225|1.36||.51|.82||.98|.44|
 5225|1.36||.51|.82||.98|.44|
 5225|1.36||.51|.82||.98|.44|
 5225|1.36||.51|.82||.98|.44|
 5225|1.36||.51|.82||.98|.44|
 5225|1.36||.51|.82||.98|.44|
 5225|1.36||.51|.82||.98|.44|
 5225|1.36||.51|.82||.98|.44|
 5225|1.36||.51|.82||.98|.44|
 5225|1.36||.51|.82||.98|.44|
 5225|1.36||.51|.82||.98|.44|
 5225|1.36||.51|.82||.98|.44|
 5225|1.36||.51|.82||.98|.44|
 5225|1.36||.51|.82||.98|.44|
 5225|1.36||.51|.82||.98|.44|
 5226|.92|.88|1.22|.34|.17||1.82|
 5226|.92|.88|1.22|.34|.17||1.82|
 5226|.92|.88|1.22|.34|.17||1.82|
 5226|.92|.88|1.22|.34|.17||1.82|
 5226|.92|.88|1.22|.34|.17||1.82|
 5226|.92|.88|1.22|.34|.17||1.82|
 5226|.92|.88|1.22|.34|.17||1.82|
 5226|.92|.88|1.22|.34|.17||1.82|
 5226|.92|.88|1.22|.34|.17||1.82|
 5226|.92|.88|1.22|.34|.17||1.82|
 5226|.92|.88|1.22|.34|.17||1.82|
 5226|.92|.88|1.22|.34|.17||1.82|
 5226|.92|.88|1.22|.34|.17||1.82|
 5226|.92|.88|1.22|.34|.17||1.82|
 5226|.92|.88|1.22|.34|.17||1.82|
 5226|.92|.88|1.22|.34|.17||1.82|
 5226|.92|.88|1.22|.34|.17||1.82|
 5226|.92|.88|1.22|.34|.17||1.82|
 5226|.92|.88|1.22|.34|.17||1.82|
 5226|.92|.88|1.22|.34|.17||1.82|
 5226|.92|.88|1.22|.34|.17||1.82|
 5226|.92|.88|1.22|.34|.17||1.82|
 5226|.92|.88|1.22|.34|.17||1.82|
 5226|.92|.88|1.22|.34|.17||1.82|
 5226|.92|.88|1.22|.34|.17||1.82|
 5226|.92|.88|1.22|.34|.17||1.82|
 5226|.92|.88|1.22|.34|.17||1.82|
 5226|.92|.88|1.22|.34|.17||1.82|
 5226|.92|.88|1.22|.34|.17||1.82|
 5226|.92|.88|1.22|.34|.17||1.82|
 5226|.92|.88|1.22|.34|.17||1.82|
 5226|.92|.88|1.22|.34|.17||1.82|
 5226|.92|.88|1.22|.34|.17||1.82|
 5226|.92|.88|1.22|.34|.17||1.82|
 5226|.92|.88|1.22|.34|.17||1.82|
 5226|.92|.88|1.22|.34|.17||1.82|
 5226|.92|.88|1.22|.34|.17||1.82|
 5226|.92|.88|1.22|.34|.17||1.82|
 5226|.92|.88|1.22|.34|.17||1.82|
 5226|.92|.88|1.22|.34|.17||1.82|
 5226|.92|.88|1.22|.34|.17||1.82|
 5226|.92|.88|1.22|.34|.17||1.82|
 5226|.92|.88|1.22|.34|.17||1.82|
 5226|.92|.88|1.22|.34|.17||1.82|
 5226|.92|.88|1.22|.34|.17||1.82|
 5226|.92|.88|1.22|.34|.17||1.82|
 5226|.92|.88|1.22|.34|.17||1.82|
 5226|.92|.88|1.22|.34|.17||1.82|
 5226|.92|.88|1.22|.34|.17||1.82|
 5227|.37||5.86|.47|.57|2.32|.87|
 5227|.37||5.86|.47|.57|2.32|.87|
 5227|.37||5.86|.47|.57|2.32|.87|
 5227|.37||5.86|.47|.57|2.32|.87|
 5227|.37||5.86|.47|.57|2.32|.87|
 5227|.37||5.86|.47|.57|2.32|.87|
 5227|.37||5.86|.47|.57|2.32|.87|
 5227|.37||5.86|.47|.57|2.32|.87|
 5227|.37||5.86|.47|.57|2.32|.87|
 5227|.37||5.86|.47|.57|2.32|.87|
 5227|.37||5.86|.47|.57|2.32|.87|
 5227|.37||5.86|.47|.57|2.32|.87|
 5227|.37||5.86|.47|.57|2.32|.87|
 5227|.37||5.86|.47|.57|2.32|.87|
 5227|.37||5.86|.47|.57|2.32|.87|
 5227|.37||5.86|.47|.57|2.32|.87|
 5227|.37||5.86|.47|.57|2.32|.87|
 5227|.37||5.86|.47|.57|2.32|.87|
 5227|.37||5.86|.47|.57|2.32|.87|
 5227|.37||5.86|.47|.57|2.32|.87|
 5227|.37||5.86|.47|.57|2.32|.87|
 5227|.37||5.86|.47|.57|2.32|.87|
 5227|.37||5.86|.47|.57|2.32|.87|
 5227|.37||5.86|.47|.57|2.32|.87|
 5227|.37||5.86|.47|.57|2.32|.87|
 5227|.37||5.86|.47|.57|2.32|.87|
 5227|.37||5.86|.47|.57|2.32|.87|
 5227|.37||5.86|.47|.57|2.32|.87|
 5227|.37||5.86|.47|.57|2.32|.87|
 5227|.37||5.86|.47|.57|2.32|.87|
 5227|.37||5.86|.47|.57|2.32|.87|
 5227|.37||5.86|.47|.57|2.32|.87|
 5227|.37||5.86|.47|.57|2.32|.87|
 5227|.37||5.86|.47|.57|2.32|.87|
 5227|.37||5.86|.47|.57|2.32|.87|
 5227|.37||5.86|.47|.57|2.32|.87|
 5227|.37||5.86|.47|.57|2.32|.87|
 5227|.37||5.86|.47|.57|2.32|.87|
 5227|.37||5.86|.47|.57|2.32|.87|
 5227|.37||5.86|.47|.57|2.32|.87|
 5227|.37||5.86|.47|.57|2.32|.87|
 5227|.37||5.86|.47|.57|2.32|.87|
 5227|.37||5.86|.47|.57|2.32|.87|
 5227|.37||5.86|.47|.57|2.32|.87|
 5227|.37||5.86|.47|.57|2.32|.87|
 5227|.37||5.86|.47|.57|2.32|.87|
 5227|.37||5.86|.47|.57|2.32|.87|
 5227|.37||5.86|.47|.57|2.32|.87|
 5227|.37||5.86|.47|.57|2.32|.87|
 5228||.7|2.04|.88|||1.03|
 5228||.7|2.04|.88|||1.03|
 5228||.7|2.04|.88|||1.03|
 5228||.7|2.04|.88|||1.03|
 5228||.7|2.04|.88|||1.03|
 5228||.7|2.04|.88|||1.03|
 5228||.7|2.04|.88|||1.03|
 5228||.7|2.04|.88|||1.03|
 5228||.7|2.04|.88|||1.03|
 5228||.7|2.04|.88|||1.03|
 5228||.7|2.04|.88|||1.03|
 5228||.7|2.04|.88|||1.03|
 5228||.7|2.04|.88|||1.03|
 5228||.7|2.04|.88|||1.03|
 5228||.7|2.04|.88|||1.03|
 5228||.7|2.04|.88|||1.03|
 5228||.7|2.04|.88|||1.03|
 5228||.7|2.04|.88|||1.03|
 5228||.7|2.04|.88|||1.03|
 5228||.7|2.04|.88|||1.03|
 5228||.7|2.04|.88|||1.03|
 5228||.7|2.04|.88|||1.03|
 5228||.7|2.04|.88|||1.03|
 5228||.7|2.04|.88|||1.03|
 5228||.7|2.04|.88|||1.03|
 5228||.7|2.04|.88|||1.03|
 5228||.7|2.04|.88|||1.03|
 5228||.7|2.04|.88|||1.03|
 5228||.7|2.04|.88|||1.03|
 5228||.7|2.04|.88|||1.03|
 5228||.7|2.04|.88|||1.03|
 5228||.7|2.04|.88|||1.03|
 5228||.7|2.04|.88|||1.03|
 5228||.7|2.04|.88|||1.03|
 5228||.7|2.04|.88|||1.03|
 5228||.7|2.04|.88|||1.03|
 5228||.7|2.04|.88|||1.03|
 5228||.7|2.04|.88|||1.03|
 5228||.7|2.04|.88|||1.03|
 5228||.7|2.04|.88|||1.03|
 5228||.7|2.04|.88|||1.03|
 5228||.7|2.04|.88|||1.03|
 5228||.7|2.04|.88|||1.03|
 5228||.7|2.04|.88|||1.03|
 5228||.7|2.04|.88|||1.03|
 5228||.7|2.04|.88|||1.03|
 5228||.7|2.04|.88|||1.03|
 5228||.7|2.04|.88|||1.03|
 5228||.7|2.04|.88|||1.03|
 5229|.74|.7||1.49|.43|1.29||
 5229|.74|.7||1.49|.43|1.29||
 5229|.74|.7||1.49|.43|1.29||
 5229|.74|.7||1.49|.43|1.29||
 5229|.74|.7||1.49|.43|1.29||
 5229|.74|.7||1.49|.43|1.29||
 5229|.74|.7||1.49|.43|1.29||
 5229|.74|.7||1.49|.43|1.29||
 5229|.74|.7||1.49|.43|1.29||
 5229|.74|.7||1.49|.43|1.29||
 5229|.74|.7||1.49|.43|1.29||
 5229|.74|.7||1.49|.43|1.29||
 5229|.74|.7||1.49|.43|1.29||
 5229|.74|.7||1.49|.43|1.29||
 5229|.74|.7||1.49|.43|1.29||
 5229|.74|.7||1.49|.43|1.29||
 5229|.74|.7||1.49|.43|1.29||
 5229|.74|.7||1.49|.43|1.29||
 5229|.74|.7||1.49|.43|1.29||
 5229|.74|.7||1.49|.43|1.29||
 5229|.74|.7||1.49|.43|1.29||
 5229|.74|.7||1.49|.43|1.29||
 5229|.74|.7||1.49|.43|1.29||
 5229|.74|.7||1.49|.43|1.29||
 5229|.74|.7||1.49|.43|1.29||
 5229|.74|.7||1.49|.43|1.29||
 5229|.74|.7||1.49|.43|1.29||
 5229|.74|.7||1.49|.43|1.29||
 5229|.74|.7||1.49|.43|1.29||
 5229|.74|.7||1.49|.43|1.29||
 5229|.74|.7||1.49|.43|1.29||
 5229|.74|.7||1.49|.43|1.29||
 5229|.74|.7||1.49|.43|1.29||
 5229|.74|.7||1.49|.43|1.29||
 5229|.74|.7||1.49|.43|1.29||
 5229|.74|.7||1.49|.43|1.29||
 5229|.74|.7||1.49|.43|1.29||
 5229|.74|.7||1.49|.43|1.29||
 5229|.74|.7||1.49|.43|1.29||
 5229|.74|.7||1.49|.43|1.29||
 5229|.74|.7||1.49|.43|1.29||
 5229|.74|.7||1.49|.43|1.29||
 5229|.74|.7||1.49|.43|1.29||
 5229|.74|.7||1.49|.43|1.29||
 5229|.74|.7||1.49|.43|1.29||
 5229|.74|.7||1.49|.43|1.29||
 5229|.74|.7||1.49|.43|1.29||
 5229|.74|.7||1.49|.43|1.29||
 5229|.74|.7||1.49|.43|1.29||
 5230|.76|.28|.56|1.68|1.27|1.68||
 5230|.76|.28|.56|1.68|1.27|1.68||
 5230|.76|.28|.56|1.68|1.27|1.68||
 5230|.76|.28|.56|1.68|1.27|1.68||
 5230|.76|.28|.56|1.68|1.27|1.68||
 5230|.76|.28|.56|1.68|1.27|1.68||
 5230|.76|.28|.56|1.68|1.27|1.68||
 5230|.76|.28|.56|1.68|1.27|1.68||
 5230|.76|.28|.56|1.68|1.27|1.68||
 5230|.76|.28|.56|1.68|1.27|1.68||
 5230|.76|.28|.56|1.68|1.27|1.68||
 5230|.76|.28|.56|1.68|1.27|1.68||
 5230|.76|.28|.56|1.68|1.27|1.68||
 5230|.76|.28|.56|1.68|1.27|1.68||
 5230|.76|.28|.56|1.68|1.27|1.68||
 5230|.76|.28|.56|1.68|1.27|1.68||
 5230|.76|.28|.56|1.68|1.27|1.68||
 5230|.76|.28|.56|1.68|1.27|1.68||
 5230|.76|.28|.56|1.68|1.27|1.68||
 5230|.76|.28|.56|1.68|1.27|1.68||
 5230|.76|.28|.56|1.68|1.27|1.68||
 5230|.76|.28|.56|1.68|1.27|1.68||
 5230|.76|.28|.56|1.68|1.27|1.68||
 5230|.76|.28|.56|1.68|1.27|1.68||
 5230|.76|.28|.56|1.68|1.27|1.68||
 5230|.76|.28|.56|1.68|1.27|1.68||
 5230|.76|.28|.56|1.68|1.27|1.68||
 5230|.76|.28|.56|1.68|1.27|1.68||
 5230|.76|.28|.56|1.68|1.27|1.68||
 5230|.76|.28|.56|1.68|1.27|1.68||
 5230|.76|.28|.56|1.68|1.27|1.68||
 5230|.76|.28|.56|1.68|1.27|1.68||
 5230|.76|.28|.56|1.68|1.27|1.68||
 5230|.76|.28|.56|1.68|1.27|1.68||
 5230|.76|.28|.56|1.68|1.27|1.68||
 5230|.76|.28|.56|1.68|1.27|1.68||
 5230|.76|.28|.56|1.68|1.27|1.68||
 5230|.76|.28|.56|1.68|1.27|1.68||
 5230|.76|.28|.56|1.68|1.27|1.68||
 5230|.76|.28|.56|1.68|1.27|1.68||
 5230|.76|.28|.56|1.68|1.27|1.68||
 5230|.76|.28|.56|1.68|1.27|1.68||
 5230|.76|.28|.56|1.68|1.27|1.68||
 5230|.76|.28|.56|1.68|1.27|1.68||
 5230|.76|.28|.56|1.68|1.27|1.68||
 5230|.76|.28|.56|1.68|1.27|1.68||
 5230|.76|.28|.56|1.68|1.27|1.68||
 5230|.76|.28|.56|1.68|1.27|1.68||
 5230|.76|.28|.56|1.68|1.27|1.68||
 5231|1.8|.87|.22|2.88|.11|.16|.71|
 5231|1.8|.87|.22|2.88|.11|.16|.71|
 5231|1.8|.87|.22|2.88|.11|.16|.71|
 5231|1.8|.87|.22|2.88|.11|.16|.71|
 5231|1.8|.87|.22|2.88|.11|.16|.71|
 5231|1.8|.87|.22|2.88|.11|.16|.71|
 5231|1.8|.87|.22|2.88|.11|.16|.71|
 5231|1.8|.87|.22|2.88|.11|.16|.71|
 5231|1.8|.87|.22|2.88|.11|.16|.71|
 5231|1.8|.87|.22|2.88|.11|.16|.71|
 5231|1.8|.87|.22|2.88|.11|.16|.71|
 5231|1.8|.87|.22|2.88|.11|.16|.71|
 5231|1.8|.87|.22|2.88|.11|.16|.71|
 5231|1.8|.87|.22|2.88|.11|.16|.71|
 5231|1.8|.87|.22|2.88|.11|.16|.71|
 5231|1.8|.87|.22|2.88|.11|.16|.71|
 5231|1.8|.87|.22|2.88|.11|.16|.71|
 5231|1.8|.87|.22|2.88|.11|.16|.71|
 5231|1.8|.87|.22|2.88|.11|.16|.71|
 5231|1.8|.87|.22|2.88|.11|.16|.71|
 5231|1.8|.87|.22|2.88|.11|.16|.71|
 5231|1.8|.87|.22|2.88|.11|.16|.71|
 5231|1.8|.87|.22|2.88|.11|.16|.71|
 5231|1.8|.87|.22|2.88|.11|.16|.71|
 5231|1.8|.87|.22|2.88|.11|.16|.71|
 5231|1.8|.87|.22|2.88|.11|.16|.71|
 5231|1.8|.87|.22|2.88|.11|.16|.71|
 5231|1.8|.87|.22|2.88|.11|.16|.71|
 5231|1.8|.87|.22|2.88|.11|.16|.71|
 5231|1.8|.87|.22|2.88|.11|.16|.71|
 5231|1.8|.87|.22|2.88|.11|.16|.71|
 5231|1.8|.87|.22|2.88|.11|.16|.71|
 5231|1.8|.87|.22|2.88|.11|.16|.71|
 5231|1.8|.87|.22|2.88|.11|.16|.71|
 5231|1.8|.87|.22|2.88|.11|.16|.71|
 5231|1.8|.87|.22|2.88|.11|.16|.71|
 5231|1.8|.87|.22|2.88|.11|.16|.71|
 5231|1.8|.87|.22|2.88|.11|.16|.71|
 5231|1.8|.87|.22|2.88|.11|.16|.71|
 5231|1.8|.87|.22|2.88|.11|.16|.71|
 5231|1.8|.87|.22|2.88|.11|.16|.71|
 5231|1.8|.87|.22|2.88|.11|.16|.71|
 5231|1.8|.87|.22|2.88|.11|.16|.71|
 5231|1.8|.87|.22|2.88|.11|.16|.71|
 5231|1.8|.87|.22|2.88|.11|.16|.71|
 5231|1.8|.87|.22|2.88|.11|.16|.71|
 5231|1.8|.87|.22|2.88|.11|.16|.71|
 5231|1.8|.87|.22|2.88|.11|.16|.71|
 5231|1.8|.87|.22|2.88|.11|.16|.71|
 5232||2.6|1.9|.12|.15|5|.25|
 5232||2.6|1.9|.12|.15|5|.25|
 5232||2.6|1.9|.12|.15|5|.25|
 5232||2.6|1.9|.12|.15|5|.25|
 5232||2.6|1.9|.12|.15|5|.25|
 5232||2.6|1.9|.12|.15|5|.25|
 5232||2.6|1.9|.12|.15|5|.25|
 5232||2.6|1.9|.12|.15|5|.25|
 5232||2.6|1.9|.12|.15|5|.25|
 5232||2.6|1.9|.12|.15|5|.25|
 5232||2.6|1.9|.12|.15|5|.25|
 5232||2.6|1.9|.12|.15|5|.25|
 5232||2.6|1.9|.12|.15|5|.25|
 5232||2.6|1.9|.12|.15|5|.25|
 5232||2.6|1.9|.12|.15|5|.25|
 5232||2.6|1.9|.12|.15|5|.25|
 5232||2.6|1.9|.12|.15|5|.25|
 5232||2.6|1.9|.12|.15|5|.25|
 5232||2.6|1.9|.12|.15|5|.25|
 5232||2.6|1.9|.12|.15|5|.25|
 5232||2.6|1.9|.12|.15|5|.25|
 5232||2.6|1.9|.12|.15|5|.25|
 5232||2.6|1.9|.12|.15|5|.25|
 5232||2.6|1.9|.12|.15|5|.25|
 5232||2.6|1.9|.12|.15|5|.25|
 5232||2.6|1.9|.12|.15|5|.25|
 5232||2.6|1.9|.12|.15|5|.25|
 5232||2.6|1.9|.12|.15|5|.25|
 5232||2.6|1.9|.12|.15|5|.25|
 5232||2.6|1.9|.12|.15|5|.25|
 5232||2.6|1.9|.12|.15|5|.25|
 5232||2.6|1.9|.12|.15|5|.25|
 5232||2.6|1.9|.12|.15|5|.25|
 5232||2.6|1.9|.12|.15|5|.25|
 5232||2.6|1.9|.12|.15|5|.25|
 5232||2.6|1.9|.12|.15|5|.25|
 5232||2.6|1.9|.12|.15|5|.25|
 5232||2.6|1.9|.12|.15|5|.25|
 5232||2.6|1.9|.12|.15|5|.25|
 5232||2.6|1.9|.12|.15|5|.25|
 5232||2.6|1.9|.12|.15|5|.25|
 5232||2.6|1.9|.12|.15|5|.25|
 5232||2.6|1.9|.12|.15|5|.25|
 5232||2.6|1.9|.12|.15|5|.25|
 5232||2.6|1.9|.12|.15|5|.25|
 5232||2.6|1.9|.12|.15|5|.25|
 5232||2.6|1.9|.12|.15|5|.25|
 5232||2.6|1.9|.12|.15|5|.25|
 5232||2.6|1.9|.12|.15|5|.25|
 5233|2.8|.33|1.97|27.12|1.68||.99|
 5233|2.8|.33|1.97|27.12|1.68||.99|
 5233|2.8|.33|1.97|27.12|1.68||.99|
 5233|2.8|.33|1.97|27.12|1.68||.99|
 5233|2.8|.33|1.97|27.12|1.68||.99|
 5233|2.8|.33|1.97|27.12|1.68||.99|
 5233|2.8|.33|1.97|27.12|1.68||.99|
 5233|2.8|.33|1.97|27.12|1.68||.99|
 5233|2.8|.33|1.97|27.12|1.68||.99|
 5233|2.8|.33|1.97|27.12|1.68||.99|
 5233|2.8|.33|1.97|27.12|1.68||.99|
 5233|2.8|.33|1.97|27.12|1.68||.99|
 5233|2.8|.33|1.97|27.12|1.68||.99|
 5233|2.8|.33|1.97|27.12|1.68||.99|
 5233|2.8|.33|1.97|27.12|1.68||.99|
 5233|2.8|.33|1.97|27.12|1.68||.99|
 5233|2.8|.33|1.97|27.12|1.68||.99|
 5233|2.8|.33|1.97|27.12|1.68||.99|
 5233|2.8|.33|1.97|27.12|1.68||.99|
 5233|2.8|.33|1.97|27.12|1.68||.99|
 5233|2.8|.33|1.97|27.12|1.68||.99|
 5233|2.8|.33|1.97|27.12|1.68||.99|
 5233|2.8|.33|1.97|27.12|1.68||.99|
 5233|2.8|.33|1.97|27.12|1.68||.99|
 5233|2.8|.33|1.97|27.12|1.68||.99|
 5233|2.8|.33|1.97|27.12|1.68||.99|
 5233|2.8|.33|1.97|27.12|1.68||.99|
 5233|2.8|.33|1.97|27.12|1.68||.99|
 5233|2.8|.33|1.97|27.12|1.68||.99|
 5233|2.8|.33|1.97|27.12|1.68||.99|
 5233|2.8|.33|1.97|27.12|1.68||.99|
 5233|2.8|.33|1.97|27.12|1.68||.99|
 5233|2.8|.33|1.97|27.12|1.68||.99|
 5233|2.8|.33|1.97|27.12|1.68||.99|
 5233|2.8|.33|1.97|27.12|1.68||.99|
 5233|2.8|.33|1.97|27.12|1.68||.99|
 5233|2.8|.33|1.97|27.12|1.68||.99|
 5233|2.8|.33|1.97|27.12|1.68||.99|
 5233|2.8|.33|1.97|27.12|1.68||.99|
 5233|2.8|.33|1.97|27.12|1.68||.99|
 5233|2.8|.33|1.97|27.12|1.68||.99|
 5233|2.8|.33|1.97|27.12|1.68||.99|
 5233|2.8|.33|1.97|27.12|1.68||.99|
 5233|2.8|.33|1.97|27.12|1.68||.99|
 5233|2.8|.33|1.97|27.12|1.68||.99|
 5233|2.8|.33|1.97|27.12|1.68||.99|
 5233|2.8|.33|1.97|27.12|1.68||.99|
 5233|2.8|.33|1.97|27.12|1.68||.99|
 5233|2.8|.33|1.97|27.12|1.68||.99|
 5234|.42|.33|1.37|1.33|7.43|3.47|.66|
 5234|.42|.33|1.37|1.33|7.43|3.47|.66|
 5234|.42|.33|1.37|1.33|7.43|3.47|.66|
 5234|.42|.33|1.37|1.33|7.43|3.47|.66|
 5234|.42|.33|1.37|1.33|7.43|3.47|.66|
 5234|.42|.33|1.37|1.33|7.43|3.47|.66|
 5234|.42|.33|1.37|1.33|7.43|3.47|.66|
 5234|.42|.33|1.37|1.33|7.43|3.47|.66|
 5234|.42|.33|1.37|1.33|7.43|3.47|.66|
 5234|.42|.33|1.37|1.33|7.43|3.47|.66|
 5234|.42|.33|1.37|1.33|7.43|3.47|.66|
 5234|.42|.33|1.37|1.33|7.43|3.47|.66|
 5234|.42|.33|1.37|1.33|7.43|3.47|.66|
 5234|.42|.33|1.37|1.33|7.43|3.47|.66|
 5234|.42|.33|1.37|1.33|7.43|3.47|.66|
 5234|.42|.33|1.37|1.33|7.43|3.47|.66|
 5234|.42|.33|1.37|1.33|7.43|3.47|.66|
 5234|.42|.33|1.37|1.33|7.43|3.47|.66|
 5234|.42|.33|1.37|1.33|7.43|3.47|.66|
 5234|.42|.33|1.37|1.33|7.43|3.47|.66|
 5234|.42|.33|1.37|1.33|7.43|3.47|.66|
 5234|.42|.33|1.37|1.33|7.43|3.47|.66|
 5234|.42|.33|1.37|1.33|7.43|3.47|.66|
 5234|.42|.33|1.37|1.33|7.43|3.47|.66|
 5234|.42|.33|1.37|1.33|7.43|3.47|.66|
 5234|.42|.33|1.37|1.33|7.43|3.47|.66|
 5234|.42|.33|1.37|1.33|7.43|3.47|.66|
 5234|.42|.33|1.37|1.33|7.43|3.47|.66|
 5234|.42|.33|1.37|1.33|7.43|3.47|.66|
 5234|.42|.33|1.37|1.33|7.43|3.47|.66|
 5234|.42|.33|1.37|1.33|7.43|3.47|.66|
 5234|.42|.33|1.37|1.33|7.43|3.47|.66|
 5234|.42|.33|1.37|1.33|7.43|3.47|.66|
 5234|.42|.33|1.37|1.33|7.43|3.47|.66|
 5234|.42|.33|1.37|1.33|7.43|3.47|.66|
 5234|.42|.33|1.37|1.33|7.43|3.47|.66|
 5234|.42|.33|1.37|1.33|7.43|3.47|.66|
 5234|.42|.33|1.37|1.33|7.43|3.47|.66|
 5234|.42|.33|1.37|1.33|7.43|3.47|.66|
 5234|.42|.33|1.37|1.33|7.43|3.47|.66|
 5234|.42|.33|1.37|1.33|7.43|3.47|.66|
 5234|.42|.33|1.37|1.33|7.43|3.47|.66|
 5234|.42|.33|1.37|1.33|7.43|3.47|.66|
 5234|.42|.33|1.37|1.33|7.43|3.47|.66|
 5234|.42|.33|1.37|1.33|7.43|3.47|.66|
 5234|.42|.33|1.37|1.33|7.43|3.47|.66|
 5234|.42|.33|1.37|1.33|7.43|3.47|.66|
 5234|.42|.33|1.37|1.33|7.43|3.47|.66|
 5234|.42|.33|1.37|1.33|7.43|3.47|.66|
 5235|.54|4.91|2.45|1.38|.53||5.8|
 5235|.54|4.91|2.45|1.38|.53||5.8|
 5235|.54|4.91|2.45|1.38|.53||5.8|
 5235|.54|4.91|2.45|1.38|.53||5.8|
 5235|.54|4.91|2.45|1.38|.53||5.8|
 5235|.54|4.91|2.45|1.38|.53||5.8|
 5235|.54|4.91|2.45|1.38|.53||5.8|
 5235|.54|4.91|2.45|1.38|.53||5.8|
 5235|.54|4.91|2.45|1.38|.53||5.8|
 5235|.54|4.91|2.45|1.38|.53||5.8|
 5235|.54|4.91|2.45|1.38|.53||5.8|
 5235|.54|4.91|2.45|1.38|.53||5.8|
 5235|.54|4.91|2.45|1.38|.53||5.8|
 5235|.54|4.91|2.45|1.38|.53||5.8|
 5235|.54|4.91|2.45|1.38|.53||5.8|
 5235|.54|4.91|2.45|1.38|.53||5.8|
 5235|.54|4.91|2.45|1.38|.53||5.8|
 5235|.54|4.91|2.45|1.38|.53||5.8|
 5235|.54|4.91|2.45|1.38|.53||5.8|
 5235|.54|4.91|2.45|1.38|.53||5.8|
 5235|.54|4.91|2.45|1.38|.53||5.8|
 5235|.54|4.91|2.45|1.38|.53||5.8|
 5235|.54|4.91|2.45|1.38|.53||5.8|
 5235|.54|4.91|2.45|1.38|.53||5.8|
 5235|.54|4.91|2.45|1.38|.53||5.8|
 5235|.54|4.91|2.45|1.38|.53||5.8|
 5235|.54|4.91|2.45|1.38|.53||5.8|
 5235|.54|4.91|2.45|1.38|.53||5.8|
 5235|.54|4.91|2.45|1.38|.53||5.8|
 5235|.54|4.91|2.45|1.38|.53||5.8|
 5235|.54|4.91|2.45|1.38|.53||5.8|
 5235|.54|4.91|2.45|1.38|.53||5.8|
 5235|.54|4.91|2.45|1.38|.53||5.8|
 5235|.54|4.91|2.45|1.38|.53||5.8|
 5235|.54|4.91|2.45|1.38|.53||5.8|
 5235|.54|4.91|2.45|1.38|.53||5.8|
 5235|.54|4.91|2.45|1.38|.53||5.8|
 5235|.54|4.91|2.45|1.38|.53||5.8|
 5235|.54|4.91|2.45|1.38|.53||5.8|
 5235|.54|4.91|2.45|1.38|.53||5.8|
 5235|.54|4.91|2.45|1.38|.53||5.8|
 5235|.54|4.91|2.45|1.38|.53||5.8|
 5235|.54|4.91|2.45|1.38|.53||5.8|
 5235|.54|4.91|2.45|1.38|.53||5.8|
 5235|.54|4.91|2.45|1.38|.53||5.8|
 5235|.54|4.91|2.45|1.38|.53||5.8|
 5235|.54|4.91|2.45|1.38|.53||5.8|
 5235|.54|4.91|2.45|1.38|.53||5.8|
 5235|.54|4.91|2.45|1.38|.53||5.8|
 5236|.3|1.67|1.77|1.9|.99|1.61|1.82|
 5236|.3|1.67|1.77|1.9|.99|1.61|1.82|
 5236|.3|1.67|1.77|1.9|.99|1.61|1.82|
 5236|.3|1.67|1.77|1.9|.99|1.61|1.82|
 5236|.3|1.67|1.77|1.9|.99|1.61|1.82|
 5236|.3|1.67|1.77|1.9|.99|1.61|1.82|
 5236|.3|1.67|1.77|1.9|.99|1.61|1.82|
 5236|.3|1.67|1.77|1.9|.99|1.61|1.82|
 5236|.3|1.67|1.77|1.9|.99|1.61|1.82|
 5236|.3|1.67|1.77|1.9|.99|1.61|1.82|
 5236|.3|1.67|1.77|1.9|.99|1.61|1.82|
 5236|.3|1.67|1.77|1.9|.99|1.61|1.82|
 5236|.3|1.67|1.77|1.9|.99|1.61|1.82|
 5236|.3|1.67|1.77|1.9|.99|1.61|1.82|
 5236|.3|1.67|1.77|1.9|.99|1.61|1.82|
 5236|.3|1.67|1.77|1.9|.99|1.61|1.82|
 5236|.3|1.67|1.77|1.9|.99|1.61|1.82|
 5236|.3|1.67|1.77|1.9|.99|1.61|1.82|
 5236|.3|1.67|1.77|1.9|.99|1.61|1.82|
 5236|.3|1.67|1.77|1.9|.99|1.61|1.82|
 5236|.3|1.67|1.77|1.9|.99|1.61|1.82|
 5236|.3|1.67|1.77|1.9|.99|1.61|1.82|
 5236|.3|1.67|1.77|1.9|.99|1.61|1.82|
 5236|.3|1.67|1.77|1.9|.99|1.61|1.82|
 5236|.3|1.67|1.77|1.9|.99|1.61|1.82|
 5236|.3|1.67|1.77|1.9|.99|1.61|1.82|
 5236|.3|1.67|1.77|1.9|.99|1.61|1.82|
 5236|.3|1.67|1.77|1.9|.99|1.61|1.82|
 5236|.3|1.67|1.77|1.9|.99|1.61|1.82|
 5236|.3|1.67|1.77|1.9|.99|1.61|1.82|
 5236|.3|1.67|1.77|1.9|.99|1.61|1.82|
 5236|.3|1.67|1.77|1.9|.99|1.61|1.82|
 5236|.3|1.67|1.77|1.9|.99|1.61|1.82|
 5236|.3|1.67|1.77|1.9|.99|1.61|1.82|
 5236|.3|1.67|1.77|1.9|.99|1.61|1.82|
 5236|.3|1.67|1.77|1.9|.99|1.61|1.82|
 5236|.3|1.67|1.77|1.9|.99|1.61|1.82|
 5236|.3|1.67|1.77|1.9|.99|1.61|1.82|
 5236|.3|1.67|1.77|1.9|.99|1.61|1.82|
 5236|.3|1.67|1.77|1.9|.99|1.61|1.82|
 5236|.3|1.67|1.77|1.9|.99|1.61|1.82|
 5236|.3|1.67|1.77|1.9|.99|1.61|1.82|
 5236|.3|1.67|1.77|1.9|.99|1.61|1.82|
 5236|.3|1.67|1.77|1.9|.99|1.61|1.82|
 5236|.3|1.67|1.77|1.9|.99|1.61|1.82|
 5236|.3|1.67|1.77|1.9|.99|1.61|1.82|
 5236|.3|1.67|1.77|1.9|.99|1.61|1.82|
 5236|.3|1.67|1.77|1.9|.99|1.61|1.82|
 5236|.3|1.67|1.77|1.9|.99|1.61|1.82|
 5237|.51|||1.08|1.35|1.26|1.64|
 5237|.51|||1.08|1.35|1.26|1.64|
 5237|.51|||1.08|1.35|1.26|1.64|
 5237|.51|||1.08|1.35|1.26|1.64|
 5237|.51|||1.08|1.35|1.26|1.64|
 5237|.51|||1.08|1.35|1.26|1.64|
 5237|.51|||1.08|1.35|1.26|1.64|
 5237|.51|||1.08|1.35|1.26|1.64|
 5237|.51|||1.08|1.35|1.26|1.64|
 5237|.51|||1.08|1.35|1.26|1.64|
 5237|.51|||1.08|1.35|1.26|1.64|
 5237|.51|||1.08|1.35|1.26|1.64|
 5237|.51|||1.08|1.35|1.26|1.64|
 5237|.51|||1.08|1.35|1.26|1.64|
 5237|.51|||1.08|1.35|1.26|1.64|
 5237|.51|||1.08|1.35|1.26|1.64|
 5237|.51|||1.08|1.35|1.26|1.64|
 5237|.51|||1.08|1.35|1.26|1.64|
 5237|.51|||1.08|1.35|1.26|1.64|
 5237|.51|||1.08|1.35|1.26|1.64|
 5237|.51|||1.08|1.35|1.26|1.64|
 5237|.51|||1.08|1.35|1.26|1.64|
 5237|.51|||1.08|1.35|1.26|1.64|
 5237|.51|||1.08|1.35|1.26|1.64|
 5237|.51|||1.08|1.35|1.26|1.64|
 5237|.51|||1.08|1.35|1.26|1.64|
 5237|.51|||1.08|1.35|1.26|1.64|
 5237|.51|||1.08|1.35|1.26|1.64|
 5237|.51|||1.08|1.35|1.26|1.64|
 5237|.51|||1.08|1.35|1.26|1.64|
 5237|.51|||1.08|1.35|1.26|1.64|
 5237|.51|||1.08|1.35|1.26|1.64|
 5237|.51|||1.08|1.35|1.26|1.64|
 5237|.51|||1.08|1.35|1.26|1.64|
 5237|.51|||1.08|1.35|1.26|1.64|
 5237|.51|||1.08|1.35|1.26|1.64|
 5237|.51|||1.08|1.35|1.26|1.64|
 5237|.51|||1.08|1.35|1.26|1.64|
 5237|.51|||1.08|1.35|1.26|1.64|
 5237|.51|||1.08|1.35|1.26|1.64|
 5237|.51|||1.08|1.35|1.26|1.64|
 5237|.51|||1.08|1.35|1.26|1.64|
 5237|.51|||1.08|1.35|1.26|1.64|
 5237|.51|||1.08|1.35|1.26|1.64|
 5237|.51|||1.08|1.35|1.26|1.64|
 5237|.51|||1.08|1.35|1.26|1.64|
 5237|.51|||1.08|1.35|1.26|1.64|
 5237|.51|||1.08|1.35|1.26|1.64|
 5237|.51|||1.08|1.35|1.26|1.64|
 5238|.89|.33|2.32|.66|1.67|.44|2.38|
 5238|.89|.33|2.32|.66|1.67|.44|2.38|
 5238|.89|.33|2.32|.66|1.67|.44|2.38|
 5238|.89|.33|2.32|.66|1.67|.44|2.38|
 5238|.89|.33|2.32|.66|1.67|.44|2.38|
 5238|.89|.33|2.32|.66|1.67|.44|2.38|
 5238|.89|.33|2.32|.66|1.67|.44|2.38|
 5238|.89|.33|2.32|.66|1.67|.44|2.38|
 5238|.89|.33|2.32|.66|1.67|.44|2.38|
 5238|.89|.33|2.32|.66|1.67|.44|2.38|
 5238|.89|.33|2.32|.66|1.67|.44|2.38|
 5238|.89|.33|2.32|.66|1.67|.44|2.38|
 5238|.89|.33|2.32|.66|1.67|.44|2.38|
 5238|.89|.33|2.32|.66|1.67|.44|2.38|
 5238|.89|.33|2.32|.66|1.67|.44|2.38|
 5238|.89|.33|2.32|.66|1.67|.44|2.38|
 5238|.89|.33|2.32|.66|1.67|.44|2.38|
 5238|.89|.33|2.32|.66|1.67|.44|2.38|
 5238|.89|.33|2.32|.66|1.67|.44|2.38|
 5238|.89|.33|2.32|.66|1.67|.44|2.38|
 5238|.89|.33|2.32|.66|1.67|.44|2.38|
 5238|.89|.33|2.32|.66|1.67|.44|2.38|
 5238|.89|.33|2.32|.66|1.67|.44|2.38|
 5238|.89|.33|2.32|.66|1.67|.44|2.38|
 5238|.89|.33|2.32|.66|1.67|.44|2.38|
 5238|.89|.33|2.32|.66|1.67|.44|2.38|
 5238|.89|.33|2.32|.66|1.67|.44|2.38|
 5238|.89|.33|2.32|.66|1.67|.44|2.38|
 5238|.89|.33|2.32|.66|1.67|.44|2.38|
 5238|.89|.33|2.32|.66|1.67|.44|2.38|
 5238|.89|.33|2.32|.66|1.67|.44|2.38|
 5238|.89|.33|2.32|.66|1.67|.44|2.38|
 5238|.89|.33|2.32|.66|1.67|.44|2.38|
 5238|.89|.33|2.32|.66|1.67|.44|2.38|
 5238|.89|.33|2.32|.66|1.67|.44|2.38|
 5238|.89|.33|2.32|.66|1.67|.44|2.38|
 5238|.89|.33|2.32|.66|1.67|.44|2.38|
 5238|.89|.33|2.32|.66|1.67|.44|2.38|
 5238|.89|.33|2.32|.66|1.67|.44|2.38|
 5238|.89|.33|2.32|.66|1.67|.44|2.38|
 5238|.89|.33|2.32|.66|1.67|.44|2.38|
 5238|.89|.33|2.32|.66|1.67|.44|2.38|
 5238|.89|.33|2.32|.66|1.67|.44|2.38|
 5238|.89|.33|2.32|.66|1.67|.44|2.38|
 5238|.89|.33|2.32|.66|1.67|.44|2.38|
 5238|.89|.33|2.32|.66|1.67|.44|2.38|
 5238|.89|.33|2.32|.66|1.67|.44|2.38|
 5238|.89|.33|2.32|.66|1.67|.44|2.38|
 5238|.89|.33|2.32|.66|1.67|.44|2.38|
 5239|2.14|2.37|.95|.87|5.04|1.51|.36|
 5239|2.14|2.37|.95|.87|5.04|1.51|.36|
 5239|2.14|2.37|.95|.87|5.04|1.51|.36|
 5239|2.14|2.37|.95|.87|5.04|1.51|.36|
 5239|2.14|2.37|.95|.87|5.04|1.51|.36|
 5239|2.14|2.37|.95|.87|5.04|1.51|.36|
 5239|2.14|2.37|.95|.87|5.04|1.51|.36|
 5239|2.14|2.37|.95|.87|5.04|1.51|.36|
 5239|2.14|2.37|.95|.87|5.04|1.51|.36|
 5239|2.14|2.37|.95|.87|5.04|1.51|.36|
 5239|2.14|2.37|.95|.87|5.04|1.51|.36|
 5239|2.14|2.37|.95|.87|5.04|1.51|.36|
 5239|2.14|2.37|.95|.87|5.04|1.51|.36|
 5239|2.14|2.37|.95|.87|5.04|1.51|.36|
 5239|2.14|2.37|.95|.87|5.04|1.51|.36|
 5239|2.14|2.37|.95|.87|5.04|1.51|.36|
 5239|2.14|2.37|.95|.87|5.04|1.51|.36|
 5239|2.14|2.37|.95|.87|5.04|1.51|.36|
 5239|2.14|2.37|.95|.87|5.04|1.51|.36|
 5239|2.14|2.37|.95|.87|5.04|1.51|.36|
 5239|2.14|2.37|.95|.87|5.04|1.51|.36|
 5239|2.14|2.37|.95|.87|5.04|1.51|.36|
 5239|2.14|2.37|.95|.87|5.04|1.51|.36|
 5239|2.14|2.37|.95|.87|5.04|1.51|.36|
 5239|2.14|2.37|.95|.87|5.04|1.51|.36|
 5239|2.14|2.37|.95|.87|5.04|1.51|.36|
 5239|2.14|2.37|.95|.87|5.04|1.51|.36|
 5239|2.14|2.37|.95|.87|5.04|1.51|.36|
 5239|2.14|2.37|.95|.87|5.04|1.51|.36|
 5239|2.14|2.37|.95|.87|5.04|1.51|.36|
 5239|2.14|2.37|.95|.87|5.04|1.51|.36|
 5239|2.14|2.37|.95|.87|5.04|1.51|.36|
 5239|2.14|2.37|.95|.87|5.04|1.51|.36|
 5239|2.14|2.37|.95|.87|5.04|1.51|.36|
 5239|2.14|2.37|.95|.87|5.04|1.51|.36|
 5239|2.14|2.37|.95|.87|5.04|1.51|.36|
 5239|2.14|2.37|.95|.87|5.04|1.51|.36|
 5239|2.14|2.37|.95|.87|5.04|1.51|.36|
 5239|2.14|2.37|.95|.87|5.04|1.51|.36|
 5239|2.14|2.37|.95|.87|5.04|1.51|.36|
 5239|2.14|2.37|.95|.87|5.04|1.51|.36|
 5239|2.14|2.37|.95|.87|5.04|1.51|.36|
 5239|2.14|2.37|.95|.87|5.04|1.51|.36|
 5239|2.14|2.37|.95|.87|5.04|1.51|.36|
 5239|2.14|2.37|.95|.87|5.04|1.51|.36|
 5239|2.14|2.37|.95|.87|5.04|1.51|.36|
 5239|2.14|2.37|.95|.87|5.04|1.51|.36|
 5239|2.14|2.37|.95|.87|5.04|1.51|.36|
 5239|2.14|2.37|.95|.87|5.04|1.51|.36|
 5240|.77|5.37|.46|1.13|2.24|2.03|2.01|
 5240|.77|5.37|.46|1.13|2.24|2.03|2.01|
 5240|.77|5.37|.46|1.13|2.24|2.03|2.01|
 5240|.77|5.37|.46|1.13|2.24|2.03|2.01|
 5240|.77|5.37|.46|1.13|2.24|2.03|2.01|
 5240|.77|5.37|.46|1.13|2.24|2.03|2.01|
 5240|.77|5.37|.46|1.13|2.24|2.03|2.01|
 5240|.77|5.37|.46|1.13|2.24|2.03|2.01|
 5240|.77|5.37|.46|1.13|2.24|2.03|2.01|
 5240|.77|5.37|.46|1.13|2.24|2.03|2.01|
 5240|.77|5.37|.46|1.13|2.24|2.03|2.01|
 5240|.77|5.37|.46|1.13|2.24|2.03|2.01|
 5240|.77|5.37|.46|1.13|2.24|2.03|2.01|
 5240|.77|5.37|.46|1.13|2.24|2.03|2.01|
 5240|.77|5.37|.46|1.13|2.24|2.03|2.01|
 5240|.77|5.37|.46|1.13|2.24|2.03|2.01|
 5240|.77|5.37|.46|1.13|2.24|2.03|2.01|
 5240|.77|5.37|.46|1.13|2.24|2.03|2.01|
 5240|.77|5.37|.46|1.13|2.24|2.03|2.01|
 5240|.77|5.37|.46|1.13|2.24|2.03|2.01|
 5240|.77|5.37|.46|1.13|2.24|2.03|2.01|
 5240|.77|5.37|.46|1.13|2.24|2.03|2.01|
 5240|.77|5.37|.46|1.13|2.24|2.03|2.01|
 5240|.77|5.37|.46|1.13|2.24|2.03|2.01|
 5240|.77|5.37|.46|1.13|2.24|2.03|2.01|
 5240|.77|5.37|.46|1.13|2.24|2.03|2.01|
 5240|.77|5.37|.46|1.13|2.24|2.03|2.01|
 5240|.77|5.37|.46|1.13|2.24|2.03|2.01|
 5240|.77|5.37|.46|1.13|2.24|2.03|2.01|
 5240|.77|5.37|.46|1.13|2.24|2.03|2.01|
 5240|.77|5.37|.46|1.13|2.24|2.03|2.01|
 5240|.77|5.37|.46|1.13|2.24|2.03|2.01|
 5240|.77|5.37|.46|1.13|2.24|2.03|2.01|
 5240|.77|5.37|.46|1.13|2.24|2.03|2.01|
 5240|.77|5.37|.46|1.13|2.24|2.03|2.01|
 5240|.77|5.37|.46|1.13|2.24|2.03|2.01|
 5240|.77|5.37|.46|1.13|2.24|2.03|2.01|
 5240|.77|5.37|.46|1.13|2.24|2.03|2.01|
 5240|.77|5.37|.46|1.13|2.24|2.03|2.01|
 5240|.77|5.37|.46|1.13|2.24|2.03|2.01|
 5240|.77|5.37|.46|1.13|2.24|2.03|2.01|
 5240|.77|5.37|.46|1.13|2.24|2.03|2.01|
 5240|.77|5.37|.46|1.13|2.24|2.03|2.01|
 5240|.77|5.37|.46|1.13|2.24|2.03|2.01|
 5240|.77|5.37|.46|1.13|2.24|2.03|2.01|
 5240|.77|5.37|.46|1.13|2.24|2.03|2.01|
 5240|.77|5.37|.46|1.13|2.24|2.03|2.01|
 5240|.77|5.37|.46|1.13|2.24|2.03|2.01|
 5240|.77|5.37|.46|1.13|2.24|2.03|2.01|
 5241|.28|.9|2.06|1.34|.46|.98|6.56|
 5241|.28|.9|2.06|1.34|.46|.98|6.56|
 5241|.28|.9|2.06|1.34|.46|.98|6.56|
 5241|.28|.9|2.06|1.34|.46|.98|6.56|
 5241|.28|.9|2.06|1.34|.46|.98|6.56|
 5241|.28|.9|2.06|1.34|.46|.98|6.56|
 5241|.28|.9|2.06|1.34|.46|.98|6.56|
 5241|.28|.9|2.06|1.34|.46|.98|6.56|
 5241|.28|.9|2.06|1.34|.46|.98|6.56|
 5241|.28|.9|2.06|1.34|.46|.98|6.56|
 5241|.28|.9|2.06|1.34|.46|.98|6.56|
 5241|.28|.9|2.06|1.34|.46|.98|6.56|
 5241|.28|.9|2.06|1.34|.46|.98|6.56|
 5241|.28|.9|2.06|1.34|.46|.98|6.56|
 5241|.28|.9|2.06|1.34|.46|.98|6.56|
 5241|.28|.9|2.06|1.34|.46|.98|6.56|
 5241|.28|.9|2.06|1.34|.46|.98|6.56|
 5241|.28|.9|2.06|1.34|.46|.98|6.56|
 5241|.28|.9|2.06|1.34|.46|.98|6.56|
 5241|.28|.9|2.06|1.34|.46|.98|6.56|
 5241|.28|.9|2.06|1.34|.46|.98|6.56|
 5241|.28|.9|2.06|1.34|.46|.98|6.56|
 5241|.28|.9|2.06|1.34|.46|.98|6.56|
 5241|.28|.9|2.06|1.34|.46|.98|6.56|
 5241|.28|.9|2.06|1.34|.46|.98|6.56|
 5241|.28|.9|2.06|1.34|.46|.98|6.56|
 5241|.28|.9|2.06|1.34|.46|.98|6.56|
 5241|.28|.9|2.06|1.34|.46|.98|6.56|
 5241|.28|.9|2.06|1.34|.46|.98|6.56|
 5241|.28|.9|2.06|1.34|.46|.98|6.56|
 5241|.28|.9|2.06|1.34|.46|.98|6.56|
 5241|.28|.9|2.06|1.34|.46|.98|6.56|
 5241|.28|.9|2.06|1.34|.46|.98|6.56|
 5241|.28|.9|2.06|1.34|.46|.98|6.56|
 5241|.28|.9|2.06|1.34|.46|.98|6.56|
 5241|.28|.9|2.06|1.34|.46|.98|6.56|
 5241|.28|.9|2.06|1.34|.46|.98|6.56|
 5241|.28|.9|2.06|1.34|.46|.98|6.56|
 5241|.28|.9|2.06|1.34|.46|.98|6.56|
 5241|.28|.9|2.06|1.34|.46|.98|6.56|
 5241|.28|.9|2.06|1.34|.46|.98|6.56|
 5241|.28|.9|2.06|1.34|.46|.98|6.56|
 5241|.28|.9|2.06|1.34|.46|.98|6.56|
 5241|.28|.9|2.06|1.34|.46|.98|6.56|
 5241|.28|.9|2.06|1.34|.46|.98|6.56|
 5241|.28|.9|2.06|1.34|.46|.98|6.56|
 5241|.28|.9|2.06|1.34|.46|.98|6.56|
 5241|.28|.9|2.06|1.34|.46|.98|6.56|
 5241|.28|.9|2.06|1.34|.46|.98|6.56|
 5242|.52|.8|1.04|.08|1.25|1.92|.29|
 5242|.52|.8|1.04|.08|1.25|1.92|.29|
 5242|.52|.8|1.04|.08|1.25|1.92|.29|
 5242|.52|.8|1.04|.08|1.25|1.92|.29|
 5242|.52|.8|1.04|.08|1.25|1.92|.29|
 5242|.52|.8|1.04|.08|1.25|1.92|.29|
 5242|.52|.8|1.04|.08|1.25|1.92|.29|
 5242|.52|.8|1.04|.08|1.25|1.92|.29|
 5242|.52|.8|1.04|.08|1.25|1.92|.29|
 5242|.52|.8|1.04|.08|1.25|1.92|.29|
 5242|.52|.8|1.04|.08|1.25|1.92|.29|
 5242|.52|.8|1.04|.08|1.25|1.92|.29|
 5242|.52|.8|1.04|.08|1.25|1.92|.29|
 5242|.52|.8|1.04|.08|1.25|1.92|.29|
 5242|.52|.8|1.04|.08|1.25|1.92|.29|
 5242|.52|.8|1.04|.08|1.25|1.92|.29|
 5242|.52|.8|1.04|.08|1.25|1.92|.29|
 5242|.52|.8|1.04|.08|1.25|1.92|.29|
 5242|.52|.8|1.04|.08|1.25|1.92|.29|
 5242|.52|.8|1.04|.08|1.25|1.92|.29|
 5242|.52|.8|1.04|.08|1.25|1.92|.29|
 5242|.52|.8|1.04|.08|1.25|1.92|.29|
 5242|.52|.8|1.04|.08|1.25|1.92|.29|
 5242|.52|.8|1.04|.08|1.25|1.92|.29|
 5242|.52|.8|1.04|.08|1.25|1.92|.29|
 5242|.52|.8|1.04|.08|1.25|1.92|.29|
 5242|.52|.8|1.04|.08|1.25|1.92|.29|
 5242|.52|.8|1.04|.08|1.25|1.92|.29|
 5242|.52|.8|1.04|.08|1.25|1.92|.29|
 5242|.52|.8|1.04|.08|1.25|1.92|.29|
 5242|.52|.8|1.04|.08|1.25|1.92|.29|
 5242|.52|.8|1.04|.08|1.25|1.92|.29|
 5242|.52|.8|1.04|.08|1.25|1.92|.29|
 5242|.52|.8|1.04|.08|1.25|1.92|.29|
 5242|.52|.8|1.04|.08|1.25|1.92|.29|
 5242|.52|.8|1.04|.08|1.25|1.92|.29|
 5242|.52|.8|1.04|.08|1.25|1.92|.29|
 5242|.52|.8|1.04|.08|1.25|1.92|.29|
 5242|.52|.8|1.04|.08|1.25|1.92|.29|
 5242|.52|.8|1.04|.08|1.25|1.92|.29|
 5242|.52|.8|1.04|.08|1.25|1.92|.29|
 5242|.52|.8|1.04|.08|1.25|1.92|.29|
 5242|.52|.8|1.04|.08|1.25|1.92|.29|
 5242|.52|.8|1.04|.08|1.25|1.92|.29|
 5242|.52|.8|1.04|.08|1.25|1.92|.29|
 5242|.52|.8|1.04|.08|1.25|1.92|.29|
 5242|.52|.8|1.04|.08|1.25|1.92|.29|
 5242|.52|.8|1.04|.08|1.25|1.92|.29|
 5242|.52|.8|1.04|.08|1.25|1.92|.29|
 5243|1.4|1.61|2.73|.4|2.9|1.55|3.02|
 5243|1.4|1.61|2.73|.4|2.9|1.55|3.02|
 5243|1.4|1.61|2.73|.4|2.9|1.55|3.02|
 5243|1.4|1.61|2.73|.4|2.9|1.55|3.02|
 5243|1.4|1.61|2.73|.4|2.9|1.55|3.02|
 5243|1.4|1.61|2.73|.4|2.9|1.55|3.02|
 5243|1.4|1.61|2.73|.4|2.9|1.55|3.02|
 5243|1.4|1.61|2.73|.4|2.9|1.55|3.02|
 5243|1.4|1.61|2.73|.4|2.9|1.55|3.02|
 5243|1.4|1.61|2.73|.4|2.9|1.55|3.02|
 5243|1.4|1.61|2.73|.4|2.9|1.55|3.02|
 5243|1.4|1.61|2.73|.4|2.9|1.55|3.02|
 5243|1.4|1.61|2.73|.4|2.9|1.55|3.02|
 5243|1.4|1.61|2.73|.4|2.9|1.55|3.02|
 5243|1.4|1.61|2.73|.4|2.9|1.55|3.02|
 5243|1.4|1.61|2.73|.4|2.9|1.55|3.02|
 5243|1.4|1.61|2.73|.4|2.9|1.55|3.02|
 5243|1.4|1.61|2.73|.4|2.9|1.55|3.02|
 5243|1.4|1.61|2.73|.4|2.9|1.55|3.02|
 5243|1.4|1.61|2.73|.4|2.9|1.55|3.02|
 5243|1.4|1.61|2.73|.4|2.9|1.55|3.02|
 5243|1.4|1.61|2.73|.4|2.9|1.55|3.02|
 5243|1.4|1.61|2.73|.4|2.9|1.55|3.02|
 5243|1.4|1.61|2.73|.4|2.9|1.55|3.02|
 5243|1.4|1.61|2.73|.4|2.9|1.55|3.02|
 5243|1.4|1.61|2.73|.4|2.9|1.55|3.02|
 5243|1.4|1.61|2.73|.4|2.9|1.55|3.02|
 5243|1.4|1.61|2.73|.4|2.9|1.55|3.02|
 5243|1.4|1.61|2.73|.4|2.9|1.55|3.02|
 5243|1.4|1.61|2.73|.4|2.9|1.55|3.02|
 5243|1.4|1.61|2.73|.4|2.9|1.55|3.02|
 5243|1.4|1.61|2.73|.4|2.9|1.55|3.02|
 5243|1.4|1.61|2.73|.4|2.9|1.55|3.02|
 5243|1.4|1.61|2.73|.4|2.9|1.55|3.02|
 5243|1.4|1.61|2.73|.4|2.9|1.55|3.02|
 5243|1.4|1.61|2.73|.4|2.9|1.55|3.02|
 5243|1.4|1.61|2.73|.4|2.9|1.55|3.02|
 5243|1.4|1.61|2.73|.4|2.9|1.55|3.02|
 5243|1.4|1.61|2.73|.4|2.9|1.55|3.02|
 5243|1.4|1.61|2.73|.4|2.9|1.55|3.02|
 5243|1.4|1.61|2.73|.4|2.9|1.55|3.02|
 5243|1.4|1.61|2.73|.4|2.9|1.55|3.02|
 5243|1.4|1.61|2.73|.4|2.9|1.55|3.02|
 5243|1.4|1.61|2.73|.4|2.9|1.55|3.02|
 5243|1.4|1.61|2.73|.4|2.9|1.55|3.02|
 5243|1.4|1.61|2.73|.4|2.9|1.55|3.02|
 5243|1.4|1.61|2.73|.4|2.9|1.55|3.02|
 5243|1.4|1.61|2.73|.4|2.9|1.55|3.02|
 5243|1.4|1.61|2.73|.4|2.9|1.55|3.02|
 5244|.63|1.14|3.9|.63|.22|.98|1.28|
 5244|.63|1.14|3.9|.63|.22|.98|1.28|
 5244|.63|1.14|3.9|.63|.22|.98|1.28|
 5244|.63|1.14|3.9|.63|.22|.98|1.28|
 5244|.63|1.14|3.9|.63|.22|.98|1.28|
 5244|.63|1.14|3.9|.63|.22|.98|1.28|
 5244|.63|1.14|3.9|.63|.22|.98|1.28|
 5244|.63|1.14|3.9|.63|.22|.98|1.28|
 5244|.63|1.14|3.9|.63|.22|.98|1.28|
 5244|.63|1.14|3.9|.63|.22|.98|1.28|
 5244|.63|1.14|3.9|.63|.22|.98|1.28|
 5244|.63|1.14|3.9|.63|.22|.98|1.28|
 5244|.63|1.14|3.9|.63|.22|.98|1.28|
 5244|.63|1.14|3.9|.63|.22|.98|1.28|
 5244|.63|1.14|3.9|.63|.22|.98|1.28|
 5244|.63|1.14|3.9|.63|.22|.98|1.28|
 5244|.63|1.14|3.9|.63|.22|.98|1.28|
 5244|.63|1.14|3.9|.63|.22|.98|1.28|
 5244|.63|1.14|3.9|.63|.22|.98|1.28|
 5244|.63|1.14|3.9|.63|.22|.98|1.28|
 5244|.63|1.14|3.9|.63|.22|.98|1.28|
 5244|.63|1.14|3.9|.63|.22|.98|1.28|
 5244|.63|1.14|3.9|.63|.22|.98|1.28|
 5244|.63|1.14|3.9|.63|.22|.98|1.28|
 5244|.63|1.14|3.9|.63|.22|.98|1.28|
 5244|.63|1.14|3.9|.63|.22|.98|1.28|
 5244|.63|1.14|3.9|.63|.22|.98|1.28|
 5244|.63|1.14|3.9|.63|.22|.98|1.28|
 5244|.63|1.14|3.9|.63|.22|.98|1.28|
 5244|.63|1.14|3.9|.63|.22|.98|1.28|
 5244|.63|1.14|3.9|.63|.22|.98|1.28|
 5244|.63|1.14|3.9|.63|.22|.98|1.28|
 5244|.63|1.14|3.9|.63|.22|.98|1.28|
 5244|.63|1.14|3.9|.63|.22|.98|1.28|
 5244|.63|1.14|3.9|.63|.22|.98|1.28|
 5244|.63|1.14|3.9|.63|.22|.98|1.28|
 5244|.63|1.14|3.9|.63|.22|.98|1.28|
 5244|.63|1.14|3.9|.63|.22|.98|1.28|
 5244|.63|1.14|3.9|.63|.22|.98|1.28|
 5244|.63|1.14|3.9|.63|.22|.98|1.28|
 5244|.63|1.14|3.9|.63|.22|.98|1.28|
 5244|.63|1.14|3.9|.63|.22|.98|1.28|
 5244|.63|1.14|3.9|.63|.22|.98|1.28|
 5244|.63|1.14|3.9|.63|.22|.98|1.28|
 5244|.63|1.14|3.9|.63|.22|.98|1.28|
 5244|.63|1.14|3.9|.63|.22|.98|1.28|
 5244|.63|1.14|3.9|.63|.22|.98|1.28|
 5244|.63|1.14|3.9|.63|.22|.98|1.28|
 5244|.63|1.14|3.9|.63|.22|.98|1.28|
 5245|1.25|.31|2.26|.5|1.32|.93|.64|
 5245|1.25|.31|2.26|.5|1.32|.93|.64|
 5245|1.25|.31|2.26|.5|1.32|.93|.64|
 5245|1.25|.31|2.26|.5|1.32|.93|.64|
 5245|1.25|.31|2.26|.5|1.32|.93|.64|
 5245|1.25|.31|2.26|.5|1.32|.93|.64|
 5245|1.25|.31|2.26|.5|1.32|.93|.64|
 5245|1.25|.31|2.26|.5|1.32|.93|.64|
 5245|1.25|.31|2.26|.5|1.32|.93|.64|
 5245|1.25|.31|2.26|.5|1.32|.93|.64|
 5245|1.25|.31|2.26|.5|1.32|.93|.64|
 5245|1.25|.31|2.26|.5|1.32|.93|.64|
 5245|1.25|.31|2.26|.5|1.32|.93|.64|
 5245|1.25|.31|2.26|.5|1.32|.93|.64|
 5245|1.25|.31|2.26|.5|1.32|.93|.64|
 5245|1.25|.31|2.26|.5|1.32|.93|.64|
 5245|1.25|.31|2.26|.5|1.32|.93|.64|
 5245|1.25|.31|2.26|.5|1.32|.93|.64|
 5245|1.25|.31|2.26|.5|1.32|.93|.64|
 5245|1.25|.31|2.26|.5|1.32|.93|.64|
 5245|1.25|.31|2.26|.5|1.32|.93|.64|
 5245|1.25|.31|2.26|.5|1.32|.93|.64|
 5245|1.25|.31|2.26|.5|1.32|.93|.64|
 5245|1.25|.31|2.26|.5|1.32|.93|.64|
 5245|1.25|.31|2.26|.5|1.32|.93|.64|
 5245|1.25|.31|2.26|.5|1.32|.93|.64|
 5245|1.25|.31|2.26|.5|1.32|.93|.64|
 5245|1.25|.31|2.26|.5|1.32|.93|.64|
 5245|1.25|.31|2.26|.5|1.32|.93|.64|
 5245|1.25|.31|2.26|.5|1.32|.93|.64|
 5245|1.25|.31|2.26|.5|1.32|.93|.64|
 5245|1.25|.31|2.26|.5|1.32|.93|.64|
 5245|1.25|.31|2.26|.5|1.32|.93|.64|
 5245|1.25|.31|2.26|.5|1.32|.93|.64|
 5245|1.25|.31|2.26|.5|1.32|.93|.64|
 5245|1.25|.31|2.26|.5|1.32|.93|.64|
 5245|1.25|.31|2.26|.5|1.32|.93|.64|
 5245|1.25|.31|2.26|.5|1.32|.93|.64|
 5245|1.25|.31|2.26|.5|1.32|.93|.64|
 5245|1.25|.31|2.26|.5|1.32|.93|.64|
 5245|1.25|.31|2.26|.5|1.32|.93|.64|
 5245|1.25|.31|2.26|.5|1.32|.93|.64|
 5245|1.25|.31|2.26|.5|1.32|.93|.64|
 5245|1.25|.31|2.26|.5|1.32|.93|.64|
 5245|1.25|.31|2.26|.5|1.32|.93|.64|
 5245|1.25|.31|2.26|.5|1.32|.93|.64|
 5245|1.25|.31|2.26|.5|1.32|.93|.64|
 5245|1.25|.31|2.26|.5|1.32|.93|.64|
 5245|1.25|.31|2.26|.5|1.32|.93|.64|
 5246|.3|.74|.21|.45|.12|.36|1.48|
 5246|.3|.74|.21|.45|.12|.36|1.48|
 5246|.3|.74|.21|.45|.12|.36|1.48|
 5246|.3|.74|.21|.45|.12|.36|1.48|
 5246|.3|.74|.21|.45|.12|.36|1.48|
 5246|.3|.74|.21|.45|.12|.36|1.48|
 5246|.3|.74|.21|.45|.12|.36|1.48|
 5246|.3|.74|.21|.45|.12|.36|1.48|
 5246|.3|.74|.21|.45|.12|.36|1.48|
 5246|.3|.74|.21|.45|.12|.36|1.48|
 5246|.3|.74|.21|.45|.12|.36|1.48|
 5246|.3|.74|.21|.45|.12|.36|1.48|
 5246|.3|.74|.21|.45|.12|.36|1.48|
 5246|.3|.74|.21|.45|.12|.36|1.48|
 5246|.3|.74|.21|.45|.12|.36|1.48|
 5246|.3|.74|.21|.45|.12|.36|1.48|
 5246|.3|.74|.21|.45|.12|.36|1.48|
 5246|.3|.74|.21|.45|.12|.36|1.48|
 5246|.3|.74|.21|.45|.12|.36|1.48|
 5246|.3|.74|.21|.45|.12|.36|1.48|
 5246|.3|.74|.21|.45|.12|.36|1.48|
 5246|.3|.74|.21|.45|.12|.36|1.48|
 5246|.3|.74|.21|.45|.12|.36|1.48|
 5246|.3|.74|.21|.45|.12|.36|1.48|
 5246|.3|.74|.21|.45|.12|.36|1.48|
 5246|.3|.74|.21|.45|.12|.36|1.48|
 5246|.3|.74|.21|.45|.12|.36|1.48|
 5246|.3|.74|.21|.45|.12|.36|1.48|
 5246|.3|.74|.21|.45|.12|.36|1.48|
 5246|.3|.74|.21|.45|.12|.36|1.48|
 5246|.3|.74|.21|.45|.12|.36|1.48|
 5246|.3|.74|.21|.45|.12|.36|1.48|
 5246|.3|.74|.21|.45|.12|.36|1.48|
 5246|.3|.74|.21|.45|.12|.36|1.48|
 5246|.3|.74|.21|.45|.12|.36|1.48|
 5246|.3|.74|.21|.45|.12|.36|1.48|
 5246|.3|.74|.21|.45|.12|.36|1.48|
 5246|.3|.74|.21|.45|.12|.36|1.48|
 5246|.3|.74|.21|.45|.12|.36|1.48|
 5246|.3|.74|.21|.45|.12|.36|1.48|
 5246|.3|.74|.21|.45|.12|.36|1.48|
 5246|.3|.74|.21|.45|.12|.36|1.48|
 5246|.3|.74|.21|.45|.12|.36|1.48|
 5246|.3|.74|.21|.45|.12|.36|1.48|
 5246|.3|.74|.21|.45|.12|.36|1.48|
 5246|.3|.74|.21|.45|.12|.36|1.48|
 5246|.3|.74|.21|.45|.12|.36|1.48|
 5246|.3|.74|.21|.45|.12|.36|1.48|
 5246|.3|.74|.21|.45|.12|.36|1.48|
 5247||3.41|.23|.4|.25|.58|1.1|
 5247||3.41|.23|.4|.25|.58|1.1|
 5247||3.41|.23|.4|.25|.58|1.1|
 5247||3.41|.23|.4|.25|.58|1.1|
 5247||3.41|.23|.4|.25|.58|1.1|
 5247||3.41|.23|.4|.25|.58|1.1|
 5247||3.41|.23|.4|.25|.58|1.1|
 5247||3.41|.23|.4|.25|.58|1.1|
 5247||3.41|.23|.4|.25|.58|1.1|
 5247||3.41|.23|.4|.25|.58|1.1|
 5247||3.41|.23|.4|.25|.58|1.1|
 5247||3.41|.23|.4|.25|.58|1.1|
 5247||3.41|.23|.4|.25|.58|1.1|
 5247||3.41|.23|.4|.25|.58|1.1|
 5247||3.41|.23|.4|.25|.58|1.1|
 5247||3.41|.23|.4|.25|.58|1.1|
 5247||3.41|.23|.4|.25|.58|1.1|
 5247||3.41|.23|.4|.25|.58|1.1|
 5247||3.41|.23|.4|.25|.58|1.1|
 5247||3.41|.23|.4|.25|.58|1.1|
 5247||3.41|.23|.4|.25|.58|1.1|
 5247||3.41|.23|.4|.25|.58|1.1|
 5247||3.41|.23|.4|.25|.58|1.1|
 5247||3.41|.23|.4|.25|.58|1.1|
 5247||3.41|.23|.4|.25|.58|1.1|
 5247||3.41|.23|.4|.25|.58|1.1|
 5247||3.41|.23|.4|.25|.58|1.1|
 5247||3.41|.23|.4|.25|.58|1.1|
 5247||3.41|.23|.4|.25|.58|1.1|
 5247||3.41|.23|.4|.25|.58|1.1|
 5247||3.41|.23|.4|.25|.58|1.1|
 5247||3.41|.23|.4|.25|.58|1.1|
 5247||3.41|.23|.4|.25|.58|1.1|
 5247||3.41|.23|.4|.25|.58|1.1|
 5247||3.41|.23|.4|.25|.58|1.1|
 5247||3.41|.23|.4|.25|.58|1.1|
 5247||3.41|.23|.4|.25|.58|1.1|
 5247||3.41|.23|.4|.25|.58|1.1|
 5247||3.41|.23|.4|.25|.58|1.1|
 5247||3.41|.23|.4|.25|.58|1.1|
 5247||3.41|.23|.4|.25|.58|1.1|
 5247||3.41|.23|.4|.25|.58|1.1|
 5247||3.41|.23|.4|.25|.58|1.1|
 5247||3.41|.23|.4|.25|.58|1.1|
 5247||3.41|.23|.4|.25|.58|1.1|
 5247||3.41|.23|.4|.25|.58|1.1|
 5247||3.41|.23|.4|.25|.58|1.1|
 5247||3.41|.23|.4|.25|.58|1.1|
 5247||3.41|.23|.4|.25|.58|1.1|
 5248|.39|1.66||.26|1.1|2.8|.43|
 5248|.39|1.66||.26|1.1|2.8|.43|
 5248|.39|1.66||.26|1.1|2.8|.43|
 5248|.39|1.66||.26|1.1|2.8|.43|
 5248|.39|1.66||.26|1.1|2.8|.43|
 5248|.39|1.66||.26|1.1|2.8|.43|
 5248|.39|1.66||.26|1.1|2.8|.43|
 5248|.39|1.66||.26|1.1|2.8|.43|
 5248|.39|1.66||.26|1.1|2.8|.43|
 5248|.39|1.66||.26|1.1|2.8|.43|
 5248|.39|1.66||.26|1.1|2.8|.43|
 5248|.39|1.66||.26|1.1|2.8|.43|
 5248|.39|1.66||.26|1.1|2.8|.43|
 5248|.39|1.66||.26|1.1|2.8|.43|
 5248|.39|1.66||.26|1.1|2.8|.43|
 5248|.39|1.66||.26|1.1|2.8|.43|
 5248|.39|1.66||.26|1.1|2.8|.43|
 5248|.39|1.66||.26|1.1|2.8|.43|
 5248|.39|1.66||.26|1.1|2.8|.43|
 5248|.39|1.66||.26|1.1|2.8|.43|
 5248|.39|1.66||.26|1.1|2.8|.43|
 5248|.39|1.66||.26|1.1|2.8|.43|
 5248|.39|1.66||.26|1.1|2.8|.43|
 5248|.39|1.66||.26|1.1|2.8|.43|
 5248|.39|1.66||.26|1.1|2.8|.43|
 5248|.39|1.66||.26|1.1|2.8|.43|
 5248|.39|1.66||.26|1.1|2.8|.43|
 5248|.39|1.66||.26|1.1|2.8|.43|
 5248|.39|1.66||.26|1.1|2.8|.43|
 5248|.39|1.66||.26|1.1|2.8|.43|
 5248|.39|1.66||.26|1.1|2.8|.43|
 5248|.39|1.66||.26|1.1|2.8|.43|
 5248|.39|1.66||.26|1.1|2.8|.43|
 5248|.39|1.66||.26|1.1|2.8|.43|
 5248|.39|1.66||.26|1.1|2.8|.43|
 5248|.39|1.66||.26|1.1|2.8|.43|
 5248|.39|1.66||.26|1.1|2.8|.43|
 5248|.39|1.66||.26|1.1|2.8|.43|
 5248|.39|1.66||.26|1.1|2.8|.43|
 5248|.39|1.66||.26|1.1|2.8|.43|
 5248|.39|1.66||.26|1.1|2.8|.43|
 5248|.39|1.66||.26|1.1|2.8|.43|
 5248|.39|1.66||.26|1.1|2.8|.43|
 5248|.39|1.66||.26|1.1|2.8|.43|
 5248|.39|1.66||.26|1.1|2.8|.43|
 5248|.39|1.66||.26|1.1|2.8|.43|
 5248|.39|1.66||.26|1.1|2.8|.43|
 5248|.39|1.66||.26|1.1|2.8|.43|
 5248|.39|1.66||.26|1.1|2.8|.43|
 5249|.18|.84|.81|2.05|.2|2.09|.27|
 5249|.18|.84|.81|2.05|.2|2.09|.27|
 5249|.18|.84|.81|2.05|.2|2.09|.27|
 5249|.18|.84|.81|2.05|.2|2.09|.27|
 5249|.18|.84|.81|2.05|.2|2.09|.27|
 5249|.18|.84|.81|2.05|.2|2.09|.27|
 5249|.18|.84|.81|2.05|.2|2.09|.27|
 5249|.18|.84|.81|2.05|.2|2.09|.27|
 5249|.18|.84|.81|2.05|.2|2.09|.27|
 5249|.18|.84|.81|2.05|.2|2.09|.27|
 5249|.18|.84|.81|2.05|.2|2.09|.27|
 5249|.18|.84|.81|2.05|.2|2.09|.27|
 5249|.18|.84|.81|2.05|.2|2.09|.27|
 5249|.18|.84|.81|2.05|.2|2.09|.27|
 5249|.18|.84|.81|2.05|.2|2.09|.27|
 5249|.18|.84|.81|2.05|.2|2.09|.27|
 5249|.18|.84|.81|2.05|.2|2.09|.27|
 5249|.18|.84|.81|2.05|.2|2.09|.27|
 5249|.18|.84|.81|2.05|.2|2.09|.27|
 5249|.18|.84|.81|2.05|.2|2.09|.27|
 5249|.18|.84|.81|2.05|.2|2.09|.27|
 5249|.18|.84|.81|2.05|.2|2.09|.27|
 5249|.18|.84|.81|2.05|.2|2.09|.27|
 5249|.18|.84|.81|2.05|.2|2.09|.27|
 5249|.18|.84|.81|2.05|.2|2.09|.27|
 5249|.18|.84|.81|2.05|.2|2.09|.27|
 5249|.18|.84|.81|2.05|.2|2.09|.27|
 5249|.18|.84|.81|2.05|.2|2.09|.27|
 5249|.18|.84|.81|2.05|.2|2.09|.27|
 5249|.18|.84|.81|2.05|.2|2.09|.27|
 5249|.18|.84|.81|2.05|.2|2.09|.27|
 5249|.18|.84|.81|2.05|.2|2.09|.27|
 5249|.18|.84|.81|2.05|.2|2.09|.27|
 5249|.18|.84|.81|2.05|.2|2.09|.27|
 5249|.18|.84|.81|2.05|.2|2.09|.27|
 5249|.18|.84|.81|2.05|.2|2.09|.27|
 5249|.18|.84|.81|2.05|.2|2.09|.27|
 5249|.18|.84|.81|2.05|.2|2.09|.27|
 5249|.18|.84|.81|2.05|.2|2.09|.27|
 5249|.18|.84|.81|2.05|.2|2.09|.27|
 5249|.18|.84|.81|2.05|.2|2.09|.27|
 5249|.18|.84|.81|2.05|.2|2.09|.27|
 5249|.18|.84|.81|2.05|.2|2.09|.27|
 5249|.18|.84|.81|2.05|.2|2.09|.27|
 5249|.18|.84|.81|2.05|.2|2.09|.27|
 5249|.18|.84|.81|2.05|.2|2.09|.27|
 5249|.18|.84|.81|2.05|.2|2.09|.27|
 5249|.18|.84|.81|2.05|.2|2.09|.27|
 5249|.18|.84|.81|2.05|.2|2.09|.27|
 5250|.97|.87|.62|.39|1.37|.81|.31|
 5250|.97|.87|.62|.39|1.37|.81|.31|
 5250|.97|.87|.62|.39|1.37|.81|.31|
 5250|.97|.87|.62|.39|1.37|.81|.31|
 5250|.97|.87|.62|.39|1.37|.81|.31|
 5250|.97|.87|.62|.39|1.37|.81|.31|
 5250|.97|.87|.62|.39|1.37|.81|.31|
 5250|.97|.87|.62|.39|1.37|.81|.31|
 5250|.97|.87|.62|.39|1.37|.81|.31|
 5250|.97|.87|.62|.39|1.37|.81|.31|
 5250|.97|.87|.62|.39|1.37|.81|.31|
 5250|.97|.87|.62|.39|1.37|.81|.31|
 5250|.97|.87|.62|.39|1.37|.81|.31|
 5250|.97|.87|.62|.39|1.37|.81|.31|
 5250|.97|.87|.62|.39|1.37|.81|.31|
 5250|.97|.87|.62|.39|1.37|.81|.31|
 5250|.97|.87|.62|.39|1.37|.81|.31|
 5250|.97|.87|.62|.39|1.37|.81|.31|
 5250|.97|.87|.62|.39|1.37|.81|.31|
 5250|.97|.87|.62|.39|1.37|.81|.31|
 5250|.97|.87|.62|.39|1.37|.81|.31|
 5250|.97|.87|.62|.39|1.37|.81|.31|
 5250|.97|.87|.62|.39|1.37|.81|.31|
 5250|.97|.87|.62|.39|1.37|.81|.31|
 5250|.97|.87|.62|.39|1.37|.81|.31|
 5250|.97|.87|.62|.39|1.37|.81|.31|
 5250|.97|.87|.62|.39|1.37|.81|.31|
 5250|.97|.87|.62|.39|1.37|.81|.31|
 5250|.97|.87|.62|.39|1.37|.81|.31|
 5250|.97|.87|.62|.39|1.37|.81|.31|
 5250|.97|.87|.62|.39|1.37|.81|.31|
 5250|.97|.87|.62|.39|1.37|.81|.31|
 5250|.97|.87|.62|.39|1.37|.81|.31|
 5250|.97|.87|.62|.39|1.37|.81|.31|
 5250|.97|.87|.62|.39|1.37|.81|.31|
 5250|.97|.87|.62|.39|1.37|.81|.31|
 5250|.97|.87|.62|.39|1.37|.81|.31|
 5250|.97|.87|.62|.39|1.37|.81|.31|
 5250|.97|.87|.62|.39|1.37|.81|.31|
 5250|.97|.87|.62|.39|1.37|.81|.31|
 5250|.97|.87|.62|.39|1.37|.81|.31|
 5250|.97|.87|.62|.39|1.37|.81|.31|
 5250|.97|.87|.62|.39|1.37|.81|.31|
 5250|.97|.87|.62|.39|1.37|.81|.31|
 5250|.97|.87|.62|.39|1.37|.81|.31|
 5250|.97|.87|.62|.39|1.37|.81|.31|
 5250|.97|.87|.62|.39|1.37|.81|.31|
 5250|.97|.87|.62|.39|1.37|.81|.31|
 5250|.97|.87|.62|.39|1.37|.81|.31|
 5251|1.93|2.11|1.38|1.3|1.41|.48|2.99|
 5251|1.93|2.11|1.38|1.3|1.41|.48|2.99|
 5251|1.93|2.11|1.38|1.3|1.41|.48|2.99|
 5251|1.93|2.11|1.38|1.3|1.41|.48|2.99|
 5251|1.93|2.11|1.38|1.3|1.41|.48|2.99|
 5251|1.93|2.11|1.38|1.3|1.41|.48|2.99|
 5251|1.93|2.11|1.38|1.3|1.41|.48|2.99|
 5251|1.93|2.11|1.38|1.3|1.41|.48|2.99|
 5251|1.93|2.11|1.38|1.3|1.41|.48|2.99|
 5251|1.93|2.11|1.38|1.3|1.41|.48|2.99|
 5251|1.93|2.11|1.38|1.3|1.41|.48|2.99|
 5251|1.93|2.11|1.38|1.3|1.41|.48|2.99|
 5251|1.93|2.11|1.38|1.3|1.41|.48|2.99|
 5251|1.93|2.11|1.38|1.3|1.41|.48|2.99|
 5251|1.93|2.11|1.38|1.3|1.41|.48|2.99|
 5251|1.93|2.11|1.38|1.3|1.41|.48|2.99|
 5251|1.93|2.11|1.38|1.3|1.41|.48|2.99|
 5251|1.93|2.11|1.38|1.3|1.41|.48|2.99|
 5251|1.93|2.11|1.38|1.3|1.41|.48|2.99|
 5251|1.93|2.11|1.38|1.3|1.41|.48|2.99|
 5251|1.93|2.11|1.38|1.3|1.41|.48|2.99|
 5251|1.93|2.11|1.38|1.3|1.41|.48|2.99|
 5251|1.93|2.11|1.38|1.3|1.41|.48|2.99|
 5251|1.93|2.11|1.38|1.3|1.41|.48|2.99|
 5251|1.93|2.11|1.38|1.3|1.41|.48|2.99|
 5251|1.93|2.11|1.38|1.3|1.41|.48|2.99|
 5251|1.93|2.11|1.38|1.3|1.41|.48|2.99|
 5251|1.93|2.11|1.38|1.3|1.41|.48|2.99|
 5251|1.93|2.11|1.38|1.3|1.41|.48|2.99|
 5251|1.93|2.11|1.38|1.3|1.41|.48|2.99|
 5251|1.93|2.11|1.38|1.3|1.41|.48|2.99|
 5251|1.93|2.11|1.38|1.3|1.41|.48|2.99|
 5251|1.93|2.11|1.38|1.3|1.41|.48|2.99|
 5251|1.93|2.11|1.38|1.3|1.41|.48|2.99|
 5251|1.93|2.11|1.38|1.3|1.41|.48|2.99|
 5251|1.93|2.11|1.38|1.3|1.41|.48|2.99|
 5251|1.93|2.11|1.38|1.3|1.41|.48|2.99|
 5251|1.93|2.11|1.38|1.3|1.41|.48|2.99|
 5251|1.93|2.11|1.38|1.3|1.41|.48|2.99|
 5251|1.93|2.11|1.38|1.3|1.41|.48|2.99|
 5251|1.93|2.11|1.38|1.3|1.41|.48|2.99|
 5251|1.93|2.11|1.38|1.3|1.41|.48|2.99|
 5251|1.93|2.11|1.38|1.3|1.41|.48|2.99|
 5251|1.93|2.11|1.38|1.3|1.41|.48|2.99|
 5251|1.93|2.11|1.38|1.3|1.41|.48|2.99|
 5251|1.93|2.11|1.38|1.3|1.41|.48|2.99|
 5251|1.93|2.11|1.38|1.3|1.41|.48|2.99|
 5251|1.93|2.11|1.38|1.3|1.41|.48|2.99|
 5251|1.93|2.11|1.38|1.3|1.41|.48|2.99|
 5252|.6|.5|1.05|.77|.76|.93|.87|
 5252|.6|.5|1.05|.77|.76|.93|.87|
 5252|.6|.5|1.05|.77|.76|.93|.87|
 5252|.6|.5|1.05|.77|.76|.93|.87|
 5252|.6|.5|1.05|.77|.76|.93|.87|
 5252|.6|.5|1.05|.77|.76|.93|.87|
 5252|.6|.5|1.05|.77|.76|.93|.87|
 5252|.6|.5|1.05|.77|.76|.93|.87|
 5252|.6|.5|1.05|.77|.76|.93|.87|
 5252|.6|.5|1.05|.77|.76|.93|.87|
 5252|.6|.5|1.05|.77|.76|.93|.87|
 5252|.6|.5|1.05|.77|.76|.93|.87|
 5252|.6|.5|1.05|.77|.76|.93|.87|
 5252|.6|.5|1.05|.77|.76|.93|.87|
 5252|.6|.5|1.05|.77|.76|.93|.87|
 5252|.6|.5|1.05|.77|.76|.93|.87|
 5252|.6|.5|1.05|.77|.76|.93|.87|
 5252|.6|.5|1.05|.77|.76|.93|.87|
 5252|.6|.5|1.05|.77|.76|.93|.87|
 5252|.6|.5|1.05|.77|.76|.93|.87|
 5252|.6|.5|1.05|.77|.76|.93|.87|
 5252|.6|.5|1.05|.77|.76|.93|.87|
 5252|.6|.5|1.05|.77|.76|.93|.87|
 5252|.6|.5|1.05|.77|.76|.93|.87|
 5252|.6|.5|1.05|.77|.76|.93|.87|
 5252|.6|.5|1.05|.77|.76|.93|.87|
 5252|.6|.5|1.05|.77|.76|.93|.87|
 5252|.6|.5|1.05|.77|.76|.93|.87|
 5252|.6|.5|1.05|.77|.76|.93|.87|
 5252|.6|.5|1.05|.77|.76|.93|.87|
 5252|.6|.5|1.05|.77|.76|.93|.87|
 5252|.6|.5|1.05|.77|.76|.93|.87|
 5252|.6|.5|1.05|.77|.76|.93|.87|
 5252|.6|.5|1.05|.77|.76|.93|.87|
 5252|.6|.5|1.05|.77|.76|.93|.87|
 5252|.6|.5|1.05|.77|.76|.93|.87|
 5252|.6|.5|1.05|.77|.76|.93|.87|
 5252|.6|.5|1.05|.77|.76|.93|.87|
 5252|.6|.5|1.05|.77|.76|.93|.87|
 5252|.6|.5|1.05|.77|.76|.93|.87|
 5252|.6|.5|1.05|.77|.76|.93|.87|
 5252|.6|.5|1.05|.77|.76|.93|.87|
 5252|.6|.5|1.05|.77|.76|.93|.87|
 5252|.6|.5|1.05|.77|.76|.93|.87|
 5252|.6|.5|1.05|.77|.76|.93|.87|
 5252|.6|.5|1.05|.77|.76|.93|.87|
 5252|.6|.5|1.05|.77|.76|.93|.87|
 5252|.6|.5|1.05|.77|.76|.93|.87|
 5252|.6|.5|1.05|.77|.76|.93|.87|
 5253|1.77|1.11|1.78|.3|.71|1.8|.98|
 5253|1.77|1.11|1.78|.3|.71|1.8|.98|
 5253|1.77|1.11|1.78|.3|.71|1.8|.98|
 5253|1.77|1.11|1.78|.3|.71|1.8|.98|
 5253|1.77|1.11|1.78|.3|.71|1.8|.98|
 5253|1.77|1.11|1.78|.3|.71|1.8|.98|
 5253|1.77|1.11|1.78|.3|.71|1.8|.98|
 5253|1.77|1.11|1.78|.3|.71|1.8|.98|
 5253|1.77|1.11|1.78|.3|.71|1.8|.98|
 5253|1.77|1.11|1.78|.3|.71|1.8|.98|
 5253|1.77|1.11|1.78|.3|.71|1.8|.98|
 5253|1.77|1.11|1.78|.3|.71|1.8|.98|
 5253|1.77|1.11|1.78|.3|.71|1.8|.98|
 5253|1.77|1.11|1.78|.3|.71|1.8|.98|
 5253|1.77|1.11|1.78|.3|.71|1.8|.98|
 5253|1.77|1.11|1.78|.3|.71|1.8|.98|
 5253|1.77|1.11|1.78|.3|.71|1.8|.98|
 5253|1.77|1.11|1.78|.3|.71|1.8|.98|
 5253|1.77|1.11|1.78|.3|.71|1.8|.98|
 5253|1.77|1.11|1.78|.3|.71|1.8|.98|
 5253|1.77|1.11|1.78|.3|.71|1.8|.98|
 5253|1.77|1.11|1.78|.3|.71|1.8|.98|
 5253|1.77|1.11|1.78|.3|.71|1.8|.98|
 5253|1.77|1.11|1.78|.3|.71|1.8|.98|
 5253|1.77|1.11|1.78|.3|.71|1.8|.98|
 5253|1.77|1.11|1.78|.3|.71|1.8|.98|
 5253|1.77|1.11|1.78|.3|.71|1.8|.98|
 5253|1.77|1.11|1.78|.3|.71|1.8|.98|
 5253|1.77|1.11|1.78|.3|.71|1.8|.98|
 5253|1.77|1.11|1.78|.3|.71|1.8|.98|
 5253|1.77|1.11|1.78|.3|.71|1.8|.98|
 5253|1.77|1.11|1.78|.3|.71|1.8|.98|
 5253|1.77|1.11|1.78|.3|.71|1.8|.98|
 5253|1.77|1.11|1.78|.3|.71|1.8|.98|
 5253|1.77|1.11|1.78|.3|.71|1.8|.98|
 5253|1.77|1.11|1.78|.3|.71|1.8|.98|
 5253|1.77|1.11|1.78|.3|.71|1.8|.98|
 5253|1.77|1.11|1.78|.3|.71|1.8|.98|
 5253|1.77|1.11|1.78|.3|.71|1.8|.98|
 5253|1.77|1.11|1.78|.3|.71|1.8|.98|
 5253|1.77|1.11|1.78|.3|.71|1.8|.98|
 5253|1.77|1.11|1.78|.3|.71|1.8|.98|
 5253|1.77|1.11|1.78|.3|.71|1.8|.98|
 5253|1.77|1.11|1.78|.3|.71|1.8|.98|
 5253|1.77|1.11|1.78|.3|.71|1.8|.98|
 5253|1.77|1.11|1.78|.3|.71|1.8|.98|
 5253|1.77|1.11|1.78|.3|.71|1.8|.98|
 5253|1.77|1.11|1.78|.3|.71|1.8|.98|
 5253|1.77|1.11|1.78|.3|.71|1.8|.98|
 5254|.62|1.16|.64|.34|.88|4.03|1.81|
 5254|.62|1.16|.64|.34|.88|4.03|1.81|
 5254|.62|1.16|.64|.34|.88|4.03|1.81|
 5254|.62|1.16|.64|.34|.88|4.03|1.81|
 5254|.62|1.16|.64|.34|.88|4.03|1.81|
 5254|.62|1.16|.64|.34|.88|4.03|1.81|
 5254|.62|1.16|.64|.34|.88|4.03|1.81|
 5254|.62|1.16|.64|.34|.88|4.03|1.81|
 5254|.62|1.16|.64|.34|.88|4.03|1.81|
 5254|.62|1.16|.64|.34|.88|4.03|1.81|
 5254|.62|1.16|.64|.34|.88|4.03|1.81|
 5254|.62|1.16|.64|.34|.88|4.03|1.81|
 5254|.62|1.16|.64|.34|.88|4.03|1.81|
 5254|.62|1.16|.64|.34|.88|4.03|1.81|
 5254|.62|1.16|.64|.34|.88|4.03|1.81|
 5254|.62|1.16|.64|.34|.88|4.03|1.81|
 5254|.62|1.16|.64|.34|.88|4.03|1.81|
 5254|.62|1.16|.64|.34|.88|4.03|1.81|
 5254|.62|1.16|.64|.34|.88|4.03|1.81|
 5254|.62|1.16|.64|.34|.88|4.03|1.81|
 5254|.62|1.16|.64|.34|.88|4.03|1.81|
 5254|.62|1.16|.64|.34|.88|4.03|1.81|
 5254|.62|1.16|.64|.34|.88|4.03|1.81|
 5254|.62|1.16|.64|.34|.88|4.03|1.81|
 5254|.62|1.16|.64|.34|.88|4.03|1.81|
 5254|.62|1.16|.64|.34|.88|4.03|1.81|
 5254|.62|1.16|.64|.34|.88|4.03|1.81|
 5254|.62|1.16|.64|.34|.88|4.03|1.81|
 5254|.62|1.16|.64|.34|.88|4.03|1.81|
 5254|.62|1.16|.64|.34|.88|4.03|1.81|
 5254|.62|1.16|.64|.34|.88|4.03|1.81|
 5254|.62|1.16|.64|.34|.88|4.03|1.81|
 5254|.62|1.16|.64|.34|.88|4.03|1.81|
 5254|.62|1.16|.64|.34|.88|4.03|1.81|
 5254|.62|1.16|.64|.34|.88|4.03|1.81|
 5254|.62|1.16|.64|.34|.88|4.03|1.81|
 5254|.62|1.16|.64|.34|.88|4.03|1.81|
 5254|.62|1.16|.64|.34|.88|4.03|1.81|
 5254|.62|1.16|.64|.34|.88|4.03|1.81|
 5254|.62|1.16|.64|.34|.88|4.03|1.81|
 5254|.62|1.16|.64|.34|.88|4.03|1.81|
 5254|.62|1.16|.64|.34|.88|4.03|1.81|
 5254|.62|1.16|.64|.34|.88|4.03|1.81|
 5254|.62|1.16|.64|.34|.88|4.03|1.81|
 5254|.62|1.16|.64|.34|.88|4.03|1.81|
 5254|.62|1.16|.64|.34|.88|4.03|1.81|
 5254|.62|1.16|.64|.34|.88|4.03|1.81|
 5254|.62|1.16|.64|.34|.88|4.03|1.81|
 5254|.62|1.16|.64|.34|.88|4.03|1.81|
 5255|1.03|.87|1.17|.97|1.14|1.17|2.42|
 5255|1.03|.87|1.17|.97|1.14|1.17|2.42|
 5255|1.03|.87|1.17|.97|1.14|1.17|2.42|
 5255|1.03|.87|1.17|.97|1.14|1.17|2.42|
 5255|1.03|.87|1.17|.97|1.14|1.17|2.42|
 5255|1.03|.87|1.17|.97|1.14|1.17|2.42|
 5255|1.03|.87|1.17|.97|1.14|1.17|2.42|
 5255|1.03|.87|1.17|.97|1.14|1.17|2.42|
 5255|1.03|.87|1.17|.97|1.14|1.17|2.42|
 5255|1.03|.87|1.17|.97|1.14|1.17|2.42|
 5255|1.03|.87|1.17|.97|1.14|1.17|2.42|
 5255|1.03|.87|1.17|.97|1.14|1.17|2.42|
 5255|1.03|.87|1.17|.97|1.14|1.17|2.42|
 5255|1.03|.87|1.17|.97|1.14|1.17|2.42|
 5255|1.03|.87|1.17|.97|1.14|1.17|2.42|
 5255|1.03|.87|1.17|.97|1.14|1.17|2.42|
 5255|1.03|.87|1.17|.97|1.14|1.17|2.42|
 5255|1.03|.87|1.17|.97|1.14|1.17|2.42|
 5255|1.03|.87|1.17|.97|1.14|1.17|2.42|
 5255|1.03|.87|1.17|.97|1.14|1.17|2.42|
 5255|1.03|.87|1.17|.97|1.14|1.17|2.42|
 5255|1.03|.87|1.17|.97|1.14|1.17|2.42|
 5255|1.03|.87|1.17|.97|1.14|1.17|2.42|
 5255|1.03|.87|1.17|.97|1.14|1.17|2.42|
 5255|1.03|.87|1.17|.97|1.14|1.17|2.42|
 5255|1.03|.87|1.17|.97|1.14|1.17|2.42|
 5255|1.03|.87|1.17|.97|1.14|1.17|2.42|
 5255|1.03|.87|1.17|.97|1.14|1.17|2.42|
 5255|1.03|.87|1.17|.97|1.14|1.17|2.42|
 5255|1.03|.87|1.17|.97|1.14|1.17|2.42|
 5255|1.03|.87|1.17|.97|1.14|1.17|2.42|
 5255|1.03|.87|1.17|.97|1.14|1.17|2.42|
 5255|1.03|.87|1.17|.97|1.14|1.17|2.42|
 5255|1.03|.87|1.17|.97|1.14|1.17|2.42|
 5255|1.03|.87|1.17|.97|1.14|1.17|2.42|
 5255|1.03|.87|1.17|.97|1.14|1.17|2.42|
 5255|1.03|.87|1.17|.97|1.14|1.17|2.42|
 5255|1.03|.87|1.17|.97|1.14|1.17|2.42|
 5255|1.03|.87|1.17|.97|1.14|1.17|2.42|
 5255|1.03|.87|1.17|.97|1.14|1.17|2.42|
 5255|1.03|.87|1.17|.97|1.14|1.17|2.42|
 5255|1.03|.87|1.17|.97|1.14|1.17|2.42|
 5255|1.03|.87|1.17|.97|1.14|1.17|2.42|
 5255|1.03|.87|1.17|.97|1.14|1.17|2.42|
 5255|1.03|.87|1.17|.97|1.14|1.17|2.42|
 5255|1.03|.87|1.17|.97|1.14|1.17|2.42|
 5255|1.03|.87|1.17|.97|1.14|1.17|2.42|
 5255|1.03|.87|1.17|.97|1.14|1.17|2.42|
 5255|1.03|.87|1.17|.97|1.14|1.17|2.42|
 5256|2.96|1.1|1.14|1.5|.98|7.04|.41|
 5256|2.96|1.1|1.14|1.5|.98|7.04|.41|
 5256|2.96|1.1|1.14|1.5|.98|7.04|.41|
 5256|2.96|1.1|1.14|1.5|.98|7.04|.41|
 5256|2.96|1.1|1.14|1.5|.98|7.04|.41|
 5256|2.96|1.1|1.14|1.5|.98|7.04|.41|
 5256|2.96|1.1|1.14|1.5|.98|7.04|.41|
 5256|2.96|1.1|1.14|1.5|.98|7.04|.41|
 5256|2.96|1.1|1.14|1.5|.98|7.04|.41|
 5256|2.96|1.1|1.14|1.5|.98|7.04|.41|
 5256|2.96|1.1|1.14|1.5|.98|7.04|.41|
 5256|2.96|1.1|1.14|1.5|.98|7.04|.41|
 5256|2.96|1.1|1.14|1.5|.98|7.04|.41|
 5256|2.96|1.1|1.14|1.5|.98|7.04|.41|
 5256|2.96|1.1|1.14|1.5|.98|7.04|.41|
 5256|2.96|1.1|1.14|1.5|.98|7.04|.41|
 5256|2.96|1.1|1.14|1.5|.98|7.04|.41|
 5256|2.96|1.1|1.14|1.5|.98|7.04|.41|
 5256|2.96|1.1|1.14|1.5|.98|7.04|.41|
 5256|2.96|1.1|1.14|1.5|.98|7.04|.41|
 5256|2.96|1.1|1.14|1.5|.98|7.04|.41|
 5256|2.96|1.1|1.14|1.5|.98|7.04|.41|
 5256|2.96|1.1|1.14|1.5|.98|7.04|.41|
 5256|2.96|1.1|1.14|1.5|.98|7.04|.41|
 5256|2.96|1.1|1.14|1.5|.98|7.04|.41|
 5256|2.96|1.1|1.14|1.5|.98|7.04|.41|
 5256|2.96|1.1|1.14|1.5|.98|7.04|.41|
 5256|2.96|1.1|1.14|1.5|.98|7.04|.41|
 5256|2.96|1.1|1.14|1.5|.98|7.04|.41|
 5256|2.96|1.1|1.14|1.5|.98|7.04|.41|
 5256|2.96|1.1|1.14|1.5|.98|7.04|.41|
 5256|2.96|1.1|1.14|1.5|.98|7.04|.41|
 5256|2.96|1.1|1.14|1.5|.98|7.04|.41|
 5256|2.96|1.1|1.14|1.5|.98|7.04|.41|
 5256|2.96|1.1|1.14|1.5|.98|7.04|.41|
 5256|2.96|1.1|1.14|1.5|.98|7.04|.41|
 5256|2.96|1.1|1.14|1.5|.98|7.04|.41|
 5256|2.96|1.1|1.14|1.5|.98|7.04|.41|
 5256|2.96|1.1|1.14|1.5|.98|7.04|.41|
 5256|2.96|1.1|1.14|1.5|.98|7.04|.41|
 5256|2.96|1.1|1.14|1.5|.98|7.04|.41|
 5256|2.96|1.1|1.14|1.5|.98|7.04|.41|
 5256|2.96|1.1|1.14|1.5|.98|7.04|.41|
 5256|2.96|1.1|1.14|1.5|.98|7.04|.41|
 5256|2.96|1.1|1.14|1.5|.98|7.04|.41|
 5256|2.96|1.1|1.14|1.5|.98|7.04|.41|
 5256|2.96|1.1|1.14|1.5|.98|7.04|.41|
 5256|2.96|1.1|1.14|1.5|.98|7.04|.41|
 5256|2.96|1.1|1.14|1.5|.98|7.04|.41|
 5257|1.15|.48|.61|.3|.93|.5|.72|
 5257|1.15|.48|.61|.3|.93|.5|.72|
 5257|1.15|.48|.61|.3|.93|.5|.72|
 5257|1.15|.48|.61|.3|.93|.5|.72|
 5257|1.15|.48|.61|.3|.93|.5|.72|
 5257|1.15|.48|.61|.3|.93|.5|.72|
 5257|1.15|.48|.61|.3|.93|.5|.72|
 5257|1.15|.48|.61|.3|.93|.5|.72|
 5257|1.15|.48|.61|.3|.93|.5|.72|
 5257|1.15|.48|.61|.3|.93|.5|.72|
 5257|1.15|.48|.61|.3|.93|.5|.72|
 5257|1.15|.48|.61|.3|.93|.5|.72|
 5257|1.15|.48|.61|.3|.93|.5|.72|
 5257|1.15|.48|.61|.3|.93|.5|.72|
 5257|1.15|.48|.61|.3|.93|.5|.72|
 5257|1.15|.48|.61|.3|.93|.5|.72|
 5257|1.15|.48|.61|.3|.93|.5|.72|
 5257|1.15|.48|.61|.3|.93|.5|.72|
 5257|1.15|.48|.61|.3|.93|.5|.72|
 5257|1.15|.48|.61|.3|.93|.5|.72|
 5257|1.15|.48|.61|.3|.93|.5|.72|
 5257|1.15|.48|.61|.3|.93|.5|.72|
 5257|1.15|.48|.61|.3|.93|.5|.72|
 5257|1.15|.48|.61|.3|.93|.5|.72|
 5257|1.15|.48|.61|.3|.93|.5|.72|
 5257|1.15|.48|.61|.3|.93|.5|.72|
 5257|1.15|.48|.61|.3|.93|.5|.72|
 5257|1.15|.48|.61|.3|.93|.5|.72|
 5257|1.15|.48|.61|.3|.93|.5|.72|
 5257|1.15|.48|.61|.3|.93|.5|.72|
 5257|1.15|.48|.61|.3|.93|.5|.72|
 5257|1.15|.48|.61|.3|.93|.5|.72|
 5257|1.15|.48|.61|.3|.93|.5|.72|
 5257|1.15|.48|.61|.3|.93|.5|.72|
 5257|1.15|.48|.61|.3|.93|.5|.72|
 5257|1.15|.48|.61|.3|.93|.5|.72|
 5257|1.15|.48|.61|.3|.93|.5|.72|
 5257|1.15|.48|.61|.3|.93|.5|.72|
 5257|1.15|.48|.61|.3|.93|.5|.72|
 5257|1.15|.48|.61|.3|.93|.5|.72|
 5257|1.15|.48|.61|.3|.93|.5|.72|
 5257|1.15|.48|.61|.3|.93|.5|.72|
 5257|1.15|.48|.61|.3|.93|.5|.72|
 5257|1.15|.48|.61|.3|.93|.5|.72|
 5257|1.15|.48|.61|.3|.93|.5|.72|
 5257|1.15|.48|.61|.3|.93|.5|.72|
 5257|1.15|.48|.61|.3|.93|.5|.72|
 5257|1.15|.48|.61|.3|.93|.5|.72|
 5257|1.15|.48|.61|.3|.93|.5|.72|
 5258|.33|1.46|1.26|1.85|2.63|1.74|1.16|
 5258|.33|1.46|1.26|1.85|2.63|1.74|1.16|
 5258|.33|1.46|1.26|1.85|2.63|1.74|1.16|
 5258|.33|1.46|1.26|1.85|2.63|1.74|1.16|
 5258|.33|1.46|1.26|1.85|2.63|1.74|1.16|
 5258|.33|1.46|1.26|1.85|2.63|1.74|1.16|
 5258|.33|1.46|1.26|1.85|2.63|1.74|1.16|
 5258|.33|1.46|1.26|1.85|2.63|1.74|1.16|
 5258|.33|1.46|1.26|1.85|2.63|1.74|1.16|
 5258|.33|1.46|1.26|1.85|2.63|1.74|1.16|
 5258|.33|1.46|1.26|1.85|2.63|1.74|1.16|
 5258|.33|1.46|1.26|1.85|2.63|1.74|1.16|
 5258|.33|1.46|1.26|1.85|2.63|1.74|1.16|
 5258|.33|1.46|1.26|1.85|2.63|1.74|1.16|
 5258|.33|1.46|1.26|1.85|2.63|1.74|1.16|
 5258|.33|1.46|1.26|1.85|2.63|1.74|1.16|
 5258|.33|1.46|1.26|1.85|2.63|1.74|1.16|
 5258|.33|1.46|1.26|1.85|2.63|1.74|1.16|
 5258|.33|1.46|1.26|1.85|2.63|1.74|1.16|
 5258|.33|1.46|1.26|1.85|2.63|1.74|1.16|
 5258|.33|1.46|1.26|1.85|2.63|1.74|1.16|
 5258|.33|1.46|1.26|1.85|2.63|1.74|1.16|
 5258|.33|1.46|1.26|1.85|2.63|1.74|1.16|
 5258|.33|1.46|1.26|1.85|2.63|1.74|1.16|
 5258|.33|1.46|1.26|1.85|2.63|1.74|1.16|
 5258|.33|1.46|1.26|1.85|2.63|1.74|1.16|
 5258|.33|1.46|1.26|1.85|2.63|1.74|1.16|
 5258|.33|1.46|1.26|1.85|2.63|1.74|1.16|
 5258|.33|1.46|1.26|1.85|2.63|1.74|1.16|
 5258|.33|1.46|1.26|1.85|2.63|1.74|1.16|
 5258|.33|1.46|1.26|1.85|2.63|1.74|1.16|
 5258|.33|1.46|1.26|1.85|2.63|1.74|1.16|
 5258|.33|1.46|1.26|1.85|2.63|1.74|1.16|
 5258|.33|1.46|1.26|1.85|2.63|1.74|1.16|
 5258|.33|1.46|1.26|1.85|2.63|1.74|1.16|
 5258|.33|1.46|1.26|1.85|2.63|1.74|1.16|
 5258|.33|1.46|1.26|1.85|2.63|1.74|1.16|
 5258|.33|1.46|1.26|1.85|2.63|1.74|1.16|
 5258|.33|1.46|1.26|1.85|2.63|1.74|1.16|
 5258|.33|1.46|1.26|1.85|2.63|1.74|1.16|
 5258|.33|1.46|1.26|1.85|2.63|1.74|1.16|
 5258|.33|1.46|1.26|1.85|2.63|1.74|1.16|
 5258|.33|1.46|1.26|1.85|2.63|1.74|1.16|
 5258|.33|1.46|1.26|1.85|2.63|1.74|1.16|
 5258|.33|1.46|1.26|1.85|2.63|1.74|1.16|
 5258|.33|1.46|1.26|1.85|2.63|1.74|1.16|
 5258|.33|1.46|1.26|1.85|2.63|1.74|1.16|
 5258|.33|1.46|1.26|1.85|2.63|1.74|1.16|
 5258|.33|1.46|1.26|1.85|2.63|1.74|1.16|
 5259|.96|16.33|.51|1.04|.63|1.27|.49|
 5259|.96|16.33|.51|1.04|.63|1.27|.49|
 5259|.96|16.33|.51|1.04|.63|1.27|.49|
 5259|.96|16.33|.51|1.04|.63|1.27|.49|
 5259|.96|16.33|.51|1.04|.63|1.27|.49|
 5259|.96|16.33|.51|1.04|.63|1.27|.49|
 5259|.96|16.33|.51|1.04|.63|1.27|.49|
 5259|.96|16.33|.51|1.04|.63|1.27|.49|
 5259|.96|16.33|.51|1.04|.63|1.27|.49|
 5259|.96|16.33|.51|1.04|.63|1.27|.49|
 5259|.96|16.33|.51|1.04|.63|1.27|.49|
 5259|.96|16.33|.51|1.04|.63|1.27|.49|
 5259|.96|16.33|.51|1.04|.63|1.27|.49|
 5259|.96|16.33|.51|1.04|.63|1.27|.49|
 5259|.96|16.33|.51|1.04|.63|1.27|.49|
 5259|.96|16.33|.51|1.04|.63|1.27|.49|
 5259|.96|16.33|.51|1.04|.63|1.27|.49|
 5259|.96|16.33|.51|1.04|.63|1.27|.49|
 5259|.96|16.33|.51|1.04|.63|1.27|.49|
 5259|.96|16.33|.51|1.04|.63|1.27|.49|
 5259|.96|16.33|.51|1.04|.63|1.27|.49|
 5259|.96|16.33|.51|1.04|.63|1.27|.49|
 5259|.96|16.33|.51|1.04|.63|1.27|.49|
 5259|.96|16.33|.51|1.04|.63|1.27|.49|
 5259|.96|16.33|.51|1.04|.63|1.27|.49|
 5259|.96|16.33|.51|1.04|.63|1.27|.49|
 5259|.96|16.33|.51|1.04|.63|1.27|.49|
 5259|.96|16.33|.51|1.04|.63|1.27|.49|
 5259|.96|16.33|.51|1.04|.63|1.27|.49|
 5259|.96|16.33|.51|1.04|.63|1.27|.49|
 5259|.96|16.33|.51|1.04|.63|1.27|.49|
 5259|.96|16.33|.51|1.04|.63|1.27|.49|
 5259|.96|16.33|.51|1.04|.63|1.27|.49|
 5259|.96|16.33|.51|1.04|.63|1.27|.49|
 5259|.96|16.33|.51|1.04|.63|1.27|.49|
 5259|.96|16.33|.51|1.04|.63|1.27|.49|
 5259|.96|16.33|.51|1.04|.63|1.27|.49|
 5259|.96|16.33|.51|1.04|.63|1.27|.49|
 5259|.96|16.33|.51|1.04|.63|1.27|.49|
 5259|.96|16.33|.51|1.04|.63|1.27|.49|
 5259|.96|16.33|.51|1.04|.63|1.27|.49|
 5259|.96|16.33|.51|1.04|.63|1.27|.49|
 5259|.96|16.33|.51|1.04|.63|1.27|.49|
 5259|.96|16.33|.51|1.04|.63|1.27|.49|
 5259|.96|16.33|.51|1.04|.63|1.27|.49|
 5259|.96|16.33|.51|1.04|.63|1.27|.49|
 5259|.96|16.33|.51|1.04|.63|1.27|.49|
 5259|.96|16.33|.51|1.04|.63|1.27|.49|
 5259|.96|16.33|.51|1.04|.63|1.27|.49|
 5260|9.83|.66|1.36|.86|.99|1.34|.82|
 5260|9.83|.66|1.36|.86|.99|1.34|.82|
 5260|9.83|.66|1.36|.86|.99|1.34|.82|
 5260|9.83|.66|1.36|.86|.99|1.34|.82|
 5260|9.83|.66|1.36|.86|.99|1.34|.82|
 5260|9.83|.66|1.36|.86|.99|1.34|.82|
 5260|9.83|.66|1.36|.86|.99|1.34|.82|
 5260|9.83|.66|1.36|.86|.99|1.34|.82|
 5260|9.83|.66|1.36|.86|.99|1.34|.82|
 5260|9.83|.66|1.36|.86|.99|1.34|.82|
 5260|9.83|.66|1.36|.86|.99|1.34|.82|
 5260|9.83|.66|1.36|.86|.99|1.34|.82|
 5260|9.83|.66|1.36|.86|.99|1.34|.82|
 5260|9.83|.66|1.36|.86|.99|1.34|.82|
 5260|9.83|.66|1.36|.86|.99|1.34|.82|
 5260|9.83|.66|1.36|.86|.99|1.34|.82|
 5260|9.83|.66|1.36|.86|.99|1.34|.82|
 5260|9.83|.66|1.36|.86|.99|1.34|.82|
 5260|9.83|.66|1.36|.86|.99|1.34|.82|
 5260|9.83|.66|1.36|.86|.99|1.34|.82|
 5260|9.83|.66|1.36|.86|.99|1.34|.82|
 5260|9.83|.66|1.36|.86|.99|1.34|.82|
 5260|9.83|.66|1.36|.86|.99|1.34|.82|
 5260|9.83|.66|1.36|.86|.99|1.34|.82|
 5260|9.83|.66|1.36|.86|.99|1.34|.82|
 5260|9.83|.66|1.36|.86|.99|1.34|.82|
 5260|9.83|.66|1.36|.86|.99|1.34|.82|
 5260|9.83|.66|1.36|.86|.99|1.34|.82|
 5260|9.83|.66|1.36|.86|.99|1.34|.82|
 5260|9.83|.66|1.36|.86|.99|1.34|.82|
 5260|9.83|.66|1.36|.86|.99|1.34|.82|
 5260|9.83|.66|1.36|.86|.99|1.34|.82|
 5260|9.83|.66|1.36|.86|.99|1.34|.82|
 5260|9.83|.66|1.36|.86|.99|1.34|.82|
 5260|9.83|.66|1.36|.86|.99|1.34|.82|
 5260|9.83|.66|1.36|.86|.99|1.34|.82|
 5260|9.83|.66|1.36|.86|.99|1.34|.82|
 5260|9.83|.66|1.36|.86|.99|1.34|.82|
 5260|9.83|.66|1.36|.86|.99|1.34|.82|
 5260|9.83|.66|1.36|.86|.99|1.34|.82|
 5260|9.83|.66|1.36|.86|.99|1.34|.82|
 5260|9.83|.66|1.36|.86|.99|1.34|.82|
 5260|9.83|.66|1.36|.86|.99|1.34|.82|
 5260|9.83|.66|1.36|.86|.99|1.34|.82|
 5260|9.83|.66|1.36|.86|.99|1.34|.82|
 5260|9.83|.66|1.36|.86|.99|1.34|.82|
 5260|9.83|.66|1.36|.86|.99|1.34|.82|
 5260|9.83|.66|1.36|.86|.99|1.34|.82|
 5260|9.83|.66|1.36|.86|.99|1.34|.82|
 5261|.92|.62|.65|.67|1.09|2.38|1.73|
 5261|.92|.62|.65|.67|1.09|2.38|1.73|
 5261|.92|.62|.65|.67|1.09|2.38|1.73|
 5261|.92|.62|.65|.67|1.09|2.38|1.73|
 5261|.92|.62|.65|.67|1.09|2.38|1.73|
 5261|.92|.62|.65|.67|1.09|2.38|1.73|
 5261|.92|.62|.65|.67|1.09|2.38|1.73|
 5261|.92|.62|.65|.67|1.09|2.38|1.73|
 5261|.92|.62|.65|.67|1.09|2.38|1.73|
 5261|.92|.62|.65|.67|1.09|2.38|1.73|
 5261|.92|.62|.65|.67|1.09|2.38|1.73|
 5261|.92|.62|.65|.67|1.09|2.38|1.73|
 5261|.92|.62|.65|.67|1.09|2.38|1.73|
 5261|.92|.62|.65|.67|1.09|2.38|1.73|
 5261|.92|.62|.65|.67|1.09|2.38|1.73|
 5261|.92|.62|.65|.67|1.09|2.38|1.73|
 5261|.92|.62|.65|.67|1.09|2.38|1.73|
 5261|.92|.62|.65|.67|1.09|2.38|1.73|
 5261|.92|.62|.65|.67|1.09|2.38|1.73|
 5261|.92|.62|.65|.67|1.09|2.38|1.73|
 5261|.92|.62|.65|.67|1.09|2.38|1.73|
 5261|.92|.62|.65|.67|1.09|2.38|1.73|
 5261|.92|.62|.65|.67|1.09|2.38|1.73|
 5261|.92|.62|.65|.67|1.09|2.38|1.73|
 5261|.92|.62|.65|.67|1.09|2.38|1.73|
 5261|.92|.62|.65|.67|1.09|2.38|1.73|
 5261|.92|.62|.65|.67|1.09|2.38|1.73|
 5261|.92|.62|.65|.67|1.09|2.38|1.73|
 5261|.92|.62|.65|.67|1.09|2.38|1.73|
 5261|.92|.62|.65|.67|1.09|2.38|1.73|
 5261|.92|.62|.65|.67|1.09|2.38|1.73|
 5261|.92|.62|.65|.67|1.09|2.38|1.73|
 5261|.92|.62|.65|.67|1.09|2.38|1.73|
 5261|.92|.62|.65|.67|1.09|2.38|1.73|
 5261|.92|.62|.65|.67|1.09|2.38|1.73|
 5261|.92|.62|.65|.67|1.09|2.38|1.73|
 5261|.92|.62|.65|.67|1.09|2.38|1.73|
 5261|.92|.62|.65|.67|1.09|2.38|1.73|
 5261|.92|.62|.65|.67|1.09|2.38|1.73|
 5261|.92|.62|.65|.67|1.09|2.38|1.73|
 5261|.92|.62|.65|.67|1.09|2.38|1.73|
 5261|.92|.62|.65|.67|1.09|2.38|1.73|
 5261|.92|.62|.65|.67|1.09|2.38|1.73|
 5261|.92|.62|.65|.67|1.09|2.38|1.73|
 5261|.92|.62|.65|.67|1.09|2.38|1.73|
 5261|.92|.62|.65|.67|1.09|2.38|1.73|
 5261|.92|.62|.65|.67|1.09|2.38|1.73|
 5261|.92|.62|.65|.67|1.09|2.38|1.73|
 5261|.92|.62|.65|.67|1.09|2.38|1.73|
 5262|1.08|1.51|.4|.74|.55|.67|2.03|
 5262|1.08|1.51|.4|.74|.55|.67|2.03|
 5262|1.08|1.51|.4|.74|.55|.67|2.03|
 5262|1.08|1.51|.4|.74|.55|.67|2.03|
 5262|1.08|1.51|.4|.74|.55|.67|2.03|
 5262|1.08|1.51|.4|.74|.55|.67|2.03|
 5262|1.08|1.51|.4|.74|.55|.67|2.03|
 5262|1.08|1.51|.4|.74|.55|.67|2.03|
 5262|1.08|1.51|.4|.74|.55|.67|2.03|
 5262|1.08|1.51|.4|.74|.55|.67|2.03|
 5262|1.08|1.51|.4|.74|.55|.67|2.03|
 5262|1.08|1.51|.4|.74|.55|.67|2.03|
 5262|1.08|1.51|.4|.74|.55|.67|2.03|
 5262|1.08|1.51|.4|.74|.55|.67|2.03|
 5262|1.08|1.51|.4|.74|.55|.67|2.03|
 5262|1.08|1.51|.4|.74|.55|.67|2.03|
 5262|1.08|1.51|.4|.74|.55|.67|2.03|
 5262|1.08|1.51|.4|.74|.55|.67|2.03|
 5262|1.08|1.51|.4|.74|.55|.67|2.03|
 5262|1.08|1.51|.4|.74|.55|.67|2.03|
 5262|1.08|1.51|.4|.74|.55|.67|2.03|
 5262|1.08|1.51|.4|.74|.55|.67|2.03|
 5262|1.08|1.51|.4|.74|.55|.67|2.03|
 5262|1.08|1.51|.4|.74|.55|.67|2.03|
 5262|1.08|1.51|.4|.74|.55|.67|2.03|
 5262|1.08|1.51|.4|.74|.55|.67|2.03|
 5262|1.08|1.51|.4|.74|.55|.67|2.03|
 5262|1.08|1.51|.4|.74|.55|.67|2.03|
 5262|1.08|1.51|.4|.74|.55|.67|2.03|
 5262|1.08|1.51|.4|.74|.55|.67|2.03|
 5262|1.08|1.51|.4|.74|.55|.67|2.03|
 5262|1.08|1.51|.4|.74|.55|.67|2.03|
 5262|1.08|1.51|.4|.74|.55|.67|2.03|
 5262|1.08|1.51|.4|.74|.55|.67|2.03|
 5262|1.08|1.51|.4|.74|.55|.67|2.03|
 5262|1.08|1.51|.4|.74|.55|.67|2.03|
 5262|1.08|1.51|.4|.74|.55|.67|2.03|
 5262|1.08|1.51|.4|.74|.55|.67|2.03|
 5262|1.08|1.51|.4|.74|.55|.67|2.03|
 5262|1.08|1.51|.4|.74|.55|.67|2.03|
 5262|1.08|1.51|.4|.74|.55|.67|2.03|
 5262|1.08|1.51|.4|.74|.55|.67|2.03|
 5262|1.08|1.51|.4|.74|.55|.67|2.03|
 5262|1.08|1.51|.4|.74|.55|.67|2.03|
 5262|1.08|1.51|.4|.74|.55|.67|2.03|
 5262|1.08|1.51|.4|.74|.55|.67|2.03|
 5262|1.08|1.51|.4|.74|.55|.67|2.03|
 5262|1.08|1.51|.4|.74|.55|.67|2.03|
 5262|1.08|1.51|.4|.74|.55|.67|2.03|
 5263|.66|.75|1.23|.75|1.62|2.27|1.01|
 5263|.66|.75|1.23|.75|1.62|2.27|1.01|
 5263|.66|.75|1.23|.75|1.62|2.27|1.01|
 5263|.66|.75|1.23|.75|1.62|2.27|1.01|
 5263|.66|.75|1.23|.75|1.62|2.27|1.01|
 5263|.66|.75|1.23|.75|1.62|2.27|1.01|
 5263|.66|.75|1.23|.75|1.62|2.27|1.01|
 5263|.66|.75|1.23|.75|1.62|2.27|1.01|
 5263|.66|.75|1.23|.75|1.62|2.27|1.01|
 5263|.66|.75|1.23|.75|1.62|2.27|1.01|
 5263|.66|.75|1.23|.75|1.62|2.27|1.01|
 5263|.66|.75|1.23|.75|1.62|2.27|1.01|
 5263|.66|.75|1.23|.75|1.62|2.27|1.01|
 5263|.66|.75|1.23|.75|1.62|2.27|1.01|
 5263|.66|.75|1.23|.75|1.62|2.27|1.01|
 5263|.66|.75|1.23|.75|1.62|2.27|1.01|
 5263|.66|.75|1.23|.75|1.62|2.27|1.01|
 5263|.66|.75|1.23|.75|1.62|2.27|1.01|
 5263|.66|.75|1.23|.75|1.62|2.27|1.01|
 5263|.66|.75|1.23|.75|1.62|2.27|1.01|
 5263|.66|.75|1.23|.75|1.62|2.27|1.01|
 5263|.66|.75|1.23|.75|1.62|2.27|1.01|
 5263|.66|.75|1.23|.75|1.62|2.27|1.01|
 5263|.66|.75|1.23|.75|1.62|2.27|1.01|
 5263|.66|.75|1.23|.75|1.62|2.27|1.01|
 5263|.66|.75|1.23|.75|1.62|2.27|1.01|
 5263|.66|.75|1.23|.75|1.62|2.27|1.01|
 5263|.66|.75|1.23|.75|1.62|2.27|1.01|
 5263|.66|.75|1.23|.75|1.62|2.27|1.01|
 5263|.66|.75|1.23|.75|1.62|2.27|1.01|
 5263|.66|.75|1.23|.75|1.62|2.27|1.01|
 5263|.66|.75|1.23|.75|1.62|2.27|1.01|
 5263|.66|.75|1.23|.75|1.62|2.27|1.01|
 5263|.66|.75|1.23|.75|1.62|2.27|1.01|
 5263|.66|.75|1.23|.75|1.62|2.27|1.01|
 5263|.66|.75|1.23|.75|1.62|2.27|1.01|
 5263|.66|.75|1.23|.75|1.62|2.27|1.01|
 5263|.66|.75|1.23|.75|1.62|2.27|1.01|
 5263|.66|.75|1.23|.75|1.62|2.27|1.01|
 5263|.66|.75|1.23|.75|1.62|2.27|1.01|
 5263|.66|.75|1.23|.75|1.62|2.27|1.01|
 5263|.66|.75|1.23|.75|1.62|2.27|1.01|
 5263|.66|.75|1.23|.75|1.62|2.27|1.01|
 5263|.66|.75|1.23|.75|1.62|2.27|1.01|
 5263|.66|.75|1.23|.75|1.62|2.27|1.01|
 5263|.66|.75|1.23|.75|1.62|2.27|1.01|
 5263|.66|.75|1.23|.75|1.62|2.27|1.01|
 5263|.66|.75|1.23|.75|1.62|2.27|1.01|
 5263|.66|.75|1.23|.75|1.62|2.27|1.01|
 5264|1.22|.57|1.02|.58|1.02|1.58|1.22|
 5264|1.22|.57|1.02|.58|1.02|1.58|1.22|
 5264|1.22|.57|1.02|.58|1.02|1.58|1.22|
 5264|1.22|.57|1.02|.58|1.02|1.58|1.22|
 5264|1.22|.57|1.02|.58|1.02|1.58|1.22|
 5264|1.22|.57|1.02|.58|1.02|1.58|1.22|
 5264|1.22|.57|1.02|.58|1.02|1.58|1.22|
 5264|1.22|.57|1.02|.58|1.02|1.58|1.22|
 5264|1.22|.57|1.02|.58|1.02|1.58|1.22|
 5264|1.22|.57|1.02|.58|1.02|1.58|1.22|
 5264|1.22|.57|1.02|.58|1.02|1.58|1.22|
 5264|1.22|.57|1.02|.58|1.02|1.58|1.22|
 5264|1.22|.57|1.02|.58|1.02|1.58|1.22|
 5264|1.22|.57|1.02|.58|1.02|1.58|1.22|
 5264|1.22|.57|1.02|.58|1.02|1.58|1.22|
 5264|1.22|.57|1.02|.58|1.02|1.58|1.22|
 5264|1.22|.57|1.02|.58|1.02|1.58|1.22|
 5264|1.22|.57|1.02|.58|1.02|1.58|1.22|
 5264|1.22|.57|1.02|.58|1.02|1.58|1.22|
 5264|1.22|.57|1.02|.58|1.02|1.58|1.22|
 5264|1.22|.57|1.02|.58|1.02|1.58|1.22|
 5264|1.22|.57|1.02|.58|1.02|1.58|1.22|
 5264|1.22|.57|1.02|.58|1.02|1.58|1.22|
 5264|1.22|.57|1.02|.58|1.02|1.58|1.22|
 5264|1.22|.57|1.02|.58|1.02|1.58|1.22|
 5264|1.22|.57|1.02|.58|1.02|1.58|1.22|
 5264|1.22|.57|1.02|.58|1.02|1.58|1.22|
 5264|1.22|.57|1.02|.58|1.02|1.58|1.22|
 5264|1.22|.57|1.02|.58|1.02|1.58|1.22|
 5264|1.22|.57|1.02|.58|1.02|1.58|1.22|
 5264|1.22|.57|1.02|.58|1.02|1.58|1.22|
 5264|1.22|.57|1.02|.58|1.02|1.58|1.22|
 5264|1.22|.57|1.02|.58|1.02|1.58|1.22|
 5264|1.22|.57|1.02|.58|1.02|1.58|1.22|
 5264|1.22|.57|1.02|.58|1.02|1.58|1.22|
 5264|1.22|.57|1.02|.58|1.02|1.58|1.22|
 5264|1.22|.57|1.02|.58|1.02|1.58|1.22|
 5264|1.22|.57|1.02|.58|1.02|1.58|1.22|
 5264|1.22|.57|1.02|.58|1.02|1.58|1.22|
 5264|1.22|.57|1.02|.58|1.02|1.58|1.22|
 5264|1.22|.57|1.02|.58|1.02|1.58|1.22|
 5264|1.22|.57|1.02|.58|1.02|1.58|1.22|
 5264|1.22|.57|1.02|.58|1.02|1.58|1.22|
 5264|1.22|.57|1.02|.58|1.02|1.58|1.22|
 5264|1.22|.57|1.02|.58|1.02|1.58|1.22|
 5264|1.22|.57|1.02|.58|1.02|1.58|1.22|
 5264|1.22|.57|1.02|.58|1.02|1.58|1.22|
 5264|1.22|.57|1.02|.58|1.02|1.58|1.22|
 5264|1.22|.57|1.02|.58|1.02|1.58|1.22|
 5265|1.01|.96|1.11|1.93|.41|.53|.97|
 5265|1.01|.96|1.11|1.93|.41|.53|.97|
 5265|1.01|.96|1.11|1.93|.41|.53|.97|
 5265|1.01|.96|1.11|1.93|.41|.53|.97|
 5265|1.01|.96|1.11|1.93|.41|.53|.97|
 5265|1.01|.96|1.11|1.93|.41|.53|.97|
 5265|1.01|.96|1.11|1.93|.41|.53|.97|
 5265|1.01|.96|1.11|1.93|.41|.53|.97|
 5265|1.01|.96|1.11|1.93|.41|.53|.97|
 5265|1.01|.96|1.11|1.93|.41|.53|.97|
 5265|1.01|.96|1.11|1.93|.41|.53|.97|
 5265|1.01|.96|1.11|1.93|.41|.53|.97|
 5265|1.01|.96|1.11|1.93|.41|.53|.97|
 5265|1.01|.96|1.11|1.93|.41|.53|.97|
 5265|1.01|.96|1.11|1.93|.41|.53|.97|
 5265|1.01|.96|1.11|1.93|.41|.53|.97|
 5265|1.01|.96|1.11|1.93|.41|.53|.97|
 5265|1.01|.96|1.11|1.93|.41|.53|.97|
 5265|1.01|.96|1.11|1.93|.41|.53|.97|
 5265|1.01|.96|1.11|1.93|.41|.53|.97|
 5265|1.01|.96|1.11|1.93|.41|.53|.97|
 5265|1.01|.96|1.11|1.93|.41|.53|.97|
 5265|1.01|.96|1.11|1.93|.41|.53|.97|
 5265|1.01|.96|1.11|1.93|.41|.53|.97|
 5265|1.01|.96|1.11|1.93|.41|.53|.97|
 5265|1.01|.96|1.11|1.93|.41|.53|.97|
 5265|1.01|.96|1.11|1.93|.41|.53|.97|
 5265|1.01|.96|1.11|1.93|.41|.53|.97|
 5265|1.01|.96|1.11|1.93|.41|.53|.97|
 5265|1.01|.96|1.11|1.93|.41|.53|.97|
 5265|1.01|.96|1.11|1.93|.41|.53|.97|
 5265|1.01|.96|1.11|1.93|.41|.53|.97|
 5265|1.01|.96|1.11|1.93|.41|.53|.97|
 5265|1.01|.96|1.11|1.93|.41|.53|.97|
 5265|1.01|.96|1.11|1.93|.41|.53|.97|
 5265|1.01|.96|1.11|1.93|.41|.53|.97|
 5265|1.01|.96|1.11|1.93|.41|.53|.97|
 5265|1.01|.96|1.11|1.93|.41|.53|.97|
 5265|1.01|.96|1.11|1.93|.41|.53|.97|
 5265|1.01|.96|1.11|1.93|.41|.53|.97|
 5265|1.01|.96|1.11|1.93|.41|.53|.97|
 5265|1.01|.96|1.11|1.93|.41|.53|.97|
 5265|1.01|.96|1.11|1.93|.41|.53|.97|
 5265|1.01|.96|1.11|1.93|.41|.53|.97|
 5265|1.01|.96|1.11|1.93|.41|.53|.97|
 5265|1.01|.96|1.11|1.93|.41|.53|.97|
 5265|1.01|.96|1.11|1.93|.41|.53|.97|
 5265|1.01|.96|1.11|1.93|.41|.53|.97|
 5265|1.01|.96|1.11|1.93|.41|.53|.97|
 5266|1.19|1.67|.63|1.69|1.18|.92|.69|
 5266|1.19|1.67|.63|1.69|1.18|.92|.69|
 5266|1.19|1.67|.63|1.69|1.18|.92|.69|
 5266|1.19|1.67|.63|1.69|1.18|.92|.69|
 5266|1.19|1.67|.63|1.69|1.18|.92|.69|
 5266|1.19|1.67|.63|1.69|1.18|.92|.69|
 5266|1.19|1.67|.63|1.69|1.18|.92|.69|
 5266|1.19|1.67|.63|1.69|1.18|.92|.69|
 5266|1.19|1.67|.63|1.69|1.18|.92|.69|
 5266|1.19|1.67|.63|1.69|1.18|.92|.69|
 5266|1.19|1.67|.63|1.69|1.18|.92|.69|
 5266|1.19|1.67|.63|1.69|1.18|.92|.69|
 5266|1.19|1.67|.63|1.69|1.18|.92|.69|
 5266|1.19|1.67|.63|1.69|1.18|.92|.69|
 5266|1.19|1.67|.63|1.69|1.18|.92|.69|
 5266|1.19|1.67|.63|1.69|1.18|.92|.69|
 5266|1.19|1.67|.63|1.69|1.18|.92|.69|
 5266|1.19|1.67|.63|1.69|1.18|.92|.69|
 5266|1.19|1.67|.63|1.69|1.18|.92|.69|
 5266|1.19|1.67|.63|1.69|1.18|.92|.69|
 5266|1.19|1.67|.63|1.69|1.18|.92|.69|
 5266|1.19|1.67|.63|1.69|1.18|.92|.69|
 5266|1.19|1.67|.63|1.69|1.18|.92|.69|
 5266|1.19|1.67|.63|1.69|1.18|.92|.69|
 5266|1.19|1.67|.63|1.69|1.18|.92|.69|
 5266|1.19|1.67|.63|1.69|1.18|.92|.69|
 5266|1.19|1.67|.63|1.69|1.18|.92|.69|
 5266|1.19|1.67|.63|1.69|1.18|.92|.69|
 5266|1.19|1.67|.63|1.69|1.18|.92|.69|
 5266|1.19|1.67|.63|1.69|1.18|.92|.69|
 5266|1.19|1.67|.63|1.69|1.18|.92|.69|
 5266|1.19|1.67|.63|1.69|1.18|.92|.69|
 5266|1.19|1.67|.63|1.69|1.18|.92|.69|
 5266|1.19|1.67|.63|1.69|1.18|.92|.69|
 5266|1.19|1.67|.63|1.69|1.18|.92|.69|
 5266|1.19|1.67|.63|1.69|1.18|.92|.69|
 5266|1.19|1.67|.63|1.69|1.18|.92|.69|
 5266|1.19|1.67|.63|1.69|1.18|.92|.69|
 5266|1.19|1.67|.63|1.69|1.18|.92|.69|
 5266|1.19|1.67|.63|1.69|1.18|.92|.69|
 5266|1.19|1.67|.63|1.69|1.18|.92|.69|
 5266|1.19|1.67|.63|1.69|1.18|.92|.69|
 5266|1.19|1.67|.63|1.69|1.18|.92|.69|
 5266|1.19|1.67|.63|1.69|1.18|.92|.69|
 5266|1.19|1.67|.63|1.69|1.18|.92|.69|
 5266|1.19|1.67|.63|1.69|1.18|.92|.69|
 5266|1.19|1.67|.63|1.69|1.18|.92|.69|
 5266|1.19|1.67|.63|1.69|1.18|.92|.69|
 5266|1.19|1.67|.63|1.69|1.18|.92|.69|
 5267|1.15|1.1|1.39|1.12|.79|.98|1.47|
 5267|1.15|1.1|1.39|1.12|.79|.98|1.47|
 5267|1.15|1.1|1.39|1.12|.79|.98|1.47|
 5267|1.15|1.1|1.39|1.12|.79|.98|1.47|
 5267|1.15|1.1|1.39|1.12|.79|.98|1.47|
 5267|1.15|1.1|1.39|1.12|.79|.98|1.47|
 5267|1.15|1.1|1.39|1.12|.79|.98|1.47|
 5267|1.15|1.1|1.39|1.12|.79|.98|1.47|
 5267|1.15|1.1|1.39|1.12|.79|.98|1.47|
 5267|1.15|1.1|1.39|1.12|.79|.98|1.47|
 5267|1.15|1.1|1.39|1.12|.79|.98|1.47|
 5267|1.15|1.1|1.39|1.12|.79|.98|1.47|
 5267|1.15|1.1|1.39|1.12|.79|.98|1.47|
 5267|1.15|1.1|1.39|1.12|.79|.98|1.47|
 5267|1.15|1.1|1.39|1.12|.79|.98|1.47|
 5267|1.15|1.1|1.39|1.12|.79|.98|1.47|
 5267|1.15|1.1|1.39|1.12|.79|.98|1.47|
 5267|1.15|1.1|1.39|1.12|.79|.98|1.47|
 5267|1.15|1.1|1.39|1.12|.79|.98|1.47|
 5267|1.15|1.1|1.39|1.12|.79|.98|1.47|
 5267|1.15|1.1|1.39|1.12|.79|.98|1.47|
 5267|1.15|1.1|1.39|1.12|.79|.98|1.47|
 5267|1.15|1.1|1.39|1.12|.79|.98|1.47|
 5267|1.15|1.1|1.39|1.12|.79|.98|1.47|
 5267|1.15|1.1|1.39|1.12|.79|.98|1.47|
 5267|1.15|1.1|1.39|1.12|.79|.98|1.47|
 5267|1.15|1.1|1.39|1.12|.79|.98|1.47|
 5267|1.15|1.1|1.39|1.12|.79|.98|1.47|
 5267|1.15|1.1|1.39|1.12|.79|.98|1.47|
 5267|1.15|1.1|1.39|1.12|.79|.98|1.47|
 5267|1.15|1.1|1.39|1.12|.79|.98|1.47|
 5267|1.15|1.1|1.39|1.12|.79|.98|1.47|
 5267|1.15|1.1|1.39|1.12|.79|.98|1.47|
 5267|1.15|1.1|1.39|1.12|.79|.98|1.47|
 5267|1.15|1.1|1.39|1.12|.79|.98|1.47|
 5267|1.15|1.1|1.39|1.12|.79|.98|1.47|
 5267|1.15|1.1|1.39|1.12|.79|.98|1.47|
 5267|1.15|1.1|1.39|1.12|.79|.98|1.47|
 5267|1.15|1.1|1.39|1.12|.79|.98|1.47|
 5267|1.15|1.1|1.39|1.12|.79|.98|1.47|
 5267|1.15|1.1|1.39|1.12|.79|.98|1.47|
 5267|1.15|1.1|1.39|1.12|.79|.98|1.47|
 5267|1.15|1.1|1.39|1.12|.79|.98|1.47|
 5267|1.15|1.1|1.39|1.12|.79|.98|1.47|
 5267|1.15|1.1|1.39|1.12|.79|.98|1.47|
 5267|1.15|1.1|1.39|1.12|.79|.98|1.47|
 5267|1.15|1.1|1.39|1.12|.79|.98|1.47|
 5267|1.15|1.1|1.39|1.12|.79|.98|1.47|
 5267|1.15|1.1|1.39|1.12|.79|.98|1.47|
 5268|.84|.52|1.25|.7|1.41|.74|1.35|
 5268|.84|.52|1.25|.7|1.41|.74|1.35|
 5268|.84|.52|1.25|.7|1.41|.74|1.35|
 5268|.84|.52|1.25|.7|1.41|.74|1.35|
 5268|.84|.52|1.25|.7|1.41|.74|1.35|
 5268|.84|.52|1.25|.7|1.41|.74|1.35|
 5268|.84|.52|1.25|.7|1.41|.74|1.35|
 5268|.84|.52|1.25|.7|1.41|.74|1.35|
 5268|.84|.52|1.25|.7|1.41|.74|1.35|
 5268|.84|.52|1.25|.7|1.41|.74|1.35|
 5268|.84|.52|1.25|.7|1.41|.74|1.35|
 5268|.84|.52|1.25|.7|1.41|.74|1.35|
 5268|.84|.52|1.25|.7|1.41|.74|1.35|
 5268|.84|.52|1.25|.7|1.41|.74|1.35|
 5268|.84|.52|1.25|.7|1.41|.74|1.35|
 5268|.84|.52|1.25|.7|1.41|.74|1.35|
 5268|.84|.52|1.25|.7|1.41|.74|1.35|
 5268|.84|.52|1.25|.7|1.41|.74|1.35|
 5268|.84|.52|1.25|.7|1.41|.74|1.35|
 5268|.84|.52|1.25|.7|1.41|.74|1.35|
 5268|.84|.52|1.25|.7|1.41|.74|1.35|
 5268|.84|.52|1.25|.7|1.41|.74|1.35|
 5268|.84|.52|1.25|.7|1.41|.74|1.35|
 5268|.84|.52|1.25|.7|1.41|.74|1.35|
 5268|.84|.52|1.25|.7|1.41|.74|1.35|
 5268|.84|.52|1.25|.7|1.41|.74|1.35|
 5268|.84|.52|1.25|.7|1.41|.74|1.35|
 5268|.84|.52|1.25|.7|1.41|.74|1.35|
 5268|.84|.52|1.25|.7|1.41|.74|1.35|
 5268|.84|.52|1.25|.7|1.41|.74|1.35|
 5268|.84|.52|1.25|.7|1.41|.74|1.35|
 5268|.84|.52|1.25|.7|1.41|.74|1.35|
 5268|.84|.52|1.25|.7|1.41|.74|1.35|
 5268|.84|.52|1.25|.7|1.41|.74|1.35|
 5268|.84|.52|1.25|.7|1.41|.74|1.35|
 5268|.84|.52|1.25|.7|1.41|.74|1.35|
 5268|.84|.52|1.25|.7|1.41|.74|1.35|
 5268|.84|.52|1.25|.7|1.41|.74|1.35|
 5268|.84|.52|1.25|.7|1.41|.74|1.35|
 5268|.84|.52|1.25|.7|1.41|.74|1.35|
 5268|.84|.52|1.25|.7|1.41|.74|1.35|
 5268|.84|.52|1.25|.7|1.41|.74|1.35|
 5268|.84|.52|1.25|.7|1.41|.74|1.35|
 5268|.84|.52|1.25|.7|1.41|.74|1.35|
 5268|.84|.52|1.25|.7|1.41|.74|1.35|
 5268|.84|.52|1.25|.7|1.41|.74|1.35|
 5268|.84|.52|1.25|.7|1.41|.74|1.35|
 5268|.84|.52|1.25|.7|1.41|.74|1.35|
 5268|.84|.52|1.25|.7|1.41|.74|1.35|
 5269|.54|1.05|2.16|.88|1.07|.26|1.48|
 5269|.54|1.05|2.16|.88|1.07|.26|1.48|
 5269|.54|1.05|2.16|.88|1.07|.26|1.48|
 5269|.54|1.05|2.16|.88|1.07|.26|1.48|
 5269|.54|1.05|2.16|.88|1.07|.26|1.48|
 5269|.54|1.05|2.16|.88|1.07|.26|1.48|
 5269|.54|1.05|2.16|.88|1.07|.26|1.48|
 5269|.54|1.05|2.16|.88|1.07|.26|1.48|
 5269|.54|1.05|2.16|.88|1.07|.26|1.48|
 5269|.54|1.05|2.16|.88|1.07|.26|1.48|
 5269|.54|1.05|2.16|.88|1.07|.26|1.48|
 5269|.54|1.05|2.16|.88|1.07|.26|1.48|
 5269|.54|1.05|2.16|.88|1.07|.26|1.48|
 5269|.54|1.05|2.16|.88|1.07|.26|1.48|
 5269|.54|1.05|2.16|.88|1.07|.26|1.48|
 5269|.54|1.05|2.16|.88|1.07|.26|1.48|
 5269|.54|1.05|2.16|.88|1.07|.26|1.48|
 5269|.54|1.05|2.16|.88|1.07|.26|1.48|
 5269|.54|1.05|2.16|.88|1.07|.26|1.48|
 5269|.54|1.05|2.16|.88|1.07|.26|1.48|
 5269|.54|1.05|2.16|.88|1.07|.26|1.48|
 5269|.54|1.05|2.16|.88|1.07|.26|1.48|
 5269|.54|1.05|2.16|.88|1.07|.26|1.48|
 5269|.54|1.05|2.16|.88|1.07|.26|1.48|
 5269|.54|1.05|2.16|.88|1.07|.26|1.48|
 5269|.54|1.05|2.16|.88|1.07|.26|1.48|
 5269|.54|1.05|2.16|.88|1.07|.26|1.48|
 5269|.54|1.05|2.16|.88|1.07|.26|1.48|
 5269|.54|1.05|2.16|.88|1.07|.26|1.48|
 5269|.54|1.05|2.16|.88|1.07|.26|1.48|
 5269|.54|1.05|2.16|.88|1.07|.26|1.48|
 5269|.54|1.05|2.16|.88|1.07|.26|1.48|
 5269|.54|1.05|2.16|.88|1.07|.26|1.48|
 5269|.54|1.05|2.16|.88|1.07|.26|1.48|
 5269|.54|1.05|2.16|.88|1.07|.26|1.48|
 5269|.54|1.05|2.16|.88|1.07|.26|1.48|
 5269|.54|1.05|2.16|.88|1.07|.26|1.48|
 5269|.54|1.05|2.16|.88|1.07|.26|1.48|
 5269|.54|1.05|2.16|.88|1.07|.26|1.48|
 5269|.54|1.05|2.16|.88|1.07|.26|1.48|
 5269|.54|1.05|2.16|.88|1.07|.26|1.48|
 5269|.54|1.05|2.16|.88|1.07|.26|1.48|
 5269|.54|1.05|2.16|.88|1.07|.26|1.48|
 5269|.54|1.05|2.16|.88|1.07|.26|1.48|
 5269|.54|1.05|2.16|.88|1.07|.26|1.48|
 5269|.54|1.05|2.16|.88|1.07|.26|1.48|
 5269|.54|1.05|2.16|.88|1.07|.26|1.48|
 5269|.54|1.05|2.16|.88|1.07|.26|1.48|
 5269|.54|1.05|2.16|.88|1.07|.26|1.48|