I_ITEM_ID|I_ITEM_DESC|I_CATEGORY|I_CLASS|I_CURRENT_PRICE|ITEMREVENUE|REVENUERATIO|
 AAAAAAAABHDCAAAA|Minor heads close common children; recently strong firms provide. Useful, young men ought to create changes. Popular, common regulations might decide. Points fit. Obvious, glad officials |Books                                             |arts                                              |3.88|296.55|1.47729950348190351697412396961410874578E00|
 AAAAAAAACNEDAAAA|Particularly labour stores get farmers. Hence true records see rel|Books                                             |arts                                              |6.89|6606.82|3.29126687087988865082278931880825693604E01|
 AAAAAAAAIHKBAAAA|Very historic arms may happen even able exis|Books                                             |arts                                              |9.19|10460.88|5.21121322879237054885998109973253680546E01|
 AAAAAAAAIJGAAAAA|Then western animals could teach somewhere. Today waiting servants confuse|Books                                             |arts                                              |4.1|868.5|4.32653724084988435168446018415057644819E00|
 AAAAAAAAKKIAAAAA|Naked, popular schemes campaign then offices. Underlying shares may join|Books                                             |arts                                              |79.28|1841.04|9.17136225894562013451371166082737739112E00|
 AAAAAAAABIPBAAAA|Ultimate, other objects might not install good |Books                                             |business                                          |2.57|2065.41|1.20769944135254198042102628812268960041E01|
 AAAAAAAACPODAAAA|Cells stay economic, thin members. Soon special conservatives solve to the figu|Books                                             |business                                          |2.93|2431.81|1.42194313888067023661532380385474932201E01|
 AAAAAAAAGFDCAAAA|Particularly medieval blocks would not find slightly with a carers. Years respond about at a sec|Books                                             |business                                          |6|51.4|3.00549291838040184726716493139406923861E-01|
 AAAAAAAAIPADAAAA|Orders go into the documents. Social, existing specialists will seem twice associated wishes. Finally nation|Books                                             |business                                          |5.15|1755.92|1.02673251463862163650843584559017005009E01|
 AAAAAAAAKMAAAAAA|Plans consult interested, light boys. Selective, other problems create scientific, young parties. Sufficient speakers might not kiss too social, basic interests. Dual, other times s|Books                                             |business                                          |.19|3849.4|2.25084522179251339900198923869811870177E01|
 AAAAAAAALDFAAAAA|Hands may not allow only in a lands; linear, other pubs say; social, precise women identify for a patients. Preferences develop alone now rich motives. Ever good tas|Books                                             |business                                          |3.68|470.96|2.75382674093469660309133073169134406345E00|
 AAAAAAAAMKNDAAAA|Special, clear elements would buy at a games. Things should spot today strange, only devices. Armies should like at a patients. Hands could perform simply narrow values. N|Books                                             |business                                          |1.28|6477.12|3.78734208005837906867142010125119722699E01|
 AAAAAAAAEMHAAAAA|Boots recommend usually just local centres; c|Books                                             |computers                                         |7.56|765.23|2.17601360381725842134297884924900331565E01|
 AAAAAAAAGHCBAAAA|Hundreds would meet regardless german, foreign scien|Books                                             |computers                                         |9.77|816.2|2.32095226720808949400851944743023209523E01|
 AAAAAAAAIGJAAAAA|Probably terrible students may go. There whole issues get academic, soviet charts. |Books                                             |computers                                         |4.11|84.42|2.40057327122895019706198495163024005733E00|
 AAAAAAAAJBADAAAA|Mean, good relations wake however strictly white possibilities. About aw|Books                                             |computers                                         |6.42|435.2|1.2375378910670920703167209795658380395E01|
 AAAAAAAAMMDEAAAA|Women support almost|Books                                             |computers                                         |4.68|1401.06|3.98406442476668202214601354694511269216E01|
 AAAAAAAANAJDAAAA|Religious, delicious ways must a|Books                                             |computers                                         |7.07|14.55|4.13744860179829724795686816467898517343E-01|
 AAAAAAAAABPAAAAA|Particularly professional women may not tell never present, distant times. Current, only weeks could hurry quite appropriate months. Little attacks waste carefully never politi|Books                                             |cooking                                           |1.82|6350.52|4.51501992133844093131190758546552797946E01|
 AAAAAAAAGALAAAAA|Great, only pages might not contribute so; small components require on a films. Times find apparently. So traditional sources find conditions. Gro|Books                                             |cooking                                           |3.4|2359.09|1.67723876883000173476323325740189345141E01|
 AAAAAAAAKCCAAAAA|Possible schools carry primarily dual rises; important meetings could continue other passengers. More scottish things might not fall orders. Right, unable expectati|Books                                             |cooking                                           |4.44|250.4|1.7802652197034976808206283255553375252E00|
 AAAAAAAALBKAAAAA|Conditions used to test so for a spirits; open, royal provisions might not look approximate|Books                                             |cooking                                           |36.97|5105.31|3.62971478786120756584279632457704481661E01|
 AAAAAAAAADBDAAAA|Upper men used to give still different girls. Proposals subsidise famous nerves. C|Books                                             |entertainments                                    |2.21|701.28|6.16952468760007178776159425134865978583E00|
 AAAAAAAACIDAAAAA|Millions might answer. Attractive rules might beat coloured volunteers. Scottis|Books                                             |entertainments                                    |3.51|4097.7|3.60495968976426165935299520359220328605E01|
 AAAAAAAAJFEBAAAA|Too necessary dreams should not co|Books                                             |entertainments                                    |3.75|3271.84|2.8784077192957761347920794169707676012E01|
 AAAAAAAAMMDBAAAA|Methods secure commentators. Once full-time co|Books                                             |entertainments                                    |5.73|3296.02|2.89968012217995502707876595430216313417E01|
 AAAAAAAAAJFCAAAA|Real, brown girls used to go across a effects. Legal questions may assess able, false others. Policies put about; capable provisions get at a opportunities; prime, b|Books                                             |fiction                                           |7.98|496.93|2.68983170756923503292936870987350597232E00|
 AAAAAAAAAKEDAAAA|Original, large kinds suit|Books                                             |fiction                                           |9.86|.12|6.49547833514394791925470881582558341574E-04|
 AAAAAAAACFFBAAAA|Main, ltd. flames continue firmly. European spirits used to endure true with a features. Others tell never moral, normal writers. Li|Books                                             |fiction                                           |.77|56.8|3.07452641196813534844722883949077615012E-01|
 AAAAAAAAGEPDAAAA|Appointed, awful corners respond frequently. Northern friends may not call loudly vertical patients. Just|Books                                             |fiction                                           |82.5|11748.14|6.35914907068650169234275123562943079582E01|
 AAAAAAAAHMADAAAA|Willingly left requests declare changes; old lists ought to apply again in a arms. Students eat german, individual ships. Weak goods |Books                                             |fiction                                           |5.83|99.72|5.39774249650462072090066302595105981848E-01|
 AAAAAAAAMDGBAAAA|Accounts used to matter crucially. More than useful ha|Books                                             |fiction                                           |8.72|58.66|3.17520632616286654119567682613607269306E-01|
 AAAAAAAAOJCEAAAA|Approaches used to worsen forwards yellow, effective days. Personal, musical dreams appreciate in a claims; future, natural doors make thus. Empirical,|Books                                             |fiction                                           |3.81|6014.02|3.2553280514268671387796836593792812645E01|
 AAAAAAAABADDAAAA|Protective, different police wish. So free standards could develop as for a respondents. Surprising, famous goods cannot fire only othe|Books                                             |history                                           |1.74|225.72|1.46934853803986613643746122715209241559E00|
 AAAAAAAABODEAAAA|Cruel presents shall not stay brothers. Indian, minor wages carry always significantly sorry employees. Right new looks wil|Books                                             |history                                           |3.76|1306.34|8.5037602746012702847497479154610331658E00|
 AAAAAAAACBLCAAAA|Right difficulties feed too directly medieval years. Vocational services see here; abroad sure relationships would sit against the principles; injuries would not assist bare, safe adve|Books                                             |history                                           |5.98|3653.1|2.37802460761715177344483856499614956734E01|
 AAAAAAAAEJNDAAAA|Also public times make flat, personal instances. Almost old remains used to reverse yesterday wryly lucky |Books                                             |history                                           |1.94|1893.16|1.23237279739303250702549357469220949739E01|
 AAAAAAAAGECBAAAA|However dead stars shall not think lately only ordinary dates. Day|Books                                             |history                                           |9.88|884.4|5.75709661103339363399473112392925098507E00|
 AAAAAAAAHBJCAAAA|Vast, lively periods will not treat new, average r|Books                                             |history                                           |6.01|2014.28|1.31121715984535777126672399460744139238E01|
 AAAAAAAAIEODAAAA|Likely findings can maintain suddenly into the aspects; ideas would n|Books                                             |history                                           |8.74|858.06|5.58563355728551983444766959316907858463E00|
 AAAAAAAAKLLDAAAA|Partners could contact from a efforts. Mysterious, royal reports could suffer excellent, other divisions. Strong elements may enable for example small things. Judges used to make. Suffi|Books                                             |history                                           |58.19|248.85|1.61991575266356852761147539596313218864E00|
 AAAAAAAALANBAAAA|Chief objects look teachers. Already empi|Books                                             |history                                           |1.13|147.12|9.57693411821837258517983766341555184219E-01|
 AAAAAAAAMBDDAAAA|Impossible authorities can look ready individuals. Lips may promote. Successful members challenge about in a children. Basic, normal weeks shall keep really important, permanent proceedings. Ri|Books                                             |history                                           |.76|2341.68|1.52434169969749855323979895729111809664E01|
 AAAAAAAAMKEDAAAA|States provide better values. Massive backs will play just underneath relevant procedures. Invariably labour legs insert sti|Books                                             |history                                           |1.75|1068.48|6.95538510510737271602294245962904352388E00|
 AAAAAAAAOEMCAAAA|Conclusions achieve as industr|Books                                             |history                                           |5.43|720.72|4.6916041039167655584494376024856284147E00|
 AAAAAAAADECEAAAA|Open, other words include a little sharply anxious soldiers. Conditions mean now rules. Patients shall vary around a problems. Difficult edges take stil|Books                                             |home repair                                       |7.66|10307.88|6.9395996017156656485147481672928850772E01|
 AAAAAAAALPGCAAAA|Free, relevant facilities used to include on a assumpt|Books                                             |home repair                                       |.21|1327.87|8.93965211384899799444044619155753007161E00|
 AAAAAAAAMBGAAAAA|Regulatory, financial words would obtain yet at a relatives. Also main lines should bel|Books                                             |home repair                                       |3.33|76|5.11656683751062865775621040130714818049E-01|
 AAAAAAAAMGPCAAAA|Wonderful, public offices might carry ordinary rivers; girls stay supreme hands; right wide forces afford too internationally impossible lovers. Fresh, social teeth grow. Other, permanent|Books                                             |home repair                                       |1.47|17.01|1.14516844613231307195306761745045513882E-01|
 AAAAAAAAMLNCAAAA|Appropriate, special fans may not talk best rather real feet. Generally mass systems define so. Today tragic towns ensure only established, serious players. Good at|Books                                             |home repair                                       |6.74|21.63|1.45620185125466970877982672342465283084E-01|
 AAAAAAAAPNGAAAAA|Unusually small programmes would lift recently social, small workshops. Offices s|Books                                             |home repair                                       |1.73|3103.32|2.08925581555045843765631616612953935414E01|
 AAAAAAAAHHIAAAAA|Evenings go simply central conditions. Small, other characters must not sha|Books                                             |mystery                                           |2.79|681.97|4.81117766160835855432566474069997954101E01|
 AAAAAAAAKMNCAAAA|Yet complex diff|Books                                             |mystery                                           |6.1|0|0|
 AAAAAAAAMMKAAAAA|Widespread, mental authorities go less than new symptoms. |Books                                             |mystery                                           |3.63|735.5|5.18882233839164144567433525930002045899E01|
 AAAAAAAAAIEEAAAA|New results used to lead soon african, true penalties. Popular trains follow environmentally classical gates. Final crews will indica|Books                                             |parenting                                         |.41|6273.54|1.24941348541420874900521549880227547744E01|
 AAAAAAAADOODAAAA|Major feet must prevent other, able problems. Provisions attract. Daughters accept in pri|Books                                             |parenting                                         |2.06|3725.37|7.4192999744283623716140483088862635695E00|
 AAAAAAAAEBFAAAAA|Small companies develop vehemently. Past, great rights would get so ways. Soon national members achieve. Professional, stupid properties can tell m|Books                                             |parenting                                         |99.89|8908.8|1.77424147432838603135353625476680020744E01|
 AAAAAAAAKGLBAAAA|Clear approaches should take alone daughters. Complex, small materials provide also by a groups. Americans discuss so. Cons|Books                                             |parenting                                         |3.34|7177.96|1.42953420584929303583136102452248352382E01|
 AAAAAAAAKHAAAAAA|Generally french beds will ask amounts. Difficult, difficult workers would come once again in a resources. So inc|Books                                             |parenting                                         |2.62|183.6|3.65650519359163608293495483538955322924E-01|
 AAAAAAAALODDAAAA|As generous germans mean almost eastern variables. Long years must not face really good, atomic relations; chemical, corporate bills must honour seasons. Artificial, gold materials determine|Books                                             |parenting                                         |4.51|219.64|4.37426362048184612884440893270676182609E-01|
 AAAAAAAAMANDAAAA|French|Books                                             |parenting                                         |4.98|8450.64|1.68299613557588363550617901580263475496E01|
 AAAAAAAAMFKBAAAA|Most modern concentrations may direct e|Books                                             |parenting                                         |.56|825.44|1.64391375108838784765676967283439695944E00|
 AAAAAAAAMNNDAAAA|Theoretical degrees sho|Books                                             |parenting                                         |3.9|1744.65|3.47457613616538556214186762176600437984E00|
 AAAAAAAAMOPDAAAA|Studies go of course unable friends; here brilliant techniques understand radical, passive|Books                                             |parenting                                         |70.67|6652|1.32478608647993263745551849482632396955E01|
 AAAAAAAANBLDAAAA|Other, correct points pick. Policies shall regard of course just major topics; white, popular wome|Books                                             |parenting                                         |.42|6050.24|1.20494193804334751058912751324985242536E01|
 AAAAAAAAALMAAAAA|Back, social names gather known experiences. Tough problems shall gain. Powerful, far stones cou|Books                                             |reference                                         |3.5|2162.58|9.02645226592092494234762555695845898594E00|
 AAAAAAAABEHBAAAA|Steep, labour clubs achieve less hands; often great towns mean tall, new maps. Conditions occur following men. Costs should coordinate; objectives know modest details. Child|Books                                             |reference                                         |2.13|3724.14|1.55442905888368307368025627915227531226E01|
 AAAAAAAADBOBAAAA|Notions shall say major journals; economic standards make at once old requirements. So corporate numbers ask now in a images; surely closed feelings m|Books                                             |reference                                         |1.8|4.2|1.7530495758246115638663091002055659324E-02|
 AAAAAAAADIKBAAAA|Rural, strong dollars can go in a students; nice restrictions leave afield spectacular, royal experts; decisions ought to defend about early effective pp.; russian, national relations shall deli|Books                                             |reference                                         |9.64|3240|1.35235252992184320641115273444429371928E01|
 AAAAAAAAGKMBAAAA|Front markets ought to reach very academic ways. Then possible words open entirely public products. Softly origin|Books                                             |reference                                         |4.07|30.08|1.25551741049534085335948994605198626778E-01|
 AAAAAAAAHPFBAAAA|Things may use quickly at a changes; local, late powers shall think much; plans expect there academic results. Reservations tell there stars. Hours apply at|Books                                             |reference                                         |3.58|824.85|3.44286414909269249632172633643943109367E00|
 AAAAAAAALIDAAAAA|Largely substantial contracts facilitate. Yet full values can advise extremely plants. Men classify empty contacts. Private, common events can want more just central patients. Enti|Books                                             |reference                                         |1.55|582.72|2.43223106862980392975279914017092233364E00|
 AAAAAAAAMIHCAAAA|Clients could attempt that is to say now warm days; national problems would not belong for a stars. Issues write thereafter cases. Successful years add together perhaps easy ye|Books                                             |reference                                         |9.95|3334.5|1.39179614537789696659814468919891895276E01|
 AAAAAAAAONDCAAAA|Libraries will result too cond|Books                                             |reference                                         |.63|10055.18|4.19695929377145659637076998528690534576E01|
 AAAAAAAABNNBAAAA|For example used comments could conduct still. Tab|Books                                             |romance                                           |.36|5587.92|4.85219185361939793058175035688607779596E01|
 AAAAAAAAGNICAAAA|Results highlight as patterns; so right years show. Sometimes suitable lips move with the critics. English, old mothers ought to lift now perhaps future managers. Active, single ch|Books                                             |romance                                           |2.88|67|5.81785090324306112737793801470613774587E-01|
 AAAAAAAAOPMAAAAA|Selective years may dispense especially dual schools. Carefully concrete tan|Books                                             |romance                                           |52.25|5861.36|5.08962963734817145814447026296686082659E01|
 AAAAAAAAAGMBAAAA|True regulations may not restore with a magistrates. Critical results take once white, large prisoners; political,|Books                                             |science                                           |1.54|1847.13|3.75466123529214473230864924032917544539E00|
 AAAAAAAACHBBAAAA|Relatively sad accidents happen secondary, other sons; organisatio|Books                                             |science                                           |3.19|2298|4.67114470486719862426860911483027462794E00|
 AAAAAAAADAHAAAAA|Forces require more new examples. Also narrow students take files. Native, important objectives ought to release still legs. Difficulties might say mainly. Years|Books                                             |science                                           |2.33|9464.04|1.92375545398830994203755819874318156178E01|
 AAAAAAAAKHGDAAAA|Probably contrary schools meet really short daught|Books                                             |science                                           |6.65|2890.08|5.8746657478862460400462235990377197984E00|
 AAAAAAAAKJPDAAAA|Joint girls should keep with the agencies. Different, familiar ga|Books                                             |science                                           |.75|1369.42|2.78362009649227116625148768234589846867E00|
 AAAAAAAALJLAAAAA|Students shall want. Competitive parents can need. Big, kind children should relax also potential interviews. As available offenders must not continue too random, econo|Books                                             |science                                           |8.7|19698.84|4.00418329669391501077839199197490021984E01|
 AAAAAAAAMEKCAAAA|So international methods hold hence as senior glasses. So direct complaints will not attract far. Even narrow members must happen in a vehicles. Institution|Books                                             |science                                           |3.31|6276.69|1.27586280494311997097304334834482317034E01|
 AAAAAAAAOKJBAAAA|Only rapid powers used to translate voluntary, angry degrees. As new backs would not know subsequently other tasks. Tight capital teams used to go perhaps essential, pos|Books                                             |science                                           |4.12|1876.8|3.81497144564610895475514603425302846898E00|
 AAAAAAAAONPCAAAA|Economic roles should treat. Tall, soft rocks would assess together. Unique lectures would not |Books                                             |science                                           |.13|942.31|1.91543358000148387103331290469787471047E00|
 AAAAAAAAPGEDAAAA|Soldiers might appear even to the clothes. Sensible forces please curre|Books                                             |science                                           |9.12|2532.34|5.14748763356109737344663603387697896054E00|
 AAAAAAAACHODAAAA|Successful jobs |Books                                             |self-help                                         |9.97|28.49|1.72293572766367133473998426437780491094E-01|
 AAAAAAAAEEIAAAAA|Democratic, american days damage still employers. Able banks could suggest full-time elements; daughters care minister|Books                                             |self-help                                         |2.04|420.92|2.54551809929165510080292796266025146758E00|
 AAAAAAAAEPCBAAAA|Patient services will find also developing, social developers. Othe|Books                                             |self-help                                         |.55|2348.72|1.42039087479052935673236077270250542311E01|
 AAAAAAAAEPNDAAAA|Actual incidents improve never terrible, gentle factors. Impatie|Books                                             |self-help                                         |2.63|7253.28|4.38642866084533310594694035279966472602E01|
 AAAAAAAANANCAAAA|Also little lines see upo|Books                                             |self-help                                         |5.67|6484.32|3.92139929715833531389300623558802665501E01|
 AAAAAAAACGIAAAAA|Fresh, poor lives may work strong, sm|Books                                             |sports                                            |3.92|372.36|2.90865347060569607398959521317314752613E00|
 AAAAAAAACMGCAAAA|Ho|Books                                             |sports                                            |3.04|1669.07|1.30377759377587526754050211688981237014E01|
 AAAAAAAAHBACAAAA|Effects withstand companies. Rules may not return technical signs. White intervals talk actually grey sons. Workers license most. At least great clothes see much relatively chea|Books                                             |sports                                            |6.98|1362.63|1.06440500554609508037932165789185895733E01|
 AAAAAAAAICCEAAAA|Most present groups will matter already about a players; happy, e|Books                                             |sports                                            |4.26|1303.85|1.01848958740177162586511271852395756847E01|
 AAAAAAAAJIMCAAAA|Furthermore royal developments may not unload later huge c|Books                                             |sports                                            |.84|711.1|5.55468762205314877595338155571872705401E00|
 AAAAAAAAKJLCAAAA|Afraid, old meals will get chronic, strong applicants. Arms could look with a needs. Hence wor|Books                                             |sports                                            |7.02|4298.31|3.35758252745707634863847271477448483807E01|
 AAAAAAAAKNOAAAAA|Golden foundations buy elsewhere areas. Numerous prices achieve then hard, difficult users. Main dreams ought to plant fortunately fore|Books                                             |sports                                            |13.58|0|0|
 AAAAAAAALHKDAAAA|Costs send more schools. Causes start later. Both human |Books                                             |sports                                            |5.13|2489.76|1.94485150525707322407786405036791701167E01|