I_ITEM_ID|TOTAL_SALES|
 AAAAAAAAEPDEAAAA|0|
 AAAAAAAAOIMAAAAA|0|
 AAAAAAAAGFJAAAAA|2.2|
 AAAAAAAAOEGBAAAA|5.7|
 AAAAAAAAKIKBAAAA|8.64|
 AAAAAAAAGBEAAAAA|54.53|
 AAAAAAAAOCNCAAAA|99.45|
 AAAAAAAAOBDBAAAA|176.68|
 AAAAAAAAKCACAAAA|304.19|
 AAAAAAAAHHEEAAAA|455.68|
 AAAAAAAAGLEEAAAA|461.1|
 AAAAAAAAJAJBAAAA|518.3|
 AAAAAAAAEKLBAAAA|572.32|
 AAAAAAAAOLOBAAAA|638.22|
 AAAAAAAACJBEAAAA|650.97|
 AAAAAAAAMBNCAAAA|663.12|
 AAAAAAAABCNDAAAA|726.52|
 AAAAAAAAGANAAAAA|935.15|
 AAAAAAAALJPCAAAA|1380.92|
 AAAAAAAACBEDAAAA|2029.6|
 AAAAAAAAHPJAAAAA|2032.62|
 AAAAAAAAHAPDAAAA|2956.45|
 AAAAAAAACJOAAAAA|3032.36|
 AAAAAAAAEFLAAAAA|3077.05|
 AAAAAAAAONCDAAAA|3688.43|
 AAAAAAAAGIACAAAA|3710|
 AAAAAAAAPBECAAAA|4294.96|
 AAAAAAAACIIBAAAA|5359.2|
 AAAAAAAAIEKBAAAA|5516|
 AAAAAAAANFNDAAAA|5782.59|
 AAAAAAAAKGNCAAAA|5969.36|
 AAAAAAAACMJDAAAA|5972.25|
 AAAAAAAAGNADAAAA|6798.62|
 AAAAAAAAEFPBAAAA|6876.06|
 AAAAAAAAIDIBAAAA|16661.7|