I_ITEM_ID|TOTAL_SALES|
 AAAAAAAAABBCAAAA|2989.44|
 AAAAAAAAABFBAAAA|724.14|
 AAAAAAAAABFEAAAA|4832.59|
 AAAAAAAAABICAAAA|1271.62|
 AAAAAAAAACACAAAA|2672.56|
 AAAAAAAAAEBAAAAA|452.61|
 AAAAAAAAAEBDAAAA|740.74|
 AAAAAAAAAEKCAAAA|2725.45|
 AAAAAAAAAGOCAAAA|488.4|
 AAAAAAAAAHHDAAAA|132.72|
 AAAAAAAAAIIDAAAA|2371.6|
 AAAAAAAAAIODAAAA|2852.06|
 AAAAAAAAAJAEAAAA|684|
 AAAAAAAAAJMCAAAA|3002.19|
 AAAAAAAAAKFBAAAA|2335.32|
 AAAAAAAAALADAAAA|7011.9|
 AAAAAAAAALHCAAAA|3734.98|
 AAAAAAAAAMEAAAAA|1393.92|
 AAAAAAAAANFEAAAA|1522.56|
 AAAAAAAAANJBAAAA|731.5|
 AAAAAAAAANKCAAAA|6669.38|
 AAAAAAAAANOCAAAA|35.53|
 AAAAAAAAAPAEAAAA|155.48|
 AAAAAAAAAPEBAAAA|414.72|
 AAAAAAAAAPFCAAAA|4358.64|
 AAAAAAAAAPNAAAAA|3368.4|
 AAAAAAAABAAAAAAA|135.76|
 AAAAAAAABBBBAAAA|6156.48|
 AAAAAAAABEOAAAAA|815.94|
 AAAAAAAABGDAAAAA|610.19|
 AAAAAAAABIHDAAAA|5179.02|
 AAAAAAAABKKBAAAA|896.69|
 AAAAAAAABLHDAAAA|3392.2|
 AAAAAAAACABBAAAA|607.84|
 AAAAAAAACAJCAAAA|727.36|
 AAAAAAAACBDEAAAA|2010.19|
 AAAAAAAACBGEAAAA|98.67|
 AAAAAAAACCCEAAAA|47.84|
 AAAAAAAACCGDAAAA|3201.44|
 AAAAAAAACCMBAAAA|2657.97|
 AAAAAAAACCNCAAAA|2835.14|
 AAAAAAAACDEEAAAA|852.6|
 AAAAAAAACHOCAAAA|8535.75|
 AAAAAAAACJDDAAAA|1066.71|
 AAAAAAAACJFAAAAA|5256.32|
 AAAAAAAACJFBAAAA|2558.73|
 AAAAAAAACJGCAAAA|5016.24|
 AAAAAAAACJMDAAAA|278.9|
 AAAAAAAACKBDAAAA|1575.29|
 AAAAAAAACKMBAAAA|1232.28|
 AAAAAAAACLBAAAAA|5105.4|
 AAAAAAAACLECAAAA|201.24|
 AAAAAAAACLFEAAAA|607.11|
 AAAAAAAACLIBAAAA|4547.15|
 AAAAAAAACMGDAAAA|316.16|
 AAAAAAAACMKBAAAA|309.72|
 AAAAAAAACNICAAAA|428.75|
 AAAAAAAACNIDAAAA|1887|
 AAAAAAAACODAAAAA|12785.88|
 AAAAAAAACPEEAAAA|1433.4|
 AAAAAAAACPLBAAAA|2512.99|
 AAAAAAAADDKAAAAA|7926.93|
 AAAAAAAADFDCAAAA|1203.68|
 AAAAAAAADGEAAAAA|1053.28|
 AAAAAAAADILAAAAA|2557.17|
 AAAAAAAADJBDAAAA|1504.12|
 AAAAAAAADLBEAAAA|950.46|
 AAAAAAAADLCDAAAA|6258.24|
 AAAAAAAADLLDAAAA|1637.09|
 AAAAAAAADNECAAAA|277.8|
 AAAAAAAADOIAAAAA|493.29|
 AAAAAAAADPAEAAAA|318.9|
 AAAAAAAAEABAAAAA|7241.22|
 AAAAAAAAEAHAAAAA|1928.68|
 AAAAAAAAEAIBAAAA|5880.6|
 AAAAAAAAEBCAAAAA|3529.02|
 AAAAAAAAEBGAAAAA|518.33|
 AAAAAAAAECGBAAAA|1427.5|
 AAAAAAAAECHAAAAA|1458.56|
 AAAAAAAAEDKCAAAA|2186.65|
 AAAAAAAAEEBBAAAA|120.64|
 AAAAAAAAEEBEAAAA|4692|
 AAAAAAAAEEIAAAAA|7167.2|
 AAAAAAAAEENCAAAA|364.64|
 AAAAAAAAEEODAAAA|4348.37|
 AAAAAAAAEFKBAAAA|2131.2|
 AAAAAAAAEGAEAAAA|3970.44|
 AAAAAAAAEGDAAAAA|72.2|
 AAAAAAAAEGJBAAAA|4807.76|
 AAAAAAAAEGNAAAAA|36.74|
 AAAAAAAAEHCEAAAA|288|
 AAAAAAAAEJBDAAAA|245.98|
 AAAAAAAAEJJDAAAA|5237.39|
 AAAAAAAAEJOBAAAA|2421.76|
 AAAAAAAAEKNCAAAA|928.8|
 AAAAAAAAELCDAAAA|810.72|
 AAAAAAAAEMGDAAAA|3626.07|
 AAAAAAAAEOHAAAAA|7762.63|
 AAAAAAAAEPDAAAAA|2842.1|
 AAAAAAAAFGLDAAAA|6846.3|