PREV_YEAR|YEAR|I_BRAND_ID|I_CLASS_ID|I_CATEGORY_ID|I_MANUFACT_ID|PREV_YR_CNT|CURR_YR_CNT|SALES_CNT_DIFF|SALES_AMT_DIFF|
 2001|2002|5002001|2|9|325|621|95|-526|-20990.79|
 2001|2002|9008002|8|9|252|544|42|-502|-11983|
 2001|2002|4004001|4|9|435|563|85|-478|-12378.9|
 2001|2002|9015002|15|9|224|638|187|-451|-20985.18|
 2001|2002|9005008|5|9|721|507|62|-445|-12369.01|
 2001|2002|9007008|7|9|340|535|100|-435|-15764.33|
 2001|2002|9006010|6|9|373|547|142|-405|-16533.18|
 2001|2002|9005002|5|9|35|468|99|-369|-11916.07|
 2001|2002|9012002|12|9|521|632|266|-366|-23522.73|
 2001|2002|7004007|2|9|248|534|170|-364|-35897.82|
 2001|2002|6008003|2|9|93|445|93|-352|-10460.04|
 2001|2002|9003008|3|9|261|426|83|-343|-5412.78|
 2001|2002|9008002|8|9|196|594|256|-338|-5352.24|
 2001|2002|9003002|3|9|26|387|53|-334|-5865.85|
 2001|2002|9007004|9|9|184|405|78|-327|-7402.87|
 2001|2002|7004003|10|9|274|508|189|-319|-22181.3|
 2001|2002|9011008|11|9|166|361|49|-312|-35614.01|
 2001|2002|9004008|4|9|256|323|14|-309|-23215.5|
 2001|2002|9014008|14|9|187|391|82|-309|-5445.08|
 2001|2002|9001002|1|9|571|470|163|-307|-14392.15|
 2001|2002|9012008|12|9|377|469|163|-306|-5178.27|
 2001|2002|9001002|1|9|812|463|158|-305|-6253.67|
 2001|2002|9006002|6|9|555|394|100|-294|-17419.72|
 2001|2002|9010008|10|9|301|383|93|-290|-1538.87|
 2001|2002|9010008|10|9|9|294|5|-289|-6203.41|
 2001|2002|9012008|12|9|322|571|284|-287|-19983.44|
 2001|2002|9016004|1|9|256|333|49|-284|-3261.54|
 2001|2002|9014008|14|9|904|492|211|-281|444.84|
 2001|2002|9013004|5|9|184|385|111|-274|-12894.01|
 2001|2002|9015002|15|9|725|454|180|-274|-15318.43|
 2001|2002|9015002|15|9|313|457|188|-269|-610.59|
 2001|2002|9006008|6|9|617|352|84|-268|-8427.49|
 2001|2002|7013001|13|9|48|380|116|-264|-8325.06|
 2001|2002|9010008|10|9|621|614|356|-258|6136.93|
 2001|2002|9012008|12|9|583|270|12|-258|-20487.73|
 2001|2002|5002001|2|9|189|500|247|-253|-11789.32|
 2001|2002|5001001|10|9|136|441|189|-252|-17562.29|
 2001|2002|9014008|14|9|98|532|281|-251|-4031.67|
 2001|2002|9012008|12|9|244|469|220|-249|-8400.17|
 2001|2002|3002001|8|9|357|642|394|-248|-11392.88|
 2001|2002|9008008|8|9|283|336|88|-248|-7574.12|
 2001|2002|9004010|12|9|773|379|132|-247|-2896.83|
 2001|2002|9007008|7|9|152|446|199|-247|-2669.86|
 2001|2002|9008004|8|9|968|330|87|-243|-19136.73|
 2001|2002|8013001|13|9|17|270|33|-237|546.46|
 2001|2002|9011008|11|9|451|365|128|-237|-7268.69|
 2001|2002|9012004|8|9|306|253|16|-237|-16775.95|
 2001|2002|9004008|4|9|379|261|26|-235|-17160.01|
 2001|2002|9016008|16|9|243|374|139|-235|-17761.03|
 2001|2002|9014008|14|9|313|474|241|-233|-31020.16|
 2001|2002|9004004|4|9|202|410|180|-230|-1367.89|
 2001|2002|9007003|14|9|590|357|129|-228|-15804.09|
 2001|2002|9014010|2|9|727|318|90|-228|-2141.71|
 2001|2002|7008007|8|9|630|336|109|-227|6254.5|
 2001|2002|9001002|1|9|519|249|24|-225|-3164.7|
 2001|2002|9001008|1|9|538|423|198|-225|-5715.83|
 2001|2002|9003002|3|9|314|584|360|-224|-10130.44|
 2001|2002|9013008|13|9|677|366|143|-223|-5939.41|
 2001|2002|9003002|3|9|921|334|117|-217|-3092.07|
 2001|2002|9008008|8|9|413|444|228|-216|-4546.98|
 2001|2002|7009001|9|9|192|472|257|-215|-12086.51|
 2001|2002|9012004|1|9|466|328|115|-213|-2742.48|
 2001|2002|9016002|16|9|761|451|242|-209|3464.11|
 2001|2002|2004001|4|9|178|292|84|-208|-21621.5|
 2001|2002|9003004|3|9|155|441|233|-208|-7138.55|
 2001|2002|9011002|11|9|42|292|84|-208|-28249.62|
 2001|2002|9003002|3|9|130|359|152|-207|-12520.56|
 2001|2002|9009004|12|9|755|359|156|-203|-8445.26|
 2001|2002|6010005|10|9|168|246|44|-202|-6636.92|
 2001|2002|3002001|2|9|220|430|229|-201|-26716.91|
 2001|2002|9008004|8|9|204|292|91|-201|-5722.19|
 2001|2002|9015008|15|9|143|281|81|-200|-4700.32|
 2001|2002|9010008|10|9|192|319|120|-199|-771.86|
 2001|2002|6012005|12|9|302|417|219|-198|1896.5|
 2001|2002|9006010|3|9|99|341|144|-197|-5407.65|
 2001|2002|9010008|10|9|106|293|101|-192|-5312.39|
 2001|2002|9005002|5|9|320|572|381|-191|-9672.56|
 2001|2002|8011003|11|9|721|589|401|-188|-4498.1|
 2001|2002|9007002|7|9|510|204|17|-187|-15158.18|
 2001|2002|9013010|6|9|56|300|114|-186|-4042.01|
 2001|2002|9014008|14|9|239|389|209|-180|2475.46|
 2001|2002|9013008|13|9|133|358|180|-178|-2778.38|
 2001|2002|7012005|14|9|437|230|53|-177|-5692.63|
 2001|2002|9003002|3|9|1000|343|166|-177|-1898.71|
 2001|2002|9012008|12|9|249|431|254|-177|-9374.06|
 2001|2002|9011008|11|9|77|502|326|-176|-19946.39|
 2001|2002|9012002|12|9|431|308|134|-174|1306.53|
 2001|2002|9005008|5|9|936|270|97|-173|-9458.77|
 2001|2002|8002001|13|9|268|267|95|-172|-5186.76|
 2001|2002|2004001|16|9|443|313|143|-170|-5099.48|
 2001|2002|4003001|8|9|120|207|38|-169||
 2001|2002|10010007|4|9|109|249|81|-168|-10803.21|
 2001|2002|9010008|10|9|284|198|32|-166|-9379.98|
 2001|2002|9003008|3|9|78|294|129|-165|-8773.11|
 2001|2002|3002001|2|9|241|505|341|-164|-2250.43|
 2001|2002|5004001|3|9|43|297|134|-163|-57.11|
 2001|2002|7007001|12|9|221|379|218|-161|-9656.02|
 2001|2002|9016002|16|9|750|295|135|-160|-10793.41|
 2001|2002|4003001|3|9|250|305|151|-154|-1250.42|
 2001|2002|6008001|13|9|323|265|111|-154|-10127.43|