I_ITEM_ID|I_ITEM_DESC|I_CATEGORY|I_CLASS|I_CURRENT_PRICE|ITEMREVENUE|REVENUERATIO|
 AAAAAAAAAJIAAAAA|Joint, superior police would use through an restrictions. Buyers ought to contract generally in a efforts. Days cut also sure, frequent s|Books                                             |arts                                              |.43|851.52|3.57193494071524272227484334612180452516E00|
 AAAAAAAAEPDDAAAA|Services used to work most new provi|Books                                             |arts                                              |2.84|141.75|5.94609378342711452323444011077562231587E-01|
 AAAAAAAAGHOBAAAA|Fully existing proceedings could not tak|Books                                             |arts                                              |8.66|1551.27|6.5072288560260881456493050515999291922E00|
 AAAAAAAAKICDAAAA|Wet, concerned representatives get up to a owners. Necessary, like|Books                                             |arts                                              |1.89|5051.58|2.11902422818234519811503583596415648525E01|
 AAAAAAAAKKIAAAAA|Naked, popular schemes campaign then offices. Underlying shares may join|Books                                             |arts                                              |79.28|9557.46|4.00913957610958095035148021030924721404E01|
 AAAAAAAANIBAAAAA|Beneath decent wives write t|Books                                             |arts                                              |2.72|6685.6|2.80445887819966961950872471284666670582E01|
 AAAAAAAAOEIDAAAA|Electoral occupations assemble exchanges; als|Books                                             |arts                                              |2.2|||
 AAAAAAAAACEBAAAA|Prese|Books                                             |business                                          |15.17|457.2|5.39297851183518151760680090920993808455E00|
 AAAAAAAAANHCAAAA|High ministers should not remove for a stations. Certain, linear weeks might not ask so from a improvements. Lakes must not implement f|Books                                             |business                                          |4.8|480.7|5.67017666369022693681887400931149876912E00|
 AAAAAAAAEICAAAAA|Cases include proudly without a columns. Solid, pre|Books                                             |business                                          |2.42|3440.64|4.05846403914273817513969017503588831392E01|
 AAAAAAAAIBKDAAAA|Hundreds drop nearly unacceptable accidents. Then strong methods tell large unions. Short companies should help so. Moves shall not set later chief problems. R|Books                                             |business                                          |.78|1371.51|1.61778739255622699107893777668209146595E01|
 AAAAAAAAMIMCAAAA|About likely houses like international members. Final, relevant birds answer after the paintings. Hungry, personal days borrow tiny, primary resources. As social relations could choose quite also |Books                                             |business                                          |.77|2727.64|3.21743305074849398833880455642987653476E01|
 AAAAAAAABLMBAAAA|External improvements effect so tough words. Great roads cause quickly popular, black stories. Clearly white members might ask enough details. Min|Books                                             |computers                                         |31.74|16.56|3.10556676593478309791536955494377723935E-01|
 AAAAAAAAEMHAAAAA|Boots recommend usually just local centres; c|Books                                             |computers                                         |7.56|266.9|5.00528846514488894223195733221312889602E00|
 AAAAAAAAFEEAAAAA|Capital, united feelings paint only things. Greatly financial economies should not pay somewhere soviet necessary armies; educational concepts mus|Books                                             |computers                                         |3.83|418.95|7.85674635621000832651958982514308861367E00|
 AAAAAAAAGDOCAAAA|Various changes must shorten together heavy lessons. Doors make later british initiatives. Recently senior courses regret months. Regular, senior children might encounter merely procedures. Then avail|Books                                             |computers                                         |65.54|184.1|3.45250508217749739327427255474124027635E00|
 AAAAAAAAIHEEAAAA|Personal, liable years shall not start dramatic, dema|Books                                             |computers                                         |4.92|1374.65|2.57793922390836327629792437119774358821E01|
 AAAAAAAAMNOBAAAA|Scientific, young creditors might see for the alternativ|Books                                             |computers                                         |6.98|3071.2|5.7595511180790494265203399620430728608E01|
 AAAAAAAAAHPAAAAA|Surveys shall not ne|Books                                             |cooking                                           |4.61|3443.52|2.39182830891392802121550154129118387E01|
 AAAAAAAAAMACAAAA|Best national participants forget. Usually clear efforts can operate on|Books                                             |cooking                                           |2.2|210.98|1.46544215400131416084717531822557723751E00|
 AAAAAAAAGADEAAAA|Girls may use chri|Books                                             |cooking                                           |4.37|736.8|5.11772575157914623998577483395869422978E00|
 AAAAAAAAGALAAAAA|Great, only pages might not contribute so; small components require on a films. Times find apparently. So traditional sources find conditions. Gro|Books                                             |cooking                                           |3.4|4233|2.94019178968981080807000337569858206768E01|
 AAAAAAAAIOCCAAAA|Technological characters want a|Books                                             |cooking                                           |4.64|||
 AAAAAAAAJFKBAAAA|Meanwhile wet products ascerta|Books                                             |cooking                                           |5.4|24.55|1.70521399567410478001697573525632387814E-01|
 AAAAAAAAPDGEAAAA|African lives must n|Books                                             |cooking                                           |.88|5748.17|3.99261097088147408283103031043924367682E01|
 AAAAAAAACLAEAAAA|As direct shoes cannot guarantee there regular given specialists. Teachers say even eyes. True re|Books                                             |entertainments                                    |1.33|||
 AAAAAAAACFFBAAAA|Main, ltd. flames continue firmly. European spirits used to endure true with a features. Others tell never moral, normal writers. Li|Books                                             |fiction                                           |.77|176.32|100|
 AAAAAAAAOFECAAAA|Later high interests |Books                                             |fiction                                           |5.61|0|0|
 AAAAAAAABADDAAAA|Protective, different police wish. So free standards could develop as for a respondents. Surprising, famous goods cannot fire only othe|Books                                             |history                                           |1.74|637.5|4.79286550956242453586266316417838631924E00|
 AAAAAAAABHCDAAAA|Also academic schemes might not think in a ingredients. Running, red papers come. Then prop|Books                                             |history                                           |9.69|2153.4|1.6189735824771333326316327619987038588E01|
 AAAAAAAABHJCAAAA|More weak months believe today unnecessary sources. Years tread difficult emissions. Intermediate, personal farms could sail as without a causes. New offices illust|Books                                             |history                                           |1.75|3258.56|2.44985722899446809342441406749256823913E01|
 AAAAAAAADLPCAAAA|Patient trains will happen even good, central steps. New equations will include by a exercises. Key, psychological deaths apply mainly also foreign bodies. Assistant, inap|Books                                             |history                                           |9.95|4118.04|3.09603323654877595853551081044912345068E01|
 AAAAAAAAEJNDAAAA|Also public times make flat, personal instances. Almost old remains used to reverse yesterday wryly lucky |Books                                             |history                                           |1.94|146.24|1.09946455234260229666596997824227014169E00|
 AAAAAAAALANBAAAA|Chief objects look teachers. Already empi|Books                                             |history                                           |1.13|2025|1.52243963244924073492108124038607565435E01|
 AAAAAAAAPNLBAAAA|National members sue inner tasks. Other, dark windows sleep notably burning arrangements. Lightly industrial ships may recognise alone a|Books                                             |history                                           |.13|962.28|7.23463313339879197234497805431463150946E00|
 AAAAAAAACDFDAAAA|Whole, thin items |Books                                             |home repair                                       |1.75|662.48|2.87174134214287355330307907648946006598E00|
 AAAAAAAACOHAAAAA|Again parliamentary stocks may generate typically unnecessary external arrangements. Funds fight again sole, rural contributions. Public fires|Books                                             |home repair                                       |6.21|2470.16|1.07077354693087195634994774356678008039E01|
 AAAAAAAADECEAAAA|Open, other words include a little sharply anxious soldiers. Conditions mean now rules. Patients shall vary around a problems. Difficult edges take stil|Books                                             |home repair                                       |7.66|648.18|2.80975320485172047424826379030150076315E00|
 AAAAAAAAEADEAAAA|Ships should help private, possible societies. C|Books                                             |home repair                                       |8.1|6842.64|2.9661713828946552787667221670012436641E01|
 AAAAAAAAINCDAAAA|Chinese dreams cannot tell how|Books                                             |home repair                                       |.53|1847.3|8.00774028097532048517204742482637903015E00|
 AAAAAAAALPGCAAAA|Free, relevant facilities used to include on a assumpt|Books                                             |home repair                                       |.21|3255.62|1.41125747921555095966739679733737108743E01|
 AAAAAAAAPHIBAAAA|Suddenly toxic trials indicate tender, light shares. |Books                                             |home repair                                       |5.02|7342.55|3.18287410816193035394359426293287118215E01|
 AAAAAAAACLBAAAAA|Common, logical babies must take somehow general months. Costs drag. Big, british areas give dramatic, effective clot|Books                                             |mystery                                           |3|697.5|5.04630299522500361742150195340761105484E01|
 AAAAAAAAMABAAAAA|Small designs may not guide sure single things|Books                                             |mystery                                           |3.73|684.7|4.95369700477499638257849804659238894516E01|
 AAAAAAAAADOCAAAA|Hands know european, absolu|Books                                             |parenting                                         |1.88|216.63|2.00399819054587974530730654983538222868E00|
 AAAAAAAADAGEAAAA|Environmental businesses behave settlements. Students might make of course almost organisational goals. Eyes brush on|Books                                             |parenting                                         |7.79|496.91|4.59680903320940361095256288454369100888E00|
 AAAAAAAADIEEAAAA|Previous, other details will talk ahead. Children hear here; true services require children; partly lucky members must make at first uncertain|Books                                             |parenting                                         |1.85|2229.5|2.06246317030053034767236299351797289334E01|
 AAAAAAAAIHFAAAAA|Significantly small suggestions will not come more new blue terms. Fundamentally previous soldiers understand alone huge contracts. Religious, professional miles must ap|Books                                             |parenting                                         |4.64|3060.64|2.83133315880180094339535369925133373235E01|
 AAAAAAAAKHAAAAAA|Generally french beds will ask amounts. Difficult, difficult workers would come once again in a resources. So inc|Books                                             |parenting                                         |2.62|4621.5|4.27525164455882529794475244428944235325E01|
 AAAAAAAAMFBEAAAA|Hopes should not remember more consistent colours. Really new techniques could not consider then forms|Books                                             |parenting                                         |5.58|||
 AAAAAAAAMFKBAAAA|Most modern concentrations may direct e|Books                                             |parenting                                         |.56|118.25|1.09390567341573318507403868124467501519E00|
 AAAAAAAAMOPDAAAA|Studies go of course unable friends; here brilliant techniques understand radical, passive|Books                                             |parenting                                         |70.67|22.1|2.04442413382559859536035981864755330535E-01|
 AAAAAAAAPAICAAAA|Other ambitions seek aloud to a measurements; other hands could provide children; also particular pp. could push fine, huge mines. Just coun|Books                                             |parenting                                         |4.72|44.36|4.10364952834857709005364531924006627265E-01|
 AAAAAAAABOBDAAAA|Immediately professional cells may ship properly forward political members. Daily, direct trains can choose clearly. Partners answer everywhere at a chara|Books                                             |reference                                         |.18|10647|2.62759779762536432715776692440010957579E01|
 AAAAAAAAGOPCAAAA|Concerned agreements may imagine forward large demonstrations. Primary, excellent months would not think clearly by a hopes. Open firms wipe men. Impor|Books                                             |reference                                         |2.27|41.85|1.0328258460657602807509396617464505095E-01|
 AAAAAAAAHFBAAAAA|Old places avoid certain, typical hands; here original arms see in a ideas. Good|Books                                             |reference                                         |38.26|2227.72|5.49784180118904538263914767805448680772E00|
 AAAAAAAAKNGCAAAA|Levels could say pointedly original, happy sessions; immense, technological decisions might discourage basic difficulties. Officials find. Simple, |Books                                             |reference                                         |8.7|4328.52|1.06824547938173588779834106204605638217E01|
 AAAAAAAAMKPAAAAA|Blue findings used to assess by a relatives. International, important qualities shall stay spanish, active roses; solid villages will stand in order certain members.|Books                                             |reference                                         |96.43|12047.98|2.97334889770211673770172186999474332365E01|
 AAAAAAAAOGIBAAAA|Social democrats begin more inside the results. Important, particular minutes make in front of the relations. |Books                                             |reference                                         |52.52|1104.08|2.72478461200545904604897840320435144213E00|
 AAAAAAAAOHKBAAAA|Well efficient schools will include indeed areas. Maybe wrong years can like early |Books                                             |reference                                         |80.48|10122.75|2.49821692551067500166584813881574238831E01|
 AAAAAAAABOBAAAAA|Old, revolutionary eyes may not serve fully by|Books                                             |romance                                           |2.38|659.52|5.10857028660572715717265669357331137631E00|
 AAAAAAAAGGAEAAAA|Copies light unfortunately by a periods. Properly desirable leads must go between a windows. New years must take. New contents like much symbolic users. So short-term wheel|Books                                             |romance                                           |4.07|4841.27|3.74999515881788402386664053719305937148E01|
 AAAAAAAAGNICAAAA|Results highlight as patterns; so right years show. Sometimes suitable lips move with the critics. English, old mothers ought to lift now perhaps future managers. Active, single ch|Books                                             |romance                                           |2.88|6396.18|4.95441155625027594738061063960148938E01|
 AAAAAAAAIMADAAAA|Names use hard months. Traditional, irish groups could want markedly operations. Islamic, great facilities choose. Possible s|Books                                             |romance                                           |4.34|266.75|2.06621652709861371781872600226025110631E00|
 AAAAAAAAKDFCAAAA|Blue children can get grim, central eyes. New, reasonable meetings me|Books                                             |romance                                           |7.03|369.93|2.86543760026088162186572187447473174042E00|
 AAAAAAAALLDAAAAA|Personal days see large, important parents. Children |Books                                             |romance                                           |90.72|376.42|2.91570843535317779067038366174621826218E00|
 AAAAAAAADGCCAAAA|Deep parent|Books                                             |science                                           |1.3|249.4|1.57325739979788625866269336115656497477E00|
 AAAAAAAAEPHAAAAA|Ago social details will gain mothers. Actively regional reports remain|Books                                             |science                                           |.14|4638.28|2.92590550614857252439053623223146439102E01|
 AAAAAAAAGNHCAAAA|Central scientists shall not keep also in the countries. Other, financial authorities could not experience deep, other banks. Cells may avoid on the animals;|Books                                             |science                                           |4.28|4185.49|2.64027791270250800191263690304217768094E01|
 AAAAAAAAIENBAAAA|Experiences help by a goods. Black prices live all sure, technological employers. Short, clever breasts play old memories. Strong refugees tell basically feet. Things earn in a persons.|Books                                             |science                                           |6.52|451.2|2.84624594542424330356298013052863719574E00|
 AAAAAAAAJBMDAAAA|Presumably social provisions see photographs; other prices might not decide unduly european, unusual levels. Illegal, military men shall choose here high birds. Key drawi|Books                                             |science                                           |3.35|77.85|4.91090972631377085953851957361822707643E-01|
 AAAAAAAALMGCAAAA|Enough financial clients may figure now old problems. Real funds hear at least also tall schools. Quite new authorities mu|Books                                             |science                                           |4.28|142.4|8.98283294832473950415266778783860675252E-01|
 AAAAAAAAMNPBAAAA|Wrong heads used to get too buildings. Slig|Books                                             |science                                           |2.46|45.44|2.86643208688115283053860410308557788507E-01|
 AAAAAAAANBODAAAA|Only obvious profits produce now. Swiftly necessary times used to formulate here circles. Primary drugs inform doubtless low cases; too previous concessions pay. V|Books                                             |science                                           |3.96|6062.4|3.82426449901150988553196160091241359385E01|
 AAAAAAAAAAGCAAAA|Longer other prices give here old examples. Much silent police might go including a perceptions. Early, new programmes promote too for a laws. Actors should not speak as relationships. Children cou|Books                                             |self-help                                         |6.28|624.72|1.91397058823529411764705882352941176471E01|
 AAAAAAAAHKOAAAAA|Physically natural times used to improve models. Significantly close years ought to build ahead linguistic habi|Books                                             |self-help                                         |.27|2639.28|8.08602941176470588235294117647058823529E01|
 AAAAAAAAGGKBAAAA|Therefore safe tec|Books                                             |sports                                            |5.97|619.5|4.06258812111037517460275823174130593026E00|
 AAAAAAAAJIMCAAAA|Furthermore royal developments may not unload later huge c|Books                                             |sports                                            |.84|136.2|8.93179180137583694561574933273875492659E-01|
 AAAAAAAAJPAEAAAA|Natural times shall not anticipate black, possible hands|Books                                             |sports                                            |4.16|2686.8|1.761963157998281843280498921233662756E01|
 AAAAAAAAMBHDAAAA|Small points examine rightly situations. Curre|Books                                             |sports                                            |1.04|3467|2.27360662080543514614168890870816911384E01|
 AAAAAAAAOIBDAAAA|Presidential efforts could look. Low workers mean easy|Books                                             |sports                                            |3.78|8339.4|5.46885349107148712366137885355664998787E01|
 AAAAAAAABFABAAAA|Windows flow just magnetic terms. Branches would possess |Books                                             |travel                                            |4.33|2154.01|2.69621642731702676551913190745787024926E01|
 AAAAAAAABPGDAAAA|Extensive assets can adapt now fair things. White, other talks trouble sufficient teachers. Helpful days will not vot|Books                                             |travel                                            |4.62|110.7|1.38565354155270803265986649159282564423E00|
 AAAAAAAAEKADAAAA|Happily good children maintain now classes. Political, old years see houses; of course new standards may find so sorry sounds; also |Books                                             |travel                                            |8.48|32.24|4.03554382833417407163090295293158977145E-01|
 AAAAAAAAKHIBAAAA|Fundamental, other studies buy formerly from a services. Psyc|Books                                             |travel                                            |2.63|1052.06|1.31688406949046252289082126571377429744E01|
 AAAAAAAALBLCAAAA|Occasions can view so customers. Likely hospitals jo|Books                                             |travel                                            |74.97|1076|1.3468502355110332819711078093530988195E01|
 AAAAAAAAMEBCAAAA|Weeks might not find original elections. Active hands might enjoy occasional, young proposals. Slight, necessary studies prevent frequently industrial, private reasons. Inherently single effects o|Books                                             |travel                                            |.62|3564|4.46112847524286488563664333878665817166E01|
 AAAAAAAAODCEAAAA|Similar, only groups meet long. Poems shall like|Books                                             |travel                                            |9.98|||
 AAAAAAAABBGCAAAA|About existing results ensure as foreign so|Home                                              |accent                                            |15.86|8415.37|4.78768694057214183674107973381289643178E01|
 AAAAAAAAEAGAAAAA|Dynamic, available memories may go abstract years; presumably high members stay faster industries. Offices give thus. Carers ought to pay well fields. Obvious|Home                                              |accent                                            |9.45|2205|1.25447243602617267571290160896757202976E01|
 AAAAAAAAMOODAAAA|Full, following books merge alive, urban farms. Boys take certainly eventually future trees|Home                                              |accent                                            |4.69|||
 AAAAAAAAPAKAAAAA|Unique developments should guess once at the assumptions. Letters might not provide especially |Home                                              |accent                                            |4.38|6956.74|3.95784062340168548754601865721953153846E01|
 AAAAAAAACJJCAAAA|Men would not welcome sure very rem|Home                                              |bathroom                                          |60.55|951.73|1.09838530792942949701147515063804053407E01|
 AAAAAAAAFGFDAAAA|Ec|Home                                              |bathroom                                          |4.86|3239.1|3.73822391950891017806507009386241590987E01|
 AAAAAAAAIHIAAAAA|Economic things determine. However overseas teachers listen clearly by a types; signs telephone probably. Environmental ty|Home                                              |bathroom                                          |16.26|4215.32|4.86487297471035140989819742152453429446E01|
 AAAAAAAAKDKAAAAA|Free, different divisions ought to see more whole terms. So substantial schools will measure others. British classes consider though dishes. Pupils mount. Ugly, economic schemes cannot erect |Home                                              |bathroom                                          |4.43|258.66|2.985177978513089150252573339750092616|
 AAAAAAAAFIKCAAAA|Masters help in terms of the hours. Still different details used to find always long black savings. Now free shares demonstrate behind. Extended, empty sentences ask ago |Home                                              |bedding                                           |9.52|498.94|2.72836390580270845921863166212340359214E00|
 AAAAAAAAJNJAAAAA|Places take rules. For example scientific buildings may not maintain notably developers. Prime, other heads limit marginal places. Good, part-tim|Home                                              |bedding                                           |9.77|7364.4|4.02709006050696800759002906412426211848E01|
 AAAAAAAAKIDBAAAA|Holidays may attract local days. Low, sympathetic teachers might not provide especially resources. Soviet matt|Home                                              |bedding                                           |2.12|137.6|7.52440921630762584656439084275023718841E-01|
 AAAAAAAAKIIAAAAA|For example new children shall take general jobs. British, proposed government|Home                                              |bedding                                           |5.52|22.79|1.24623027645095053083722723333050803433E-01|
 AAAAAAAAMIGDAAAA|Then brief plants use fair, white women; outer, long prop|Home                                              |bedding                                           |40.09|4084|2.23326215402618778759948925885116051435E01|
 AAAAAAAANFCCAAAA|Companies would protect greatly firms. Exceptions disagree highly; wrong difficulties put once aga|Home                                              |bedding                                           |2.22|32.96|1.80235848669694293533984245768203355908E-01|
 AAAAAAAAPMAEAAAA|Great, political methods adapt in a characters. Slowly different cases fight|Home                                              |bedding                                           |.81|428.22|2.34164426933666536338357808625182163432E00|
 AAAAAAAAPOODAAAA|Presidential, open books shall not recognize merely fair styles. Signs check most happy, similar rules. Fat demands must see blac|Home                                              |bedding                                           |6.91|5718.24|3.1269169881583516294228460968494270567E01|
 AAAAAAAACDCEAAAA|Girls exceed so. Evenings shall not come so american, british shares. Interesting interests mark retail, historic studies; h|Home                                              |curtains/drapes                                   |88.6|2481.24|2.10768632234543005044026930924523076975E01|
 AAAAAAAADCPCAAAA|Men must|Home                                              |curtains/drapes                                   |1.07|408|3.46575107412799834187595669170275408288E00|
 AAAAAAAAGGCCAAAA|English pictures evolve either to a factors. Detailed, ultimate months manage never mild eyes. High commi|Home                                              |curtains/drapes                                   |5.86|485.94|4.12781146314156743689020194795597137018E00|
 AAAAAAAAGGHBAAAA|Only difficult children permit also. Ends must up|Home                                              |curtains/drapes                                   |3.77|3595.36|3.05407421124432355844292638506872890182E01|
 AAAAAAAAILCCAAAA|Able, actual men contribute beautiful, national orders. Days get just subsequently useful differences. Generally useful doctors look nations. Heavy minutes celebrate as good te|Home                                              |curtains/drapes                                   |9.69|351.4|2.9849630574720064150372823075106563351E00|
 AAAAAAAAMPCDAAAA|Basic circumstances take exactly surpris|Home                                              |curtains/drapes                                   |.73|1190.7|1.0114386774422077513901229492182522761E01|
 AAAAAAAAPBECAAAA|Places look; students sell especially. Right black tests make once again|Home                                              |curtains/drapes                                   |2.18|2436.8|2.06993681799880057830473805547580175224E01|
 AAAAAAAAPILDAAAA|Special matters may not forget a little other drugs. Also possible standards might retain sales. Difficult, small prices forget frequently for a hours. Explicit, true things may exchange modern cases|Home                                              |curtains/drapes                                   |.66|822.9|6.99011411495080842041599206275048121274E00|
 AAAAAAAAGEHDAAAA|Emissions will tick social, likely institutions. Specific customs wash still general, financial years. Open nurses could hurt; carefully current troubles must not invest als|Home                                              |decor                                             |4.98|569.39|1.73439579887478563356513845863298943322E01|
 AAAAAAAALDODAAAA|Then long times hope wide sole, new legs. Students might not dig more swiss, isolated children. Real words may negotiate so. Left circumstances repeat; stil|Home                                              |decor                                             |.81|66.04|2.0116176708001693609062636120782349913E00|
 AAAAAAAAMNMDAAAA|Meetings know policies. Elderly, big practitioners wait outside along the books. Average hand|Home                                              |decor                                             |8.54|2010|6.12257952499748700094123237473841964343E01|
 AAAAAAAAOHBEAAAA|Children write true, old seasons. Stupid, nationa|Home                                              |decor                                             |5.97|637.5|1.94186290904771042940300280542076742422E01|
 AAAAAAAACBLDAAAA|Obvious, clini|Home                                              |flatware                                          |.71|47.7|1.14454527000470775224266087339601698246E-01|
 AAAAAAAACFNCAAAA|Poor, small things might care as characters. Comp|Home                                              |flatware                                          |2.42|10652.22|2.55596394466447547433843123874350524547E01|
 AAAAAAAACGODAAAA|Ever excellent towns used to try hard current private services. International, new minutes follow powerful recordings. Schools must not h|Home                                              |flatware                                          |9.52|15263.1|3.66232891207732806986477089658925509539E01|
 AAAAAAAADLJCAAAA|Major authorities ought to penetrate so banks. Bills will |Home                                              |flatware                                          |9.36|3584.4|8.60064584026179133572032208511673641914E00|
 AAAAAAAADNNCAAAA|Thick orders would allow a bit negative forms. Increasingly good studies spend with the cases. British, independent devices tackle direct, italian things; tomorrow new members ought t|Home                                              |flatware                                          |.16|0|0|
 AAAAAAAAKCGCAAAA|Notably other chemicals might carry again there interesting problems. Electronic, new foods recall legs.|Home                                              |flatware                                          |2.81|3849.48|9.23669628087572829791001714658385629694E00|
 AAAAAAAALJIDAAAA|Major, important features buy also oral, secondary motives. Physical mechanisms watch firmly possible, awful mea|Home                                              |flatware                                          |2.29|1085.7|2.60510020889750777067055956026426758461E00|
 AAAAAAAAOEABAAAA|Demonstrations shall miss exact, labour thanks. Nuclear, rapid issues undermine vital provinces. Political, dark deals may get problems. Authori|Home                                              |flatware                                          |5.36|7193.34|1.72601745755464663784428137673679345925E01|
 AAAAAAAAABEAAAAA|Now good legs find from the ideas. Available courts must risk eventually more complex strangers. Sections|Home                                              |furniture                                         |8.76|7180.55|7.31878725364688231313040712986896501113E01|
 AAAAAAAAACJDAAAA|M|Home                                              |furniture                                         |3.93|135.52|1.38128980177594403085478518252758094896E00|
 AAAAAAAACFOBAAAA|Specimens enjoy exactly other areas. Names mean just in a operati|Home                                              |furniture                                         |63.63|485.55|4.94897626366816428705387356387446081589E00|
 AAAAAAAAKNECAAAA|Likely, fine manage|Home                                              |furniture                                         |9.6|107.1|1.09161849003987312355775895106776800202E00|
 AAAAAAAAODDDAAAA|Ni|Home                                              |furniture                                         |.83|1902.4|1.93902429080471954272295110038405401218E01|
 AAAAAAAABECDAAAA|Workers remember more in a programs. Other, real matters will not outline usually on a assets. Regional rules may make therefore both necessary hours. Seconds finance alw|Home                                              |glassware                                         |9.42|3229.2|4.25680004429223383135731968710700529134E01|
 AAAAAAAAINMBAAAA|Expensive workers should not say accurately old ideas. Later arab types will last still reforms. Ev|Home                                              |glassware                                         |1.29|1143|1.50672688301313739292747937642862227425E01|
 AAAAAAAAJFFAAAAA|Exact jews make again regional times|Home                                              |glassware                                         |.82|1140.19|1.50302268131474114089412310604562627373E01|
 AAAAAAAAOACEAAAA|Grand years must not provide c|Home                                              |glassware                                         |5.39|1862.19|2.45477842019093116512302958879406484067E01|
 AAAAAAAAPMDEAAAA|Earlier educational solicitors shall not want long societies. Skills must not d|Home                                              |glassware                                         |8.66|211.4|2.78671971188956469698048241624681320014E00|
 AAAAAAAAAPPCAAAA|True, red |Home                                              |kids                                              |9.3|714.26|1.37362975499057656063694757490672718182E01|
 AAAAAAAACFPBAAAA|Babies ought to take yesterday. Females will pretend often neigh|Home                                              |kids                                              |9.78|826.62|1.58971498903803992461248509558059925382E01|
 AAAAAAAAIEJCAAAA|Days make there great, firm voters. Friends listen now lively tenants; also italian views used to know|Home                                              |kids                                              |8.41|1418.5|2.72798953805915612138928420323858609947E01|
 AAAAAAAALOBCAAAA|Edges come most high residents. Opponents may not provide perhaps at a details. English, specific minutes obtain from a parts. More able holidays happen deeply. Natural o|Home                                              |kids                                              |2.33|2240.42|4.3086657179122273933612831262740874649E01|
 AAAAAAAACCMDAAAA|Realistic communities know times. Soft days might not stop rights. General g|Home                                              |lighting                                          |2.83|7522|6.44684098792138659362189560437205866094E01|
 AAAAAAAAEHFBAAAA|Strong, social authors speak fully still lucky results. Colonial groups used to satisfy ever open stages; words begin also about a patients. Chronic, noble allegations used to insist |Home                                              |lighting                                          |7.24|250.75|2.14908984009743111984936230097885364163E00|
 AAAAAAAAGLDCAAAA|National, other ministers should spend more than increased programmes. Now psychological goods could change h|Home                                              |lighting                                          |3.09|677.54|5.80695645168340371263304858785727815093E00|
 AAAAAAAAIHDEAAAA|Parliamentary shareholders must not want very in a parts. Rich, national conditions might provide finally economic, difficu|Home                                              |lighting                                          |5.16|474.88|4.07002904592410006059447724621670196345E00|
 AAAAAAAAIIECAAAA|Green patients will tell impossible skills. Seconds might write sadly ove|Home                                              |lighting                                          |1.51|2241.58|1.92117918395437672966378207243396958963E01|
 AAAAAAAALCGAAAAA|R|Home                                              |lighting                                          |3.18|487.5|4.17819061634096778036516100389707338103E00|
 AAAAAAAAMPGBAAAA|Phases would sell scarcely. Seats work here secret variations. Reports order no|Home                                              |lighting                                          |35.49|13.48|1.15532327196464093701174092989810357285E-01|
 AAAAAAAAAKJBAAAA|Social, back times might not call. Capable men go therefore at the banks. Officially hot actions show very. Whole writers ought to get. Over crude levels wo|Home                                              |mattresses                                        |.94|575.55|5.85260644615459707466280526495615248198E00|
 AAAAAAAAEENBAAAA|Rounds ought to ask doubtful c|Home                                              |mattresses                                        |4.72|2304.12|2.34299497258513251875111855913313700926E01|
 AAAAAAAAEGDDAAAA|Just personal gardens love other services. Catholic years judge so. Other, other eyes improve seriously |Home                                              |mattresses                                        |.74|2045.4|2.07990986447130794136309649707954379057E01|
 AAAAAAAAIEEEAAAA|Firms lead by the followers. Estimated, rigid probl|Home                                              |mattresses                                        |16.16|139.06|1.41406211867302279420138945381774400859E00|
 AAAAAAAALGCAAAAA|Voters cause already urban, formal children. Medieval shares must not spare human, crazy things; so public |Home                                              |mattresses                                        |9.27|261.14|2.65545938206725997754746758212257781104E00|
 AAAAAAAAMFFBAAAA|Relative reactions begin completely today shy proposals. United, good feelings should get nearly |Home                                              |mattresses                                        |1.82|180.78|1.83830109171371394172103541968338675301E00|
 AAAAAAAAMOFDAAAA|Wrong, vague margins rise good, efficient powers. New, single particles ought to demonstrate again young, cheerful drugs; probably old years view so. Mental purposes ought to continue appr|Home                                              |mattresses                                        |9.35|3203.55|3.25760010087369637017392577648341278493E01|
 AAAAAAAAODPDAAAA|Criteria would not adjust a bit dominant cars. British weeks could not c|Home                                              |mattresses                                        |4.31|1124.48|1.14345215820900379089858939524592030978E01|
 AAAAAAAACAEBAAAA|Below continuing managers should play simple types. Points provide direct, inevitable degrees. For sure valuable links afford furiously privately religious |Home                                              |paint                                             |1.74|1536.98|5.5429292291802056067621010175031898404E00|
 AAAAAAAAFKICAAAA|Later significant pages cannot unite occasionally. Please complete lives get mentally most exotic results. Ever av|Home                                              |paint                                             |5.3|1553.4|5.60214593853435398609236796873703958287E00|
 AAAAAAAAGCDAAAAA|Subsequently full views add still considerable changes. Extra names suffer conservatives. So odd hours work just real standard|Home                                              |paint                                             |2.01|4290.94|1.54747470667533158832774465120204149786E01|
 AAAAAAAAIDIBAAAA|Great, central provisions may not see on a habits. Possible, administrative figures shall dry here yet tory categories; standards stand twice. Responsible miners report on|Home                                              |paint                                             |2.35|1563.64|5.63907523839954761607665137803269252824E00|
 AAAAAAAAKOBAAAAA|Modern men would not ask girls. Often p|Home                                              |paint                                             |6.55|536.06|1.93323442243512668841552386592067557538E00|
 AAAAAAAALHICAAAA|Hands will judge in the shots. Extra, other services will clarify; possible chapters defend rapidly too civil s|Home                                              |paint                                             |2.63|6.12|2.20710268725571304202943813368550806278E-02|
 AAAAAAAALNCCAAAA|Popular, heavy companies create over various reforms. Other parts organise legs. Private rounds file clearly. Christians stop weekly effectively social examinations; p|Home                                              |paint                                             |2.04|5823.88|2.10031065330960818157098107156999292429E01|
 AAAAAAAALNDEAAAA|Public aspects fail far important, passive years. Very cold numbers appear then; women used to take always prime profits. Conventional matters guide too. Detailed, particular women pass. Just |Home                                              |paint                                             |8.19|172.04|6.20441088750772666259386497580481710981E-01|
 AAAAAAAAOOMAAAAA|Leaders guard generally police. Democratic witnesses may see efficiently questions. Clear, modern maps should not settle special, small elements. Final, public workers would not lose caref|Home                                              |paint                                             |3.54|4246.2|1.53133977624594913710218957569532750591E01|
 AAAAAAAAPCNBAAAA|Areas may clea|Home                                              |paint                                             |2.32|7999.4|2.88488516935185472359645219062154464009E01|
 AAAAAAAAGENDAAAA|Surely parental costs try tonight also american eyes; well recent conditions can involve to a processes. Close deaf pressures develop international eyes; there|Home                                              |rugs                                              |93.56|1048.41|2.7210013937083282507533032444595552072E01|
 AAAAAAAAJCACAAAA|New, red savings could justify to the principles; even exact years ought to win so. Records ens|Home                                              |rugs                                              |39.61|1708.8|4.43495119425491106998907353433531532327E01|
 AAAAAAAAKFAEAAAA|Closed miles may not succeed about at once little cases. Processes discourage living men. Useless, experimental books|Home                                              |rugs                                              |1.74|1088.89|2.82606156713028447741128410627480190915E01|
 AAAAAAAALCGDAAAA|Other changes claim just with the ways. Other ways believe men; national, special daughters head fine, left movements. Well military estates care. More extens|Home                                              |rugs                                              |1.38|6.93|1.79858449064762018463391149303275603875E-01|
 AAAAAAAABDDDAAAA|Scientific|Home                                              |tables                                            |1.25|4871.13|5.51816834778826024306027568581604632827E01|
 AAAAAAAABPCBAAAA|Sure socia|Home                                              |tables                                            |1.78|324.52|3.6762640131227173450060266623165946186E00|
 AAAAAAAAFLCEAAAA|Soviet ships will perform partly. Responses like already historical years. So respo|Home                                              |tables                                            |6.42|2349.58|2.66167767778653833954124865193079760384E01|
 AAAAAAAAIDEBAAAA|Banks think very large,|Home                                              |tables                                            |4.97|369.2|4.18241302121566388443308592298559944899E00|
 AAAAAAAAKALBAAAA|Shoulders talk a little essential kinds. Stories make for a months. Most competitive areas think away also global tools. Real differences like also over a device|Home                                              |tables                                            |3.09|269.76|3.05592561376797803213615725510453766891E00|
 AAAAAAAAMGAEAAAA|Necessary countrie|Home                                              |tables                                            |10.28|643.25|7.28693709614565491240948678212482894248E00|
 AAAAAAAACLMDAAAA|For example available procedur|Home                                              |wallpaper                                         |9.81|8680|7.58802944644975509372702501164867423663E01|
 AAAAAAAAJKDAAAAA|Yet equal pa|Home                                              |wallpaper                                         |57.16|700.8|6.12637216137325849041923862691634896893E00|
 AAAAAAAALOOBAAAA|Potential values ought to clear apart. Alarmingly like groups can board more unusual part|Home                                              |wallpaper                                         |2.91|2058.27|1.79933333741291905723105112565969086648E01|
 AAAAAAAABKPCAAAA|Difficult, normal mothers must know a|Sports                                            |archery                                           |2.16|3383|2.32007900475948811499581658825627168859E01|
 AAAAAAAACBLAAAAA|Years ought to eat past a advances. Beautiful, equal companies come long artistic ambitions. Services resume int|Sports                                            |archery                                           |3.36|828.24|5.68011302069760105339679317486661088784E00|
 AAAAAAAACGLAAAAA|Now full events should rain right. Matters will not write obvious, unlikely perceptions. Sure services treat often over important pr|Sports                                            |archery                                           |4.33|204.6|1.40315744715870904028419767649196922106E00|
 AAAAAAAAIHLCAAAA|Different words|Sports                                            |archery                                           |9.77|9517.74|6.52731562127093420384873880423004649759E01|
 AAAAAAAAJECBAAAA|Free, personal results find easily also equal tears. Necessary, l|Sports                                            |archery                                           |49.73|543.9|3.73009450395709602644464866199404721083E00|
 AAAAAAAAKMCBAAAA|Various, historic writers sign european, dramatic loans. Strange creatures get soon important, available techniques. Important years shall not know into an days. Here|Sports                                            |archery                                           |1.68|103.92|7.1268876788237069142880656178419081844E-01|
 AAAAAAAAFIGDAAAA|I|Sports                                            |athletic shoes                                    |4.78|585.48|4.9775725279620756378821937094256594765E00|
 AAAAAAAAFPHBAAAA|Other, royal parents might not proceed professional, similar transacti|Sports                                            |athletic shoes                                    |5.17|907.35|7.71401317422694085200588997446090750496E00|
 AAAAAAAAJGPBAAAA|Able, main parties think really. Resources arrive only independent, old representations. Small, double advantages |Sports                                            |athletic shoes                                    |2.38|96.96|8.24324370279433719083585266902220302728E-01|
 AAAAAAAAMMICAAAA|Books can focus for a activities. Voices should not feel months. Rough nurses ought to rush in a residents. Experiences must describe british considerations. Difficult mem|Sports                                            |athletic shoes                                    |2.61|7104.24|6.03980833778255384123594244692391662898E01|
 AAAAAAAAMOGCAAAA|Events could play instead silly, strong musicians. Regions shall not reduce however to a |Sports                                            |athletic shoes                                    |6.15|17.18|1.46059124189363359053795326788161559415E-01|
 AAAAAAAANGPAAAAA|Particular, new defences ought to defer modern studies. Methods ought to plant |Sports                                            |athletic shoes                                    |6.46|1615.8|1.37370391656096225587382123995524707627E01|
 AAAAAAAAOHMBAAAA|At last enthusiastic units make; very formal goods apply somewhat running years; re|Sports                                            |athletic shoes                                    |34.87|474.6|4.03490455996925787001928184479985309071E00|
 AAAAAAAAPGGBAAAA|Pictures ought to run. Bad, public workers pr|Sports                                            |athletic shoes                                    |24.8|||
 AAAAAAAAPIMCAAAA|Low purposes used to serve gradually. Practices may not come now other, basic children. White, close homes commission competent symptoms; blues ought to take now extremely interest|Sports                                            |athletic shoes                                    |2.56|960.75|8.16800369993776759085761700883156101327E00|
 AAAAAAAAAFECAAAA|Secondary, middle arms make social, light aims. So as mysterious police take final, other cards. Used ways can happen nearly different prices. Considerably financial priorities may harm solutions|Sports                                            |baseball                                          |26.35|950.8|1.14378790120694404846542591904224003426E01|
 AAAAAAAAAJEBAAAA|Supposedly young friends show only common steps. Well li|Sports                                            |baseball                                          |60.66|1499.4|1.80373956570224222367381113063939283485E01|
 AAAAAAAAGACDAAAA|Courses walk less than in a effects. Corners introduce therefore distinct members.|Sports                                            |baseball                                          |1.89|3222.78|3.8769213002226705306199046522622531948E01|
 AAAAAAAAIJNBAAAA|Equal situations write very in the tears. Long representative |Sports                                            |baseball                                          |4.24|||
 AAAAAAAAMKKAAAAA|Foreign, new forms account arbitrary, excessive fears. Asleep, mass grounds cannot lik|Sports                                            |baseball                                          |2.65|47.2|5.67803838209589388804881188249828876915E-01|
 AAAAAAAANNFDAAAA|Corporate, general events see outwards old feet. Early windows receive. Skills achieve scottish, wrong |Sports                                            |baseball                                          |98.36|143.91|1.73120021942250018946844177544561173044E00|
 AAAAAAAAOFNCAAAA|Police thank either practices; at present young residents can |Sports                                            |baseball                                          |2.22|1868.12|2.24730022507647908689443780803658966429E01|
 AAAAAAAAPEBCAAAA|English authorities can take; sometimes mental eyes know quickly; immediate jobs should think below critical villages. Red, international diff|Sports                                            |baseball                                          |1.36|580.52|6.98350602028455152519088193649980211074E00|
 AAAAAAAAHLLCAAAA|More full messages behave chips. Professionals must know high tenants. Light clothes must answer values.|Sports                                            |basketball                                        |.97|374.66|4.95995340032037279743701762050385903597E00|
 AAAAAAAALEEDAAAA|Centres will serve american, accurate variables. Members give near in a measures. Head homes will not come serious, clear areas. More true principles dismiss specifically per a p|Sports                                            |basketball                                        |7.54|108.18|1.43214583581556058620278803765042297152E00|
 AAAAAAAAMMHAAAAA|Long provisions will keep ago necessary nurses. Again certain patients come tentatively dutch teachers. Modern, certain years assist only separate hours. Fundamental facilities mean much comple|Sports                                            |basketball                                        |.18|7070.86|9.36079007638640666163601943418457179925E01|
 AAAAAAAAAOCBAAAA|Actual arms must enable finally national, public times; stones aim other tensions. Often clean incentives produce on an|Sports                                            |camping                                           |2.99|6012.75|1.6480042231007558166305970885601331395E01|
 AAAAAAAACGBBAAAA|Above warm issues assume in particular from the events. Sites would not come women. Large controls go grim, sudden men. Infor|Sports                                            |camping                                           |9.52|52.19|1.43044930196047475896970374707003199119E-01|
 AAAAAAAACNCDAAAA|Previously special streets operate so e|Sports                                            |camping                                           |3.57|2701.64|7.4047883735361123353571765304354880795E00|
 AAAAAAAADNGDAAAA|Active windows shall not find small, relig|Sports                                            |camping                                           |5.51|26.46|7.25228751290940067490675630340545056275E-02|
 AAAAAAAAFKHAAAAA|Manufacturing elections prefer affairs. Trends used to |Sports                                            |camping                                           |2.76|3564.9|9.77085402674630478683866044822754750988E00|
 AAAAAAAAFPCDAAAA|Days spend directly directly extraordinary duties. Small, low exports would not draw well nevertheless comparable gains; minutes prevent insid|Sports                                            |camping                                           |3.54|6738.48|1.84691588662092737187625393860058807665E01|
 AAAAAAAAGEKAAAAA|Other things get now. Quite eastern systems should not ask then new days; usual, good friends should work at a proposals. Highly pr|Sports                                            |camping                                           |.27|797.35|2.18541626924350363875166369558591685798E00|
 AAAAAAAAIAKBAAAA|Families avoid indian hills. Lists bring exactly pregnant, free managers. Social, overall bones may prolong again ancient, whole days. Therefore alive years provide then unfair cour|Sports                                            |camping                                           |9.41|1224.72|3.35677307740377974095684148900480854619E00|
 AAAAAAAAIFFBAAAA|Publishers accept under in a minutes. Terms ensure pounds. |Sports                                            |camping                                           |2.8|7555.56|2.07086520941185757230908887587899040264E01|
 AAAAAAAAKAFCAAAA|Emotional women can raise excessively normal, monetary years. Private, regular families intensify thus with a lectures. Temporarily personal shoulders call rather apparent, post-war words|Sports                                            |camping                                           |2.17|2069.1|5.67109149393833746653422882364936423257E00|
 AAAAAAAAKCBEAAAA|Problems shall leave rapidly real sales. Just fo|Sports                                            |camping                                           |1.46|1445.73|3.96252820334032798100262463738562435453E00|
 AAAAAAAAKLCAAAAA|Disastrous, other concessions surprise heavy cars; now economic homes place; sudden, social results may get raw, just publications. Only awful condition|Sports                                            |camping                                           |2.43|53.55|1.46772485380309299373112925187967451865E-01|
 AAAAAAAAMNJAAAAA|American, liberal minerals may no|Sports                                            |camping                                           |4.32|1886.4|5.17033830852316456279066707889041645562E00|
 AAAAAAAANBDCAAAA|Hours should look very usually darling men. Single pounds would see else results. Tired courts may not improve wide records; findings ca|Sports                                            |camping                                           |3.81|321.3|8.80634912281855796238677551127804711191E-01|
 AAAAAAAAPPCCAAAA|Pleasant kinds would not seek opportunities. Local methods react home excellent, video-taped cars. Most ideal signs suggest very on a areas. Often easy developments visit rates. Relig|Sports                                            |camping                                           |5.79|2034.91|5.57738185294575530135090985236688790803E00|
 AAAAAAAAAKDBAAAA|Discussions could spend somewhere likely rights. Personal things end typic|Sports                                            |fishing                                           |3.46|68.46|1.38573739001240807800288644685678891896E00|
 AAAAAAAABEMCAAAA|Evident roots think below; specialist beds join marked roads. Well as|Sports                                            |fishing                                           |1.61|647.36|1.31035781010580264881090939269239099412E01|
 AAAAAAAADKDDAAAA|British services benefi|Sports                                            |fishing                                           |2.03|805.35|1.63015426095017944145431580481465813013E01|
 AAAAAAAAEIABAAAA|Really foreign workers overcome asleep, young decades. Drugs may tell children; labour, real wages ev|Sports                                            |fishing                                           |4.24|347.04|7.02463195778419660225126661579287213607E00|
 AAAAAAAAKGKCAAAA|Ei|Sports                                            |fishing                                           |4.3|254.88|5.15916952916100746306420826139144551072E00|
 AAAAAAAAMCFDAAAA|Poor risks can support as bright, determined tiles; plans comfort. Prin|Sports                                            |fishing                                           |4.2|158.84|3.21516983683276218390269475925697271235E00|
 AAAAAAAAMCNCAAAA|Old, local movements |Sports                                            |fishing                                           |3.45|2658.4|5.38101705756498047701266919416314294794E01|
 AAAAAAAAADEBAAAA|Already vocational holders like always further official deputies. Ac|Sports                                            |fitness                                           |3.85|492.8|4.26557719024145348157829818358081702076E00|
 AAAAAAAAAGPCAAAA|Cool stones shall not occur sometimes by a problems. Clearly opposite criteria could grow probably b|Sports                                            |fitness                                           |9.04|5697.55|4.9316841153125392215840975681535884774E01|
 AAAAAAAAGPHBAAAA|Prime, secondary systems |Sports                                            |fitness                                           |91.03|1598.08|1.38326574597829991474039098238977923388E01|
 AAAAAAAAHMPAAAAA|Ready, technical activities attempt all. However certain artists admit. Mere, local teachers will return and so on beside a exhibitions. Fr|Sports                                            |fitness                                           |1.05|1867.89|1.61680782830359345448565085108132554889E01|
 AAAAAAAAIIIBAAAA|Supplies give much common males; methods turn ways; common, useful users may operate financially by the teachers; weeks complete in general. National, good neighbours should not pursue |Sports                                            |fitness                                           |.67|333.45|2.88627579968752569689992599292821314037E00|
 AAAAAAAAKCDEAAAA|Light practices shall not get really as the services. So significant plans know so for a programs. Long |Sports                                            |fitness                                           |7.5|1026.63|8.88630176708113512133264664003566188722E00|
 AAAAAAAALLMAAAAA|Nights go most mere, foreign colleagu|Sports                                            |fitness                                           |2.96|536.55|4.64426834704555979208773516720837535002E00|
 AAAAAAAACBOAAAAA|Hands used to trust democratic, green attitudes. Negotiations will take products;|Sports                                            |football                                          |.25|4272.84|5.27296937416777629826897470039946737683E01|
 AAAAAAAAGICEAAAA|Police may effect short, foreign pubs. Jobs must not show often foreign, constitutional times. Just new studies appeal great, big days; determined, certain pp. may suit ahead claims|Sports                                            |football                                          |7.52|64.32|7.93751673702903388623633116919177272441E-01|
 AAAAAAAAHNJCAAAA|M|Sports                                            |football                                          |2.64|80.16|9.8922783215212586492646813825001943655E-01|
 AAAAAAAAIJNCAAAA|Here forthcoming movies control too huge ships. A little eastern documents include just. Unique, regular problems |Sports                                            |football                                          |64.24|3685.97|4.54873267524672077637601517408361295227E01|
 AAAAAAAABAGDAAAA|Here possible nations could think with the ages. Weeks discuss of |Sports                                            |golf                                              |2.48|3959.3|5.27337142552709740147307574486221547396E01|
 AAAAAAAAKJEAAAAA|Clearly conservative children could not moderate with a decisions. As good as important track|Sports                                            |golf                                              |7.66|977.5|1.30192725190127995098626816371651949228E01|
 AAAAAAAAKMMAAAAA|Specific walls go conversely russian women. Correctly fair priorities track to a lives. Complete memorie|Sports                                            |golf                                              |2.22|2294.82|3.05645902425380588963918967515083709594E01|
 AAAAAAAALLHCAAAA|Secondary, british forces cou|Sports                                            |golf                                              |3.2|276.48|3.68242298317816757901466416270427937827E00|
 AAAAAAAAGFLDAAAA|Actually other thoughts hold to a places. So only services affect blind, content measures. Formal, other differences would complain open annual, rich methods. Risks acknowledge long; ways |Sports                                            |guns                                              |4.62|1395.6|3.48346999138867048560410348571642517504E01|
 AAAAAAAAKFLDAAAA|Days must appear kindly familiar hands. Too negative systems cannot skip existi|Sports                                            |guns                                              |3|2610.75|6.51653000861132951439589651428357482497E01|
 AAAAAAAACLJAAAAA|Institutions help shel|Sports                                            |hockey                                            |3.69|2321.01|8.91677583683254128937329281551458526222E01|
 AAAAAAAAIPNBAAAA|Different shares shall last even words. Contracts make on a others. Far from awful colleagues know right years. Names know in a letters. High varieties ought to undergo successful, immed|Sports                                            |hockey                                            |8.97|281.96|1.08322416316745871062670718448541473778E01|
 AAAAAAAAAADCAAAA|Whole reports will not acquire; looks get then japanese, basic creditors. New, fortunate professionals encourage firmly rich roles; however secondary projects might |Sports                                            |optics                                            |2.72|1365.44|8.43269695736406580695284954925856322269E00|
 AAAAAAAAAMHAAAAA|Social, reduced rebels would not achieve very free ships. Selective|Sports                                            |optics                                            |3.41|2224.88|1.37404344434762147971154030240467484056E01|
 AAAAAAAACFABAAAA|Fine, living women wait aside with the patients. Rarely arbitrary books should know already. Expenses will consider vigorously reports. Houses get there particular, local institutions. Really certain|Sports                                            |optics                                            |7.88|2039.38|1.25948218309915694028177747200660070491E01|
 AAAAAAAADOMCAAAA|Main pupils could expel followers. Sometimes severe horses should keep largely earnings. Years put recently permanent inst|Sports                                            |optics                                            |9.17|447.04|2.760833758949519552920818097097307903|
 AAAAAAAAFNNAAAAA|Inland branches shall provide only available plants. Now available faces answer. Minutes could offer with a others. Forth bizarre dangers search welcome, b|Sports                                            |optics                                            |1.86|390|2.40856560037203074811900290324791983306E00|
 AAAAAAAAHODBAAAA|Square, black institutions could change for example eventually other customers. Leaders must not fire toge|Sports                                            |optics                                            |1.87|242.63|1.49843659389298928311824019080780202332E00|
 AAAAAAAAKKFEAAAA|Reforms may not reduce slowly on a meetings. Opposite, italian boys publish much high traditions. Occasionally traditional ministers|Sports                                            |optics                                            |3.13|2711.79|1.67474977164945365703631561102530167284E01|
 AAAAAAAAMGNBAAAA|Agencies affect in common mountains. Clear eyes could work today models; cars get i|Sports                                            |optics                                            |8.68|143.84|8.88328399891058725152403532315848176376E-01|
 AAAAAAAAPCOAAAAA|Employees pay ahead comme|Sports                                            |optics                                            |93.19|1035.2|6.39319771667981084731485078318524772097E00|
 AAAAAAAAPDDEAAAA|Schools must evaluate secondly; quite democratic recommendations will assess however lines. Always effective strings can step just; sides could work. However normal operatio|Sports                                            |optics                                            |2.31|5592.01|3.45351869818882042661255010897215389376E01|
 AAAAAAAABOMBAAAA|Common are|Sports                                            |outdoor                                           |1.31|623.85|7.14816881526134328512124444709255094008E00|
 AAAAAAAACGAAAAAA|Opportunities clear there. Basic rules ask british locations. More financial visits construct other funds. Unk|Sports                                            |outdoor                                           |3.16|89.65|1.02722342596486242768473120891535976882E00|
 AAAAAAAACIICAAAA|Certainly other girls take by the cha|Sports                                            |outdoor                                           |8.69|59.16|6.77864337758854001358936958387425364455E-01|
 AAAAAAAAENPDAAAA|Other bedrooms kill important, unusual names. Places rival future tasks. By now other boys incorporate. Yesterday major agents might service then to a politicians; dead pains can get to |Sports                                            |outdoor                                           |6.47|||
 AAAAAAAAGDFAAAAA|Longer usual findings afford yet. As willing other|Sports                                            |outdoor                                           |1.75|2273.92|2.60549235110989400062561515959488553878E01|
 AAAAAAAAGFEBAAAA|Ago rural mice must read new minutes. More safe levels step into a names. Walls conceive sensitive, old voices. Then cu|Sports                                            |outdoor                                           |6.76|3645.34|4.17688638439124551270078981049360577766E01|
 AAAAAAAAHKBBAAAA|Hard sudden aspects shall not commemorate about a functions. Western, british cases see here churches. Stairs a|Sports                                            |outdoor                                           |4.43|447.59|5.12855474877426407147137581481791275991E00|
 AAAAAAAAKCOAAAAA|Immediate, mixed hospitals become; bad, clear rates cut still for a units; independently existing weeks in|Sports                                            |outdoor                                           |39.82|1.92|2.19996539637761947702697592985776994549E-02|
 AAAAAAAAKMAEAAAA|True calls stand again now strong musicians; political, lovely directions know more financial charts. Probably overall eyes risk even meetings. Servic|Sports                                            |outdoor                                           |3.81|1585.98|1.81724016632655048863293921106032603029E01|
 AAAAAAAAAJDBAAAA|Black, particular months should make deep children. Open standards reopen over at a policies. Dangerous contents might mean on a streets. Very general cars need so into a practitioners; members ensu|Sports                                            |pools                                             |83.43|341.7|2.1168944532656984419731166175285303722E00|
 AAAAAAAACBDBAAAA|Twice recent conditions inform agai|Sports                                            |pools                                             |6.04|770.16|4.77128309080219582110042579501250497938E00|
 AAAAAAAAECEBAAAA|Forms should pursue really. Shops govern european, final situations; suitable, nuclear years colour; yards make all alternative qualities. Readers used to help europe|Sports                                            |pools                                             |5.14|8342.1|5.16808464108509890921391165791183881122E01|
 AAAAAAAAGFJCAAAA|Even old examples shall take very. Local legs shall last nu|Sports                                            |pools                                             |3.47|2322.86|1.43905456532419089345088488914027569809E01|
 AAAAAAAAGLCAAAAA|Educational groups|Sports                                            |pools                                             |.7|4364.75|2.70404303918392077102784921169378195554E01|
 AAAAAAAABCGBAAAA|Frankly tory miles might make extremely new properties; either big pictures must not return therefore in a cities. Perhaps effective assessments emerge parliamentary opponents. Probably external purpo|Sports                                            |sailing                                           |7.68|1528.72|1.85895611865449672525457406421079000041E01|
 AAAAAAAABEIAAAAA|Originally federal implications continue always manufacturers. Ins|Sports                                            |sailing                                           |.63|2821.86|3.43144193376575051620105210164965452834E01|
 AAAAAAAAHKEEAAAA|Particular writers might not get partly in a creditors. Pains might not manage often now full patients. Strong, important societies get|Sports                                            |sailing                                           |3.12|2792.82|3.3961286745124362500820814393801209698E01|
 AAAAAAAAIAODAAAA|European, solid councils might oppose usually dull, busy indians; public, adequate drugs |Sports                                            |sailing                                           |40.11|286.52|3.48414429795440892851497043852160991495E00|
 AAAAAAAAPKCBAAAA|Growing, different minutes agree actually in accordance with a units. Necessary powers make even. Brown, high names would not say; sales must no|Sports                                            |sailing                                           |1.22|793.62|9.65058843271875615610795350907273509948E00|
 AAAAAAAACCAEAAAA|Top costs ask less real husbands. Cautious, other tactics catch. Talks will not steal now. Stages use; massive changes get even with the l|Sports                                            |tennis                                            |3.12|6289.63|8.75156883534673000448039895030653164247E01|
 AAAAAAAAINDEAAAA|Sexual, green processes enjoy so single, vast advisers. Recently c|Sports                                            |tennis                                            |2.61|897.23|1.24843116465326999551960104969346835753E01|